
*** Running vivado
    with args -log system_xbar_0.vds -m64 -product Vivado -mode batch -messageDb vivado.pb -notrace -source system_xbar_0.tcl


****** Vivado v2022.2 (64-bit)
  **** SW Build 3671981 on Fri Oct 14 04:59:54 MDT 2022
  **** IP Build 3669848 on Fri Oct 14 08:30:02 MDT 2022
    ** Copyright 1986-2022 Xilinx, Inc. All Rights Reserved.

source system_xbar_0.tcl -notrace
create_project: Time (s): cpu = 00:00:06 ; elapsed = 00:00:07 . Memory (MB): peak = 1278.305 ; gain = 0.023 ; free physical = 100 ; free virtual = 3138
INFO: [IP_Flow 19-234] Refreshing IP repositories
INFO: [IP_Flow 19-1700] Loaded user IP repository '/home/raincorn/pluto/plutosdr-fw/hdl/library'.
INFO: [IP_Flow 19-2313] Loaded Vivado IP repository '/tools/Xilinx/Vivado/2022.2/data/ip'.
INFO: [IP_Flow 19-6924] IPCACHE: Running cache check for IP inst: system_xbar_0
Command: synth_design -top system_xbar_0 -part xc7z010clg400-1 -incremental_mode off -mode out_of_context
Starting synth_design
Attempting to get a license for feature 'Synthesis' and/or device 'xc7z010'
INFO: [Common 17-349] Got license for feature 'Synthesis' and/or device 'xc7z010'
INFO: [Device 21-403] Loading part xc7z010clg400-1

*** Running vivado
    with args -log system_xbar_0.vds -m64 -product Vivado -mode batch -messageDb vivado.pb -notrace -source system_xbar_0.tcl


****** Vivado v2022.2 (64-bit)
  **** SW Build 3671981 on Fri Oct 14 04:59:54 MDT 2022
  **** IP Build 3669848 on Fri Oct 14 08:30:02 MDT 2022
    ** Copyright 1986-2022 Xilinx, Inc. All Rights Reserved.

source system_xbar_0.tcl -notrace
create_project: Time (s): cpu = 00:00:05 ; elapsed = 00:00:07 . Memory (MB): peak = 1321.602 ; gain = 0.023 ; free physical = 126 ; free virtual = 4120
INFO: [IP_Flow 19-234] Refreshing IP repositories
INFO: [IP_Flow 19-1700] Loaded user IP repository '/home/raincorn/pluto/plutosdr-fw/hdl/library'.
INFO: [IP_Flow 19-2313] Loaded Vivado IP repository '/tools/Xilinx/Vivado/2022.2/data/ip'.
INFO: [IP_Flow 19-6924] IPCACHE: Running cache check for IP inst: system_xbar_0
Command: synth_design -top system_xbar_0 -part xc7z010clg400-1 -incremental_mode off -mode out_of_context
Starting synth_design
Attempting to get a license for feature 'Synthesis' and/or device 'xc7z010'
INFO: [Common 17-349] Got license for feature 'Synthesis' and/or device 'xc7z010'
INFO: [Device 21-403] Loading part xc7z010clg400-1

*** Running vivado
    with args -log system_xbar_0.vds -m64 -product Vivado -mode batch -messageDb vivado.pb -notrace -source system_xbar_0.tcl


****** Vivado v2022.2 (64-bit)
  **** SW Build 3671981 on Fri Oct 14 04:59:54 MDT 2022
  **** IP Build 3669848 on Fri Oct 14 08:30:02 MDT 2022
    ** Copyright 1986-2022 Xilinx, Inc. All Rights Reserved.

source system_xbar_0.tcl -notrace
create_project: Time (s): cpu = 00:00:06 ; elapsed = 00:00:07 . Memory (MB): peak = 1323.301 ; gain = 0.023 ; free physical = 144 ; free virtual = 4535
INFO: [IP_Flow 19-234] Refreshing IP repositories
INFO: [IP_Flow 19-1700] Loaded user IP repository '/home/raincorn/pluto/plutosdr-fw/hdl/library'.
INFO: [IP_Flow 19-2313] Loaded Vivado IP repository '/tools/Xilinx/Vivado/2022.2/data/ip'.
INFO: [IP_Flow 19-6924] IPCACHE: Running cache check for IP inst: system_xbar_0
Command: synth_design -top system_xbar_0 -part xc7z010clg400-1 -incremental_mode off -mode out_of_context
Starting synth_design
Attempting to get a license for feature 'Synthesis' and/or device 'xc7z010'
INFO: [Common 17-349] Got license for feature 'Synthesis' and/or device 'xc7z010'
INFO: [Device 21-403] Loading part xc7z010clg400-1
INFO: [Synth 8-7079] Multithreading enabled for synth_design using a maximum of 4 processes.
INFO: [Synth 8-7078] Launching helper process for spawning children vivado processes
INFO: [Synth 8-7075] Helper process launched with PID 11658

*** Running vivado
    with args -log system_xbar_0.vds -m64 -product Vivado -mode batch -messageDb vivado.pb -notrace -source system_xbar_0.tcl


****** Vivado v2022.2 (64-bit)
  **** SW Build 3671981 on Fri Oct 14 04:59:54 MDT 2022
  **** IP Build 3669848 on Fri Oct 14 08:30:02 MDT 2022
    ** Copyright 1986-2022 Xilinx, Inc. All Rights Reserved.

source system_xbar_0.tcl -notrace
create_project: Time (s): cpu = 00:00:06 ; elapsed = 00:00:08 . Memory (MB): peak = 1320.301 ; gain = 0.023 ; free physical = 118 ; free virtual = 3017
INFO: [IP_Flow 19-234] Refreshing IP repositories
INFO: [IP_Flow 19-1700] Loaded user IP repository '/home/raincorn/pluto/plutosdr-fw/hdl/library'.
INFO: [IP_Flow 19-2313] Loaded Vivado IP repository '/tools/Xilinx/Vivado/2022.2/data/ip'.
INFO: [IP_Flow 19-6924] IPCACHE: Running cache check for IP inst: system_xbar_0
Command: synth_design -top system_xbar_0 -part xc7z010clg400-1 -incremental_mode off -mode out_of_context
Starting synth_design
Attempting to get a license for feature 'Synthesis' and/or device 'xc7z010'
INFO: [Common 17-349] Got license for feature 'Synthesis' and/or device 'xc7z010'
INFO: [Device 21-403] Loading part xc7z010clg400-1

*** Running vivado
    with args -log system_xbar_0.vds -m64 -product Vivado -mode batch -messageDb vivado.pb -notrace -source system_xbar_0.tcl


****** Vivado v2022.2 (64-bit)
  **** SW Build 3671981 on Fri Oct 14 04:59:54 MDT 2022
  **** IP Build 3669848 on Fri Oct 14 08:30:02 MDT 2022
    ** Copyright 1986-2022 Xilinx, Inc. All Rights Reserved.

source system_xbar_0.tcl -notrace
create_project: Time (s): cpu = 00:00:05 ; elapsed = 00:00:08 . Memory (MB): peak = 1332.445 ; gain = 60.508 ; free physical = 6705 ; free virtual = 12435
INFO: [IP_Flow 19-234] Refreshing IP repositories
INFO: [IP_Flow 19-1700] Loaded user IP repository '/home/raincorn/pluto/plutosdr-fw/hdl/library'.
INFO: [IP_Flow 19-2313] Loaded Vivado IP repository '/tools/Xilinx/Vivado/2022.2/data/ip'.
INFO: [IP_Flow 19-6924] IPCACHE: Running cache check for IP inst: system_xbar_0
Command: synth_design -top system_xbar_0 -part xc7z010clg400-1 -incremental_mode off -mode out_of_context
Starting synth_design
Attempting to get a license for feature 'Synthesis' and/or device 'xc7z010'
INFO: [Common 17-349] Got license for feature 'Synthesis' and/or device 'xc7z010'
INFO: [Device 21-403] Loading part xc7z010clg400-1
INFO: [Synth 8-7079] Multithreading enabled for synth_design using a maximum of 4 processes.
INFO: [Synth 8-7078] Launching helper process for spawning children vivado processes
INFO: [Synth 8-7075] Helper process launched with PID 4714

*** Running vivado
    with args -log system_xbar_0.vds -m64 -product Vivado -mode batch -messageDb vivado.pb -notrace -source system_xbar_0.tcl


****** Vivado v2022.2 (64-bit)
  **** SW Build 3671981 on Fri Oct 14 04:59:54 MDT 2022
  **** IP Build 3669848 on Fri Oct 14 08:30:02 MDT 2022
    ** Copyright 1986-2022 Xilinx, Inc. All Rights Reserved.

source system_xbar_0.tcl -notrace
INFO: [IP_Flow 19-234] Refreshing IP repositories
INFO: [IP_Flow 19-1700] Loaded user IP repository '/home/raincorn/pluto/plutosdr-fw/hdl/library'.
INFO: [IP_Flow 19-2313] Loaded Vivado IP repository '/tools/Xilinx/Vivado/2022.2/data/ip'.
INFO: [IP_Flow 19-6924] IPCACHE: Running cache check for IP inst: system_xbar_0
Command: synth_design -top system_xbar_0 -part xc7z010clg400-1 -incremental_mode off -mode out_of_context
Starting synth_design
Attempting to get a license for feature 'Synthesis' and/or device 'xc7z010'
INFO: [Common 17-349] Got license for feature 'Synthesis' and/or device 'xc7z010'
INFO: [Device 21-403] Loading part xc7z010clg400-1
INFO: [Synth 8-7079] Multithreading enabled for synth_design using a maximum of 4 processes.
INFO: [Synth 8-7078] Launching helper process for spawning children vivado processes
INFO: [Synth 8-7075] Helper process launched with PID 5526
INFO: [Synth 8-11241] undeclared symbol 'REGCCE', assumed default net type 'wire' [/tools/Xilinx/Vivado/2022.2/data/verilog/src/unimacro/BRAM_SINGLE_MACRO.v:2170]
---------------------------------------------------------------------------------
Starting RTL Elaboration : Time (s): cpu = 00:00:06 ; elapsed = 00:00:07 . Memory (MB): peak = 1956.828 ; gain = 370.801 ; free physical = 4282 ; free virtual = 10119
Synthesis current peak Physical Memory [PSS] (MB): peak = 1181.107; parent = 1049.304; children = 131.804
Synthesis current peak Virtual Memory [VSS] (MB): peak = 2977.539; parent = 1966.738; children = 1010.801
---------------------------------------------------------------------------------
INFO: [Synth 8-6157] synthesizing module 'system_xbar_0' [/home/raincorn/pluto/plutosdr-fw/hdl/projects/tjd/tjd.gen/sources_1/bd/system/ip/system_xbar_0/synth/system_xbar_0.v:53]
INFO: [Synth 8-6157] synthesizing module 'axi_crossbar_v2_1_28_axi_crossbar' [/home/raincorn/pluto/plutosdr-fw/hdl/projects/tjd/tjd.gen/sources_1/bd/system/ipshared/c40e/hdl/axi_crossbar_v2_1_vl_rfs.v:4883]
INFO: [Synth 8-6157] synthesizing module 'axi_crossbar_v2_1_28_crossbar_sasd' [/home/raincorn/pluto/plutosdr-fw/hdl/projects/tjd/tjd.gen/sources_1/bd/system/ipshared/c40e/hdl/axi_crossbar_v2_1_vl_rfs.v:1239]
INFO: [Synth 8-6157] synthesizing module 'axi_crossbar_v2_1_28_addr_decoder' [/home/raincorn/pluto/plutosdr-fw/hdl/projects/tjd/tjd.gen/sources_1/bd/system/ipshared/c40e/hdl/axi_crossbar_v2_1_vl_rfs.v:793]
INFO: [Synth 8-6157] synthesizing module 'generic_baseblocks_v2_1_0_comparator_static' [/home/raincorn/pluto/plutosdr-fw/hdl/projects/tjd/tjd.gen/sources_1/bd/system/ipshared/b752/hdl/generic_baseblocks_v2_1_vl_rfs.v:2132]
INFO: [Synth 8-6157] synthesizing module 'generic_baseblocks_v2_1_0_carry_and' [/home/raincorn/pluto/plutosdr-fw/hdl/projects/tjd/tjd.gen/sources_1/bd/system/ipshared/b752/hdl/generic_baseblocks_v2_1_vl_rfs.v:61]
INFO: [Synth 8-6155] done synthesizing module 'generic_baseblocks_v2_1_0_carry_and' (0#1) [/home/raincorn/pluto/plutosdr-fw/hdl/projects/tjd/tjd.gen/sources_1/bd/system/ipshared/b752/hdl/generic_baseblocks_v2_1_vl_rfs.v:61]
INFO: [Synth 8-6155] done synthesizing module 'generic_baseblocks_v2_1_0_comparator_static' (0#1) [/home/raincorn/pluto/plutosdr-fw/hdl/projects/tjd/tjd.gen/sources_1/bd/system/ipshared/b752/hdl/generic_baseblocks_v2_1_vl_rfs.v:2132]
INFO: [Synth 8-6157] synthesizing module 'generic_baseblocks_v2_1_0_comparator_static__parameterized0' [/home/raincorn/pluto/plutosdr-fw/hdl/projects/tjd/tjd.gen/sources_1/bd/system/ipshared/b752/hdl/generic_baseblocks_v2_1_vl_rfs.v:2132]
INFO: [Synth 8-6155] done synthesizing module 'generic_baseblocks_v2_1_0_comparator_static__parameterized0' (0#1) [/home/raincorn/pluto/plutosdr-fw/hdl/projects/tjd/tjd.gen/sources_1/bd/system/ipshared/b752/hdl/generic_baseblocks_v2_1_vl_rfs.v:2132]
INFO: [Synth 8-6157] synthesizing module 'generic_baseblocks_v2_1_0_comparator_static__parameterized1' [/home/raincorn/pluto/plutosdr-fw/hdl/projects/tjd/tjd.gen/sources_1/bd/system/ipshared/b752/hdl/generic_baseblocks_v2_1_vl_rfs.v:2132]
INFO: [Synth 8-6155] done synthesizing module 'generic_baseblocks_v2_1_0_comparator_static__parameterized1' (0#1) [/home/raincorn/pluto/plutosdr-fw/hdl/projects/tjd/tjd.gen/sources_1/bd/system/ipshared/b752/hdl/generic_baseblocks_v2_1_vl_rfs.v:2132]
INFO: [Synth 8-6157] synthesizing module 'generic_baseblocks_v2_1_0_comparator_static__parameterized2' [/home/raincorn/pluto/plutosdr-fw/hdl/projects/tjd/tjd.gen/sources_1/bd/system/ipshared/b752/hdl/generic_baseblocks_v2_1_vl_rfs.v:2132]
INFO: [Synth 8-6155] done synthesizing module 'generic_baseblocks_v2_1_0_comparator_static__parameterized2' (0#1) [/home/raincorn/pluto/plutosdr-fw/hdl/projects/tjd/tjd.gen/sources_1/bd/system/ipshared/b752/hdl/generic_baseblocks_v2_1_vl_rfs.v:2132]
INFO: [Synth 8-6157] synthesizing module 'generic_baseblocks_v2_1_0_comparator_static__parameterized3' [/home/raincorn/pluto/plutosdr-fw/hdl/projects/tjd/tjd.gen/sources_1/bd/system/ipshared/b752/hdl/generic_baseblocks_v2_1_vl_rfs.v:2132]
INFO: [Synth 8-6155] done synthesizing module 'generic_baseblocks_v2_1_0_comparator_static__parameterized3' (0#1) [/home/raincorn/pluto/plutosdr-fw/hdl/projects/tjd/tjd.gen/sources_1/bd/system/ipshared/b752/hdl/generic_baseblocks_v2_1_vl_rfs.v:2132]
INFO: [Synth 8-6157] synthesizing module 'generic_baseblocks_v2_1_0_comparator_static__parameterized4' [/home/raincorn/pluto/plutosdr-fw/hdl/projects/tjd/tjd.gen/sources_1/bd/system/ipshared/b752/hdl/generic_baseblocks_v2_1_vl_rfs.v:2132]
INFO: [Synth 8-6155] done synthesizing module 'generic_baseblocks_v2_1_0_comparator_static__parameterized4' (0#1) [/home/raincorn/pluto/plutosdr-fw/hdl/projects/tjd/tjd.gen/sources_1/bd/system/ipshared/b752/hdl/generic_baseblocks_v2_1_vl_rfs.v:2132]
INFO: [Synth 8-6155] done synthesizing module 'axi_crossbar_v2_1_28_addr_decoder' (0#1) [/home/raincorn/pluto/plutosdr-fw/hdl/projects/tjd/tjd.gen/sources_1/bd/system/ipshared/c40e/hdl/axi_crossbar_v2_1_vl_rfs.v:793]
INFO: [Synth 8-6157] synthesizing module 'axi_crossbar_v2_1_28_decerr_slave' [/home/raincorn/pluto/plutosdr-fw/hdl/projects/tjd/tjd.gen/sources_1/bd/system/ipshared/c40e/hdl/axi_crossbar_v2_1_vl_rfs.v:3500]
INFO: [Synth 8-6155] done synthesizing module 'axi_crossbar_v2_1_28_decerr_slave' (0#1) [/home/raincorn/pluto/plutosdr-fw/hdl/projects/tjd/tjd.gen/sources_1/bd/system/ipshared/c40e/hdl/axi_crossbar_v2_1_vl_rfs.v:3500]
INFO: [Synth 8-6157] synthesizing module 'axi_crossbar_v2_1_28_addr_arbiter_sasd' [/home/raincorn/pluto/plutosdr-fw/hdl/projects/tjd/tjd.gen/sources_1/bd/system/ipshared/c40e/hdl/axi_crossbar_v2_1_vl_rfs.v:64]
INFO: [Synth 8-6155] done synthesizing module 'axi_crossbar_v2_1_28_addr_arbiter_sasd' (0#1) [/home/raincorn/pluto/plutosdr-fw/hdl/projects/tjd/tjd.gen/sources_1/bd/system/ipshared/c40e/hdl/axi_crossbar_v2_1_vl_rfs.v:64]
INFO: [Synth 8-6157] synthesizing module 'axi_crossbar_v2_1_28_splitter' [/home/raincorn/pluto/plutosdr-fw/hdl/projects/tjd/tjd.gen/sources_1/bd/system/ipshared/c40e/hdl/axi_crossbar_v2_1_vl_rfs.v:4460]
INFO: [Synth 8-6155] done synthesizing module 'axi_crossbar_v2_1_28_splitter' (0#1) [/home/raincorn/pluto/plutosdr-fw/hdl/projects/tjd/tjd.gen/sources_1/bd/system/ipshared/c40e/hdl/axi_crossbar_v2_1_vl_rfs.v:4460]
INFO: [Synth 8-6157] synthesizing module 'axi_crossbar_v2_1_28_splitter__parameterized0' [/home/raincorn/pluto/plutosdr-fw/hdl/projects/tjd/tjd.gen/sources_1/bd/system/ipshared/c40e/hdl/axi_crossbar_v2_1_vl_rfs.v:4460]
INFO: [Synth 8-6155] done synthesizing module 'axi_crossbar_v2_1_28_splitter__parameterized0' (0#1) [/home/raincorn/pluto/plutosdr-fw/hdl/projects/tjd/tjd.gen/sources_1/bd/system/ipshared/c40e/hdl/axi_crossbar_v2_1_vl_rfs.v:4460]
INFO: [Synth 8-6157] synthesizing module 'generic_baseblocks_v2_1_0_mux_enc' [/home/raincorn/pluto/plutosdr-fw/hdl/projects/tjd/tjd.gen/sources_1/bd/system/ipshared/b752/hdl/generic_baseblocks_v2_1_vl_rfs.v:2451]
INFO: [Synth 8-6155] done synthesizing module 'generic_baseblocks_v2_1_0_mux_enc' (0#1) [/home/raincorn/pluto/plutosdr-fw/hdl/projects/tjd/tjd.gen/sources_1/bd/system/ipshared/b752/hdl/generic_baseblocks_v2_1_vl_rfs.v:2451]
INFO: [Synth 8-6157] synthesizing module 'generic_baseblocks_v2_1_0_mux_enc__parameterized0' [/home/raincorn/pluto/plutosdr-fw/hdl/projects/tjd/tjd.gen/sources_1/bd/system/ipshared/b752/hdl/generic_baseblocks_v2_1_vl_rfs.v:2451]
INFO: [Synth 8-6155] done synthesizing module 'generic_baseblocks_v2_1_0_mux_enc__parameterized0' (0#1) [/home/raincorn/pluto/plutosdr-fw/hdl/projects/tjd/tjd.gen/sources_1/bd/system/ipshared/b752/hdl/generic_baseblocks_v2_1_vl_rfs.v:2451]
INFO: [Synth 8-6157] synthesizing module 'generic_baseblocks_v2_1_0_mux_enc__parameterized1' [/home/raincorn/pluto/plutosdr-fw/hdl/projects/tjd/tjd.gen/sources_1/bd/system/ipshared/b752/hdl/generic_baseblocks_v2_1_vl_rfs.v:2451]
INFO: [Synth 8-6155] done synthesizing module 'generic_baseblocks_v2_1_0_mux_enc__parameterized1' (0#1) [/home/raincorn/pluto/plutosdr-fw/hdl/projects/tjd/tjd.gen/sources_1/bd/system/ipshared/b752/hdl/generic_baseblocks_v2_1_vl_rfs.v:2451]
INFO: [Synth 8-6157] synthesizing module 'axi_register_slice_v2_1_27_axic_register_slice' [/home/raincorn/pluto/plutosdr-fw/hdl/projects/tjd/tjd.gen/sources_1/bd/system/ipshared/f0b4/hdl/axi_register_slice_v2_1_vl_rfs.v:1497]
INFO: [Synth 8-6155] done synthesizing module 'axi_register_slice_v2_1_27_axic_register_slice' (0#1) [/home/raincorn/pluto/plutosdr-fw/hdl/projects/tjd/tjd.gen/sources_1/bd/system/ipshared/f0b4/hdl/axi_register_slice_v2_1_vl_rfs.v:1497]
INFO: [Synth 8-6157] synthesizing module 'generic_baseblocks_v2_1_0_mux_enc__parameterized2' [/home/raincorn/pluto/plutosdr-fw/hdl/projects/tjd/tjd.gen/sources_1/bd/system/ipshared/b752/hdl/generic_baseblocks_v2_1_vl_rfs.v:2451]
INFO: [Synth 8-6155] done synthesizing module 'generic_baseblocks_v2_1_0_mux_enc__parameterized2' (0#1) [/home/raincorn/pluto/plutosdr-fw/hdl/projects/tjd/tjd.gen/sources_1/bd/system/ipshared/b752/hdl/generic_baseblocks_v2_1_vl_rfs.v:2451]
INFO: [Synth 8-6155] done synthesizing module 'axi_crossbar_v2_1_28_crossbar_sasd' (0#1) [/home/raincorn/pluto/plutosdr-fw/hdl/projects/tjd/tjd.gen/sources_1/bd/system/ipshared/c40e/hdl/axi_crossbar_v2_1_vl_rfs.v:1239]
INFO: [Synth 8-6155] done synthesizing module 'axi_crossbar_v2_1_28_axi_crossbar' (0#1) [/home/raincorn/pluto/plutosdr-fw/hdl/projects/tjd/tjd.gen/sources_1/bd/system/ipshared/c40e/hdl/axi_crossbar_v2_1_vl_rfs.v:4883]
INFO: [Synth 8-6155] done synthesizing module 'system_xbar_0' (0#1) [/home/raincorn/pluto/plutosdr-fw/hdl/projects/tjd/tjd.gen/sources_1/bd/system/ip/system_xbar_0/synth/system_xbar_0.v:53]
WARNING: [Synth 8-6014] Unused sequential element gen_debug_trans_seq.debug_aw_trans_seq_i_reg was removed.  [/home/raincorn/pluto/plutosdr-fw/hdl/projects/tjd/tjd.gen/sources_1/bd/system/ipshared/c40e/hdl/axi_crossbar_v2_1_vl_rfs.v:2056]
WARNING: [Synth 8-6014] Unused sequential element gen_debug_trans_seq.debug_ar_trans_seq_i_reg was removed.  [/home/raincorn/pluto/plutosdr-fw/hdl/projects/tjd/tjd.gen/sources_1/bd/system/ipshared/c40e/hdl/axi_crossbar_v2_1_vl_rfs.v:2067]
WARNING: [Synth 8-6014] Unused sequential element gen_debug_trans_seq.debug_w_beat_cnt_i_reg was removed.  [/home/raincorn/pluto/plutosdr-fw/hdl/projects/tjd/tjd.gen/sources_1/bd/system/ipshared/c40e/hdl/axi_crossbar_v2_1_vl_rfs.v:2078]
WARNING: [Synth 8-6014] Unused sequential element gen_debug_trans_seq.debug_r_beat_cnt_i_reg was removed.  [/home/raincorn/pluto/plutosdr-fw/hdl/projects/tjd/tjd.gen/sources_1/bd/system/ipshared/c40e/hdl/axi_crossbar_v2_1_vl_rfs.v:2091]
WARNING: [Synth 8-7129] Port S[0] in module generic_baseblocks_v2_1_0_mux_enc__parameterized0 is either unconnected or has no load
WARNING: [Synth 8-7129] Port S_AXI_AWID[0] in module axi_crossbar_v2_1_28_decerr_slave is either unconnected or has no load
WARNING: [Synth 8-7129] Port S_AXI_WLAST in module axi_crossbar_v2_1_28_decerr_slave is either unconnected or has no load
WARNING: [Synth 8-7129] Port S_AXI_ARID[0] in module axi_crossbar_v2_1_28_decerr_slave is either unconnected or has no load
WARNING: [Synth 8-7129] Port S_AXI_ARLEN[7] in module axi_crossbar_v2_1_28_decerr_slave is either unconnected or has no load
WARNING: [Synth 8-7129] Port S_AXI_ARLEN[6] in module axi_crossbar_v2_1_28_decerr_slave is either unconnected or has no load
WARNING: [Synth 8-7129] Port S_AXI_ARLEN[5] in module axi_crossbar_v2_1_28_decerr_slave is either unconnected or has no load
WARNING: [Synth 8-7129] Port S_AXI_ARLEN[4] in module axi_crossbar_v2_1_28_decerr_slave is either unconnected or has no load
WARNING: [Synth 8-7129] Port S_AXI_ARLEN[3] in module axi_crossbar_v2_1_28_decerr_slave is either unconnected or has no load
WARNING: [Synth 8-7129] Port S_AXI_ARLEN[2] in module axi_crossbar_v2_1_28_decerr_slave is either unconnected or has no load
WARNING: [Synth 8-7129] Port S_AXI_ARLEN[1] in module axi_crossbar_v2_1_28_decerr_slave is either unconnected or has no load
WARNING: [Synth 8-7129] Port S_AXI_ARLEN[0] in module axi_crossbar_v2_1_28_decerr_slave is either unconnected or has no load
WARNING: [Synth 8-7129] Port ADDR[1] in module axi_crossbar_v2_1_28_addr_decoder is either unconnected or has no load
WARNING: [Synth 8-7129] Port ADDR[0] in module axi_crossbar_v2_1_28_addr_decoder is either unconnected or has no load
WARNING: [Synth 8-7129] Port S_AXI_AWID[0] in module axi_crossbar_v2_1_28_crossbar_sasd is either unconnected or has no load
WARNING: [Synth 8-7129] Port S_AXI_ARID[0] in module axi_crossbar_v2_1_28_crossbar_sasd is either unconnected or has no load
WARNING: [Synth 8-7129] Port M_AXI_BID[5] in module axi_crossbar_v2_1_28_crossbar_sasd is either unconnected or has no load
WARNING: [Synth 8-7129] Port M_AXI_BID[4] in module axi_crossbar_v2_1_28_crossbar_sasd is either unconnected or has no load
WARNING: [Synth 8-7129] Port M_AXI_BID[3] in module axi_crossbar_v2_1_28_crossbar_sasd is either unconnected or has no load
WARNING: [Synth 8-7129] Port M_AXI_BID[2] in module axi_crossbar_v2_1_28_crossbar_sasd is either unconnected or has no load
WARNING: [Synth 8-7129] Port M_AXI_BID[1] in module axi_crossbar_v2_1_28_crossbar_sasd is either unconnected or has no load
WARNING: [Synth 8-7129] Port M_AXI_BID[0] in module axi_crossbar_v2_1_28_crossbar_sasd is either unconnected or has no load
WARNING: [Synth 8-7129] Port M_AXI_RID[5] in module axi_crossbar_v2_1_28_crossbar_sasd is either unconnected or has no load
WARNING: [Synth 8-7129] Port M_AXI_RID[4] in module axi_crossbar_v2_1_28_crossbar_sasd is either unconnected or has no load
WARNING: [Synth 8-7129] Port M_AXI_RID[3] in module axi_crossbar_v2_1_28_crossbar_sasd is either unconnected or has no load
WARNING: [Synth 8-7129] Port M_AXI_RID[2] in module axi_crossbar_v2_1_28_crossbar_sasd is either unconnected or has no load
WARNING: [Synth 8-7129] Port M_AXI_RID[1] in module axi_crossbar_v2_1_28_crossbar_sasd is either unconnected or has no load
WARNING: [Synth 8-7129] Port M_AXI_RID[0] in module axi_crossbar_v2_1_28_crossbar_sasd is either unconnected or has no load
WARNING: [Synth 8-7129] Port s_axi_awid[0] in module axi_crossbar_v2_1_28_axi_crossbar is either unconnected or has no load
WARNING: [Synth 8-7129] Port s_axi_awlen[7] in module axi_crossbar_v2_1_28_axi_crossbar is either unconnected or has no load
WARNING: [Synth 8-7129] Port s_axi_awlen[6] in module axi_crossbar_v2_1_28_axi_crossbar is either unconnected or has no load
WARNING: [Synth 8-7129] Port s_axi_awlen[5] in module axi_crossbar_v2_1_28_axi_crossbar is either unconnected or has no load
WARNING: [Synth 8-7129] Port s_axi_awlen[4] in module axi_crossbar_v2_1_28_axi_crossbar is either unconnected or has no load
WARNING: [Synth 8-7129] Port s_axi_awlen[3] in module axi_crossbar_v2_1_28_axi_crossbar is either unconnected or has no load
WARNING: [Synth 8-7129] Port s_axi_awlen[2] in module axi_crossbar_v2_1_28_axi_crossbar is either unconnected or has no load
WARNING: [Synth 8-7129] Port s_axi_awlen[1] in module axi_crossbar_v2_1_28_axi_crossbar is either unconnected or has no load
WARNING: [Synth 8-7129] Port s_axi_awlen[0] in module axi_crossbar_v2_1_28_axi_crossbar is either unconnected or has no load
WARNING: [Synth 8-7129] Port s_axi_awsize[2] in module axi_crossbar_v2_1_28_axi_crossbar is either unconnected or has no load
WARNING: [Synth 8-7129] Port s_axi_awsize[1] in module axi_crossbar_v2_1_28_axi_crossbar is either unconnected or has no load
WARNING: [Synth 8-7129] Port s_axi_awsize[0] in module axi_crossbar_v2_1_28_axi_crossbar is either unconnected or has no load
WARNING: [Synth 8-7129] Port s_axi_awburst[1] in module axi_crossbar_v2_1_28_axi_crossbar is either unconnected or has no load
WARNING: [Synth 8-7129] Port s_axi_awburst[0] in module axi_crossbar_v2_1_28_axi_crossbar is either unconnected or has no load
WARNING: [Synth 8-7129] Port s_axi_awlock[0] in module axi_crossbar_v2_1_28_axi_crossbar is either unconnected or has no load
WARNING: [Synth 8-7129] Port s_axi_awcache[3] in module axi_crossbar_v2_1_28_axi_crossbar is either unconnected or has no load
WARNING: [Synth 8-7129] Port s_axi_awcache[2] in module axi_crossbar_v2_1_28_axi_crossbar is either unconnected or has no load
WARNING: [Synth 8-7129] Port s_axi_awcache[1] in module axi_crossbar_v2_1_28_axi_crossbar is either unconnected or has no load
WARNING: [Synth 8-7129] Port s_axi_awcache[0] in module axi_crossbar_v2_1_28_axi_crossbar is either unconnected or has no load
WARNING: [Synth 8-7129] Port s_axi_awqos[3] in module axi_crossbar_v2_1_28_axi_crossbar is either unconnected or has no load
WARNING: [Synth 8-7129] Port s_axi_awqos[2] in module axi_crossbar_v2_1_28_axi_crossbar is either unconnected or has no load
WARNING: [Synth 8-7129] Port s_axi_awqos[1] in module axi_crossbar_v2_1_28_axi_crossbar is either unconnected or has no load
WARNING: [Synth 8-7129] Port s_axi_awqos[0] in module axi_crossbar_v2_1_28_axi_crossbar is either unconnected or has no load
WARNING: [Synth 8-7129] Port s_axi_awuser[0] in module axi_crossbar_v2_1_28_axi_crossbar is either unconnected or has no load
WARNING: [Synth 8-7129] Port s_axi_wid[0] in module axi_crossbar_v2_1_28_axi_crossbar is either unconnected or has no load
WARNING: [Synth 8-7129] Port s_axi_wlast[0] in module axi_crossbar_v2_1_28_axi_crossbar is either unconnected or has no load
WARNING: [Synth 8-7129] Port s_axi_wuser[0] in module axi_crossbar_v2_1_28_axi_crossbar is either unconnected or has no load
WARNING: [Synth 8-7129] Port s_axi_arid[0] in module axi_crossbar_v2_1_28_axi_crossbar is either unconnected or has no load
WARNING: [Synth 8-7129] Port s_axi_arlen[7] in module axi_crossbar_v2_1_28_axi_crossbar is either unconnected or has no load
WARNING: [Synth 8-7129] Port s_axi_arlen[6] in module axi_crossbar_v2_1_28_axi_crossbar is either unconnected or has no load
WARNING: [Synth 8-7129] Port s_axi_arlen[5] in module axi_crossbar_v2_1_28_axi_crossbar is either unconnected or has no load
WARNING: [Synth 8-7129] Port s_axi_arlen[4] in module axi_crossbar_v2_1_28_axi_crossbar is either unconnected or has no load
WARNING: [Synth 8-7129] Port s_axi_arlen[3] in module axi_crossbar_v2_1_28_axi_crossbar is either unconnected or has no load
WARNING: [Synth 8-7129] Port s_axi_arlen[2] in module axi_crossbar_v2_1_28_axi_crossbar is either unconnected or has no load
WARNING: [Synth 8-7129] Port s_axi_arlen[1] in module axi_crossbar_v2_1_28_axi_crossbar is either unconnected or has no load
WARNING: [Synth 8-7129] Port s_axi_arlen[0] in module axi_crossbar_v2_1_28_axi_crossbar is either unconnected or has no load
WARNING: [Synth 8-7129] Port s_axi_arsize[2] in module axi_crossbar_v2_1_28_axi_crossbar is either unconnected or has no load
WARNING: [Synth 8-7129] Port s_axi_arsize[1] in module axi_crossbar_v2_1_28_axi_crossbar is either unconnected or has no load
WARNING: [Synth 8-7129] Port s_axi_arsize[0] in module axi_crossbar_v2_1_28_axi_crossbar is either unconnected or has no load
WARNING: [Synth 8-7129] Port s_axi_arburst[1] in module axi_crossbar_v2_1_28_axi_crossbar is either unconnected or has no load
WARNING: [Synth 8-7129] Port s_axi_arburst[0] in module axi_crossbar_v2_1_28_axi_crossbar is either unconnected or has no load
WARNING: [Synth 8-7129] Port s_axi_arlock[0] in module axi_crossbar_v2_1_28_axi_crossbar is either unconnected or has no load
WARNING: [Synth 8-7129] Port s_axi_arcache[3] in module axi_crossbar_v2_1_28_axi_crossbar is either unconnected or has no load
WARNING: [Synth 8-7129] Port s_axi_arcache[2] in module axi_crossbar_v2_1_28_axi_crossbar is either unconnected or has no load
WARNING: [Synth 8-7129] Port s_axi_arcache[1] in module axi_crossbar_v2_1_28_axi_crossbar is either unconnected or has no load
WARNING: [Synth 8-7129] Port s_axi_arcache[0] in module axi_crossbar_v2_1_28_axi_crossbar is either unconnected or has no load
WARNING: [Synth 8-7129] Port s_axi_arqos[3] in module axi_crossbar_v2_1_28_axi_crossbar is either unconnected or has no load
WARNING: [Synth 8-7129] Port s_axi_arqos[2] in module axi_crossbar_v2_1_28_axi_crossbar is either unconnected or has no load
WARNING: [Synth 8-7129] Port s_axi_arqos[1] in module axi_crossbar_v2_1_28_axi_crossbar is either unconnected or has no load
WARNING: [Synth 8-7129] Port s_axi_arqos[0] in module axi_crossbar_v2_1_28_axi_crossbar is either unconnected or has no load
WARNING: [Synth 8-7129] Port s_axi_aruser[0] in module axi_crossbar_v2_1_28_axi_crossbar is either unconnected or has no load
WARNING: [Synth 8-7129] Port m_axi_bid[5] in module axi_crossbar_v2_1_28_axi_crossbar is either unconnected or has no load
WARNING: [Synth 8-7129] Port m_axi_bid[4] in module axi_crossbar_v2_1_28_axi_crossbar is either unconnected or has no load
WARNING: [Synth 8-7129] Port m_axi_bid[3] in module axi_crossbar_v2_1_28_axi_crossbar is either unconnected or has no load
WARNING: [Synth 8-7129] Port m_axi_bid[2] in module axi_crossbar_v2_1_28_axi_crossbar is either unconnected or has no load
WARNING: [Synth 8-7129] Port m_axi_bid[1] in module axi_crossbar_v2_1_28_axi_crossbar is either unconnected or has no load
WARNING: [Synth 8-7129] Port m_axi_bid[0] in module axi_crossbar_v2_1_28_axi_crossbar is either unconnected or has no load
WARNING: [Synth 8-7129] Port m_axi_buser[5] in module axi_crossbar_v2_1_28_axi_crossbar is either unconnected or has no load
WARNING: [Synth 8-7129] Port m_axi_buser[4] in module axi_crossbar_v2_1_28_axi_crossbar is either unconnected or has no load
WARNING: [Synth 8-7129] Port m_axi_buser[3] in module axi_crossbar_v2_1_28_axi_crossbar is either unconnected or has no load
WARNING: [Synth 8-7129] Port m_axi_buser[2] in module axi_crossbar_v2_1_28_axi_crossbar is either unconnected or has no load
WARNING: [Synth 8-7129] Port m_axi_buser[1] in module axi_crossbar_v2_1_28_axi_crossbar is either unconnected or has no load
WARNING: [Synth 8-7129] Port m_axi_buser[0] in module axi_crossbar_v2_1_28_axi_crossbar is either unconnected or has no load
WARNING: [Synth 8-7129] Port m_axi_rid[5] in module axi_crossbar_v2_1_28_axi_crossbar is either unconnected or has no load
WARNING: [Synth 8-7129] Port m_axi_rid[4] in module axi_crossbar_v2_1_28_axi_crossbar is either unconnected or has no load
WARNING: [Synth 8-7129] Port m_axi_rid[3] in module axi_crossbar_v2_1_28_axi_crossbar is either unconnected or has no load
WARNING: [Synth 8-7129] Port m_axi_rid[2] in module axi_crossbar_v2_1_28_axi_crossbar is either unconnected or has no load
WARNING: [Synth 8-7129] Port m_axi_rid[1] in module axi_crossbar_v2_1_28_axi_crossbar is either unconnected or has no load
WARNING: [Synth 8-7129] Port m_axi_rid[0] in module axi_crossbar_v2_1_28_axi_crossbar is either unconnected or has no load
WARNING: [Synth 8-7129] Port m_axi_rlast[5] in module axi_crossbar_v2_1_28_axi_crossbar is either unconnected or has no load
WARNING: [Synth 8-7129] Port m_axi_rlast[4] in module axi_crossbar_v2_1_28_axi_crossbar is either unconnected or has no load
WARNING: [Synth 8-7129] Port m_axi_rlast[3] in module axi_crossbar_v2_1_28_axi_crossbar is either unconnected or has no load
INFO: [Common 17-14] Message 'Synth 8-7129' appears 100 times and further instances of the messages will be disabled. Use the Tcl command set_msg_config to change the current settings.
---------------------------------------------------------------------------------
Finished RTL Elaboration : Time (s): cpu = 00:00:10 ; elapsed = 00:00:13 . Memory (MB): peak = 2137.703 ; gain = 551.676 ; free physical = 3285 ; free virtual = 9124
Synthesis current peak Physical Memory [PSS] (MB): peak = 1300.075; parent = 1168.734; children = 131.804
Synthesis current peak Virtual Memory [VSS] (MB): peak = 3148.508; parent = 2137.707; children = 1010.801
---------------------------------------------------------------------------------
---------------------------------------------------------------------------------
Start Handling Custom Attributes
---------------------------------------------------------------------------------
---------------------------------------------------------------------------------
Finished Handling Custom Attributes : Time (s): cpu = 00:00:10 ; elapsed = 00:00:13 . Memory (MB): peak = 2152.547 ; gain = 566.520 ; free physical = 3208 ; free virtual = 9048
Synthesis current peak Physical Memory [PSS] (MB): peak = 1300.075; parent = 1168.734; children = 131.804
Synthesis current peak Virtual Memory [VSS] (MB): peak = 3163.352; parent = 2152.551; children = 1010.801
---------------------------------------------------------------------------------
---------------------------------------------------------------------------------
Finished RTL Optimization Phase 1 : Time (s): cpu = 00:00:10 ; elapsed = 00:00:13 . Memory (MB): peak = 2152.547 ; gain = 566.520 ; free physical = 3181 ; free virtual = 9020
Synthesis current peak Physical Memory [PSS] (MB): peak = 1300.075; parent = 1168.734; children = 131.804
Synthesis current peak Virtual Memory [VSS] (MB): peak = 3163.352; parent = 2152.551; children = 1010.801
---------------------------------------------------------------------------------
Netlist sorting complete. Time (s): cpu = 00:00:00.02 ; elapsed = 00:00:00.01 . Memory (MB): peak = 2152.547 ; gain = 0.000 ; free physical = 3090 ; free virtual = 8930
INFO: [Project 1-570] Preparing netlist for logic optimization

Processing XDC Constraints
Initializing timing engine
Parsing XDC File [/home/raincorn/pluto/plutosdr-fw/hdl/projects/tjd/tjd.gen/sources_1/bd/system/ip/system_xbar_0/system_xbar_0_ooc.xdc] for cell 'inst'
Finished Parsing XDC File [/home/raincorn/pluto/plutosdr-fw/hdl/projects/tjd/tjd.gen/sources_1/bd/system/ip/system_xbar_0/system_xbar_0_ooc.xdc] for cell 'inst'
Parsing XDC File [/home/raincorn/pluto/plutosdr-fw/hdl/projects/tjd/tjd.runs/system_xbar_0_synth_1/dont_touch.xdc]
Finished Parsing XDC File [/home/raincorn/pluto/plutosdr-fw/hdl/projects/tjd/tjd.runs/system_xbar_0_synth_1/dont_touch.xdc]
Completed Processing XDC Constraints

Netlist sorting complete. Time (s): cpu = 00:00:00 ; elapsed = 00:00:00 . Memory (MB): peak = 2282.297 ; gain = 0.000 ; free physical = 3148 ; free virtual = 8994
INFO: [Project 1-111] Unisim Transformation Summary:
No Unisim elements were transformed.

Constraint Validation Runtime : Time (s): cpu = 00:00:00.03 ; elapsed = 00:00:00.04 . Memory (MB): peak = 2282.297 ; gain = 0.000 ; free physical = 3140 ; free virtual = 8988
INFO: [Designutils 20-5008] Incremental synthesis strategy off
INFO: [Synth 8-11241] undeclared symbol 'REGCCE', assumed default net type 'wire' [/tools/Xilinx/Vivado/2022.2/data/verilog/src/unimacro/BRAM_SINGLE_MACRO.v:2170]
---------------------------------------------------------------------------------
Finished Constraint Validation : Time (s): cpu = 00:00:17 ; elapsed = 00:00:21 . Memory (MB): peak = 2282.297 ; gain = 696.270 ; free physical = 2700 ; free virtual = 8560
Synthesis current peak Physical Memory [PSS] (MB): peak = 1300.075; parent = 1168.734; children = 131.804
Synthesis current peak Virtual Memory [VSS] (MB): peak = 3261.086; parent = 2250.285; children = 1010.801
---------------------------------------------------------------------------------
---------------------------------------------------------------------------------
Start Loading Part and Timing Information
---------------------------------------------------------------------------------
Loading part: xc7z010clg400-1
---------------------------------------------------------------------------------
Finished Loading Part and Timing Information : Time (s): cpu = 00:00:17 ; elapsed = 00:00:21 . Memory (MB): peak = 2282.297 ; gain = 696.270 ; free physical = 2678 ; free virtual = 8538
Synthesis current peak Physical Memory [PSS] (MB): peak = 1300.075; parent = 1168.734; children = 131.804
Synthesis current peak Virtual Memory [VSS] (MB): peak = 3261.086; parent = 2250.285; children = 1010.801
---------------------------------------------------------------------------------
---------------------------------------------------------------------------------
Start Applying 'set_property' XDC Constraints
---------------------------------------------------------------------------------
Applied set_property KEEP_HIERARCHY = SOFT for inst. (constraint file  /home/raincorn/pluto/plutosdr-fw/hdl/projects/tjd/tjd.runs/system_xbar_0_synth_1/dont_touch.xdc, line 9).
---------------------------------------------------------------------------------
Finished applying 'set_property' XDC Constraints : Time (s): cpu = 00:00:17 ; elapsed = 00:00:21 . Memory (MB): peak = 2282.297 ; gain = 696.270 ; free physical = 2688 ; free virtual = 8548
Synthesis current peak Physical Memory [PSS] (MB): peak = 1300.075; parent = 1168.734; children = 131.804
Synthesis current peak Virtual Memory [VSS] (MB): peak = 3261.086; parent = 2250.285; children = 1010.801
---------------------------------------------------------------------------------
---------------------------------------------------------------------------------
Finished RTL Optimization Phase 2 : Time (s): cpu = 00:00:17 ; elapsed = 00:00:21 . Memory (MB): peak = 2282.297 ; gain = 696.270 ; free physical = 2616 ; free virtual = 8481
Synthesis current peak Physical Memory [PSS] (MB): peak = 1300.075; parent = 1168.734; children = 131.804
Synthesis current peak Virtual Memory [VSS] (MB): peak = 3261.086; parent = 2250.285; children = 1010.801
---------------------------------------------------------------------------------
---------------------------------------------------------------------------------
Start RTL Component Statistics 
---------------------------------------------------------------------------------
Detailed RTL Component Info : 
+---Registers : 
	               64 Bit    Registers := 1     
	               36 Bit    Registers := 2     
	                7 Bit    Registers := 1     
	                3 Bit    Registers := 2     
	                2 Bit    Registers := 2     
	                1 Bit    Registers := 14    
+---Muxes : 
	   2 Input   64 Bit        Muxes := 1     
	   2 Input   36 Bit        Muxes := 2     
	   2 Input    7 Bit        Muxes := 1     
	   2 Input    6 Bit        Muxes := 1     
	   2 Input    3 Bit        Muxes := 2     
	   2 Input    1 Bit        Muxes := 57    
---------------------------------------------------------------------------------
Finished RTL Component Statistics 
---------------------------------------------------------------------------------
---------------------------------------------------------------------------------
Start Part Resource Summary
---------------------------------------------------------------------------------
Part Resources:
DSPs: 80 (col length:40)
BRAMs: 120 (col length: RAMB18 40 RAMB36 20)
---------------------------------------------------------------------------------
Finished Part Resource Summary
---------------------------------------------------------------------------------
---------------------------------------------------------------------------------
Start Cross Boundary and Area Optimization
---------------------------------------------------------------------------------
WARNING: [Synth 8-7080] Parallel synthesis criteria is not met
INFO: [Synth 8-3936] Found unconnected internal register 'gen_sasd.crossbar_sasd_0/reg_slice_r/m_payload_i_reg' and it is trimmed from '36' to '35' bits. [/home/raincorn/pluto/plutosdr-fw/hdl/projects/tjd/tjd.gen/sources_1/bd/system/ipshared/f0b4/hdl/axi_register_slice_v2_1_vl_rfs.v:1731]
---------------------------------------------------------------------------------
Finished Cross Boundary and Area Optimization : Time (s): cpu = 00:00:20 ; elapsed = 00:00:24 . Memory (MB): peak = 2282.297 ; gain = 696.270 ; free physical = 2535 ; free virtual = 8406
Synthesis current peak Physical Memory [PSS] (MB): peak = 1300.075; parent = 1168.734; children = 131.804
Synthesis current peak Virtual Memory [VSS] (MB): peak = 3261.086; parent = 2250.285; children = 1010.801
---------------------------------------------------------------------------------
---------------------------------------------------------------------------------
Start Applying XDC Timing Constraints
---------------------------------------------------------------------------------
---------------------------------------------------------------------------------
Finished Applying XDC Timing Constraints : Time (s): cpu = 00:00:23 ; elapsed = 00:00:28 . Memory (MB): peak = 2282.297 ; gain = 696.270 ; free physical = 2420 ; free virtual = 8302
Synthesis current peak Physical Memory [PSS] (MB): peak = 1300.075; parent = 1168.734; children = 131.804
Synthesis current peak Virtual Memory [VSS] (MB): peak = 3261.086; parent = 2250.285; children = 1010.801
---------------------------------------------------------------------------------
---------------------------------------------------------------------------------
Start Timing Optimization
---------------------------------------------------------------------------------
---------------------------------------------------------------------------------
Finished Timing Optimization : Time (s): cpu = 00:00:24 ; elapsed = 00:00:29 . Memory (MB): peak = 2282.297 ; gain = 696.270 ; free physical = 2289 ; free virtual = 8171
Synthesis current peak Physical Memory [PSS] (MB): peak = 1300.075; parent = 1168.734; children = 131.804
Synthesis current peak Virtual Memory [VSS] (MB): peak = 3261.086; parent = 2250.285; children = 1010.801
---------------------------------------------------------------------------------
---------------------------------------------------------------------------------
Start Technology Mapping
---------------------------------------------------------------------------------
---------------------------------------------------------------------------------
Finished Technology Mapping : Time (s): cpu = 00:00:24 ; elapsed = 00:00:29 . Memory (MB): peak = 2282.297 ; gain = 696.270 ; free physical = 2262 ; free virtual = 8144
Synthesis current peak Physical Memory [PSS] (MB): peak = 1300.075; parent = 1168.734; children = 131.804
Synthesis current peak Virtual Memory [VSS] (MB): peak = 3261.086; parent = 2250.285; children = 1010.801
---------------------------------------------------------------------------------
---------------------------------------------------------------------------------
Start IO Insertion
---------------------------------------------------------------------------------
---------------------------------------------------------------------------------
Start Flattening Before IO Insertion
---------------------------------------------------------------------------------
---------------------------------------------------------------------------------
Finished Flattening Before IO Insertion
---------------------------------------------------------------------------------
---------------------------------------------------------------------------------
Start Final Netlist Cleanup
---------------------------------------------------------------------------------
---------------------------------------------------------------------------------
Finished Final Netlist Cleanup
---------------------------------------------------------------------------------
---------------------------------------------------------------------------------
Finished IO Insertion : Time (s): cpu = 00:00:28 ; elapsed = 00:00:33 . Memory (MB): peak = 2282.297 ; gain = 696.270 ; free physical = 2324 ; free virtual = 8202
Synthesis current peak Physical Memory [PSS] (MB): peak = 1300.075; parent = 1168.734; children = 131.804
Synthesis current peak Virtual Memory [VSS] (MB): peak = 3261.086; parent = 2250.285; children = 1010.801
---------------------------------------------------------------------------------
---------------------------------------------------------------------------------
Start Renaming Generated Instances
---------------------------------------------------------------------------------
---------------------------------------------------------------------------------
Finished Renaming Generated Instances : Time (s): cpu = 00:00:28 ; elapsed = 00:00:33 . Memory (MB): peak = 2282.297 ; gain = 696.270 ; free physical = 2374 ; free virtual = 8251
Synthesis current peak Physical Memory [PSS] (MB): peak = 1300.075; parent = 1168.734; children = 131.804
Synthesis current peak Virtual Memory [VSS] (MB): peak = 3261.086; parent = 2250.285; children = 1010.801
---------------------------------------------------------------------------------
---------------------------------------------------------------------------------
Start Rebuilding User Hierarchy
---------------------------------------------------------------------------------
---------------------------------------------------------------------------------
Finished Rebuilding User Hierarchy : Time (s): cpu = 00:00:28 ; elapsed = 00:00:33 . Memory (MB): peak = 2282.297 ; gain = 696.270 ; free physical = 2377 ; free virtual = 8254
Synthesis current peak Physical Memory [PSS] (MB): peak = 1300.075; parent = 1168.734; children = 131.804
Synthesis current peak Virtual Memory [VSS] (MB): peak = 3261.086; parent = 2250.285; children = 1010.801
---------------------------------------------------------------------------------
---------------------------------------------------------------------------------
Start Renaming Generated Ports
---------------------------------------------------------------------------------
---------------------------------------------------------------------------------
Finished Renaming Generated Ports : Time (s): cpu = 00:00:28 ; elapsed = 00:00:33 . Memory (MB): peak = 2282.297 ; gain = 696.270 ; free physical = 2361 ; free virtual = 8239
Synthesis current peak Physical Memory [PSS] (MB): peak = 1300.075; parent = 1168.734; children = 131.804
Synthesis current peak Virtual Memory [VSS] (MB): peak = 3261.086; parent = 2250.285; children = 1010.801
---------------------------------------------------------------------------------
---------------------------------------------------------------------------------
Start Handling Custom Attributes
---------------------------------------------------------------------------------
---------------------------------------------------------------------------------
Finished Handling Custom Attributes : Time (s): cpu = 00:00:28 ; elapsed = 00:00:33 . Memory (MB): peak = 2282.297 ; gain = 696.270 ; free physical = 2356 ; free virtual = 8234
Synthesis current peak Physical Memory [PSS] (MB): peak = 1300.075; parent = 1168.734; children = 131.804
Synthesis current peak Virtual Memory [VSS] (MB): peak = 3261.086; parent = 2250.285; children = 1010.801
---------------------------------------------------------------------------------
---------------------------------------------------------------------------------
Start Renaming Generated Nets
---------------------------------------------------------------------------------
---------------------------------------------------------------------------------
Finished Renaming Generated Nets : Time (s): cpu = 00:00:28 ; elapsed = 00:00:34 . Memory (MB): peak = 2282.297 ; gain = 696.270 ; free physical = 2343 ; free virtual = 8221
Synthesis current peak Physical Memory [PSS] (MB): peak = 1300.075; parent = 1168.734; children = 131.804
Synthesis current peak Virtual Memory [VSS] (MB): peak = 3261.086; parent = 2250.285; children = 1010.801
---------------------------------------------------------------------------------
---------------------------------------------------------------------------------
Start Writing Synthesis Report
---------------------------------------------------------------------------------

Report BlackBoxes: 
+-+--------------+----------+
| |BlackBox name |Instances |
+-+--------------+----------+
+-+--------------+----------+

Report Cell Usage: 
+------+-----+------+
|      |Cell |Count |
+------+-----+------+
|1     |LUT1 |     1|
|2     |LUT2 |    17|
|3     |LUT3 |    28|
|4     |LUT4 |    51|
|5     |LUT5 |   110|
|6     |LUT6 |    88|
|7     |FDRE |   135|
+------+-----+------+
---------------------------------------------------------------------------------
Finished Writing Synthesis Report : Time (s): cpu = 00:00:28 ; elapsed = 00:00:34 . Memory (MB): peak = 2282.297 ; gain = 696.270 ; free physical = 2352 ; free virtual = 8233
Synthesis current peak Physical Memory [PSS] (MB): peak = 1300.075; parent = 1168.734; children = 131.804
Synthesis current peak Virtual Memory [VSS] (MB): peak = 3261.086; parent = 2250.285; children = 1010.801
---------------------------------------------------------------------------------
Synthesis finished with 0 errors, 0 critical warnings and 82 warnings.
Synthesis Optimization Runtime : Time (s): cpu = 00:00:26 ; elapsed = 00:00:32 . Memory (MB): peak = 2282.297 ; gain = 566.520 ; free physical = 2398 ; free virtual = 8276
Synthesis Optimization Complete : Time (s): cpu = 00:00:28 ; elapsed = 00:00:34 . Memory (MB): peak = 2282.297 ; gain = 696.270 ; free physical = 2392 ; free virtual = 8274
INFO: [Project 1-571] Translating synthesized netlist
Netlist sorting complete. Time (s): cpu = 00:00:00.01 ; elapsed = 00:00:00.01 . Memory (MB): peak = 2282.297 ; gain = 0.000 ; free physical = 2506 ; free virtual = 8385
INFO: [Project 1-570] Preparing netlist for logic optimization
INFO: [Opt 31-138] Pushed 0 inverter(s) to 0 load pin(s).
Netlist sorting complete. Time (s): cpu = 00:00:00 ; elapsed = 00:00:00 . Memory (MB): peak = 2282.297 ; gain = 0.000 ; free physical = 2442 ; free virtual = 8322
INFO: [Project 1-111] Unisim Transformation Summary:
No Unisim elements were transformed.

Synth Design complete, checksum: 22b14647
INFO: [Common 17-83] Releasing license: Synthesis
61 Infos, 105 Warnings, 0 Critical Warnings and 0 Errors encountered.
synth_design completed successfully
synth_design: Time (s): cpu = 00:00:36 ; elapsed = 00:00:39 . Memory (MB): peak = 2282.297 ; gain = 1003.668 ; free physical = 2636 ; free virtual = 8515
INFO: [Common 17-1381] The checkpoint '/home/raincorn/pluto/plutosdr-fw/hdl/projects/tjd/tjd.runs/system_xbar_0_synth_1/system_xbar_0.dcp' has been generated.
INFO: [Coretcl 2-1648] Added synthesis output to IP cache for IP system_xbar_0, cache-ID = 4d2b04ea4af39b4e
INFO: [Coretcl 2-1174] Renamed 7 cell refs.
INFO: [Common 17-1381] The checkpoint '/home/raincorn/pluto/plutosdr-fw/hdl/projects/tjd/tjd.runs/system_xbar_0_synth_1/system_xbar_0.dcp' has been generated.
INFO: [runtcl-4] Executing : report_utilization -file system_xbar_0_utilization_synth.rpt -pb system_xbar_0_utilization_synth.pb
INFO: [Common 17-206] Exiting Vivado at Wed Feb  7 20:10:12 2024...
