#-----------------------------------------------------------
# Vivado v2022.2 (64-bit)
# SW Build 3671981 on Fri Oct 14 04:59:54 MDT 2022
# IP Build 3669848 on Fri Oct 14 08:30:02 MDT 2022
# Start of session at: Wed Feb  7 18:16:32 2024
# Process ID: 1045783
# Current directory: /home/raincorn/pluto/plutosdr-fw/hdl/projects/tjd
# Command line: vivado tjd.xpr
# Log file: /home/raincorn/pluto/plutosdr-fw/hdl/projects/tjd/vivado.log
# Journal file: /home/raincorn/pluto/plutosdr-fw/hdl/projects/tjd/vivado.jou
# Running On: ubuntu, OS: Linux, CPU Frequency: 3792.876 MHz, CPU Physical cores: 16, Host memory: 8280 MB
#-----------------------------------------------------------
start_gui
open_project tjd.xpr
WARNING: [Board 49-26] cannot add Board Part xilinx.com:kcu105:part0:1.6 available at /tools/Xilinx/Vivado/2022.2/data/xhub/boards/XilinxBoardStore/boards/Xilinx/kcu105/1.6/board.xml as part xcku040-ffva1156-2-e specified in board_part file is either invalid or not available
WARNING: [Board 49-26] cannot add Board Part xilinx.com:kcu105:part0:1.7 available at /tools/Xilinx/Vivado/2022.2/data/xhub/boards/XilinxBoardStore/boards/Xilinx/kcu105/1.7/board.xml as part xcku040-ffva1156-2-e specified in board_part file is either invalid or not available
WARNING: [Board 49-26] cannot add Board Part xilinx.com:kcu116:part0:1.4 available at /tools/Xilinx/Vivado/2022.2/data/xhub/boards/XilinxBoardStore/boards/Xilinx/kcu116/1.4/board.xml as part xcku5p-ffvb676-2-e specified in board_part file is either invalid or not available
WARNING: [Board 49-26] cannot add Board Part xilinx.com:kcu116:part0:1.5 available at /tools/Xilinx/Vivado/2022.2/data/xhub/boards/XilinxBoardStore/boards/Xilinx/kcu116/1.5/board.xml as part xcku5p-ffvb676-2-e specified in board_part file is either invalid or not available
WARNING: [Board 49-26] cannot add Board Part xilinx.com:kcu1500:part0:1.2 available at /tools/Xilinx/Vivado/2022.2/data/xhub/boards/XilinxBoardStore/boards/Xilinx/kcu1500/1.2/board.xml as part xcku115-flvb2104-2-e specified in board_part file is either invalid or not available
WARNING: [Board 49-26] cannot add Board Part xilinx.com:vck190:part0:2.2 available at /tools/Xilinx/Vivado/2022.2/data/xhub/boards/XilinxBoardStore/boards/Xilinx/vck190/production/2.2/board.xml as part xcvc1902-vsva2197-2mp-e-s specified in board_part file is either invalid or not available
WARNING: [Board 49-26] cannot add Board Part xilinx.com:vck190:part0:3.0 available at /tools/Xilinx/Vivado/2022.2/data/xhub/boards/XilinxBoardStore/boards/Xilinx/vck190/production/3.0/board.xml as part xcvc1902-vsva2197-2mp-e-s specified in board_part file is either invalid or not available
WARNING: [Board 49-26] cannot add Board Part xilinx.com:vck190:part0:3.1 available at /tools/Xilinx/Vivado/2022.2/data/xhub/boards/XilinxBoardStore/boards/Xilinx/vck190/production/3.1/board.xml as part xcvc1902-vsva2197-2mp-e-s specified in board_part file is either invalid or not available
WARNING: [Board 49-26] cannot add Board Part xilinx.com:vck190_newl:part0:1.0 available at /tools/Xilinx/Vivado/2022.2/data/xhub/boards/XilinxBoardStore/boards/Xilinx/vck190_newl/production/1.0/board.xml as part xcvc1902-vsva2197-2mp-e-s specified in board_part file is either invalid or not available
WARNING: [Board 49-26] cannot add Board Part xilinx.com:vcu108:part0:1.6 available at /tools/Xilinx/Vivado/2022.2/data/xhub/boards/XilinxBoardStore/boards/Xilinx/vcu108/1.6/board.xml as part xcvu095-ffva2104-2-e specified in board_part file is either invalid or not available
WARNING: [Board 49-26] cannot add Board Part xilinx.com:vcu108:part0:1.7 available at /tools/Xilinx/Vivado/2022.2/data/xhub/boards/XilinxBoardStore/boards/Xilinx/vcu108/1.7/board.xml as part xcvu095-ffva2104-2-e specified in board_part file is either invalid or not available
WARNING: [Board 49-26] cannot add Board Part xilinx.com:vcu110:part0:1.4 available at /tools/Xilinx/Vivado/2022.2/data/xhub/boards/XilinxBoardStore/boards/Xilinx/vcu110/1.4/board.xml as part xcvu190-flgc2104-2-e specified in board_part file is either invalid or not available
WARNING: [Board 49-26] cannot add Board Part xilinx.com:vcu118:part0:2.0 available at /tools/Xilinx/Vivado/2022.2/data/xhub/boards/XilinxBoardStore/boards/Xilinx/vcu118/2.0/board.xml as part xcvu9p-flga2104-2l-e specified in board_part file is either invalid or not available
WARNING: [Board 49-26] cannot add Board Part xilinx.com:vcu118:part0:2.3 available at /tools/Xilinx/Vivado/2022.2/data/xhub/boards/XilinxBoardStore/boards/Xilinx/vcu118/2.3/board.xml as part xcvu9p-flga2104-2l-e specified in board_part file is either invalid or not available
WARNING: [Board 49-26] cannot add Board Part xilinx.com:vcu118:part0:2.4 available at /tools/Xilinx/Vivado/2022.2/data/xhub/boards/XilinxBoardStore/boards/Xilinx/vcu118/2.4/board.xml as part xcvu9p-flga2104-2l-e specified in board_part file is either invalid or not available
WARNING: [Board 49-26] cannot add Board Part xilinx.com:vcu128:part0:1.0 available at /tools/Xilinx/Vivado/2022.2/data/xhub/boards/XilinxBoardStore/boards/Xilinx/vcu128/production/1.0/board.xml as part xcvu37p-fsvh2892-2l-e specified in board_part file is either invalid or not available
WARNING: [Board 49-26] cannot add Board Part xilinx.com:vcu129:part0:1.0 available at /tools/Xilinx/Vivado/2022.2/data/xhub/boards/XilinxBoardStore/boards/Xilinx/vcu129/production/1.0/board.xml as part xcvu29p-fsga2577-2l-e specified in board_part file is either invalid or not available
WARNING: [Board 49-26] cannot add Board Part xilinx.com:vcu1525:part0:1.3 available at /tools/Xilinx/Vivado/2022.2/data/xhub/boards/XilinxBoardStore/boards/Xilinx/vcu1525/1.3/board.xml as part xcvu9p-fsgd2104-2l-e specified in board_part file is either invalid or not available
WARNING: [Board 49-26] cannot add Board Part xilinx.com:vek280_es:part0:1.0 available at /tools/Xilinx/Vivado/2022.2/data/xhub/boards/XilinxBoardStore/boards/Xilinx/vek280/es/1.0/board.xml as part xcve2802-vsvh1760-2lp-e-s-es1 specified in board_part file is either invalid or not available
WARNING: [Board 49-26] cannot add Board Part xilinx.com:vermeo_t1_rfsoc:part0:1.0 available at /tools/Xilinx/Vivado/2022.2/data/xhub/boards/XilinxBoardStore/boards/Xilinx/vermeo_t1_rfsoc/1.0/board.xml as part xczu21dr-ffvd1156-2l-e specified in board_part file is either invalid or not available
WARNING: [Board 49-26] cannot add Board Part xilinx.com:vhk158_es:part0:1.0 available at /tools/Xilinx/Vivado/2022.2/data/xhub/boards/XilinxBoardStore/boards/Xilinx/vhk158/es/1.0/board.xml as part xcvh1582-vsva3697-2mp-e-s-es1 specified in board_part file is either invalid or not available
WARNING: [Board 49-26] cannot add Board Part xilinx.com:vmk180:part0:2.2 available at /tools/Xilinx/Vivado/2022.2/data/xhub/boards/XilinxBoardStore/boards/Xilinx/vmk180/production/2.2/board.xml as part xcvm1802-vsva2197-2mp-e-s specified in board_part file is either invalid or not available
WARNING: [Board 49-26] cannot add Board Part xilinx.com:vmk180:part0:3.0 available at /tools/Xilinx/Vivado/2022.2/data/xhub/boards/XilinxBoardStore/boards/Xilinx/vmk180/production/3.0/board.xml as part xcvm1802-vsva2197-2mp-e-s specified in board_part file is either invalid or not available
WARNING: [Board 49-26] cannot add Board Part xilinx.com:vmk180:part0:3.1 available at /tools/Xilinx/Vivado/2022.2/data/xhub/boards/XilinxBoardStore/boards/Xilinx/vmk180/production/3.1/board.xml as part xcvm1802-vsva2197-2mp-e-s specified in board_part file is either invalid or not available
WARNING: [Board 49-26] cannot add Board Part xilinx.com:vmk180_newl:part0:1.0 available at /tools/Xilinx/Vivado/2022.2/data/xhub/boards/XilinxBoardStore/boards/Xilinx/vmk180_newl/production/1.0/board.xml as part xcvm1802-vsva2197-2mp-e-s specified in board_part file is either invalid or not available
WARNING: [Board 49-26] cannot add Board Part xilinx.com:vpk120:part0:1.0 available at /tools/Xilinx/Vivado/2022.2/data/xhub/boards/XilinxBoardStore/boards/Xilinx/vpk120/production/1.0/board.xml as part xcvp1202-vsva2785-2mp-e-s specified in board_part file is either invalid or not available
WARNING: [Board 49-26] cannot add Board Part xilinx.com:vpk120_es:part0:1.2 available at /tools/Xilinx/Vivado/2022.2/data/xhub/boards/XilinxBoardStore/boards/Xilinx/vpk120/es/1.2/board.xml as part xcvp1202-vsva2785-2mp-e-s-es1 specified in board_part file is either invalid or not available
WARNING: [Board 49-26] cannot add Board Part xilinx.com:vpk120_es_revb:part0:1.0 available at /tools/Xilinx/Vivado/2022.2/data/xhub/boards/XilinxBoardStore/boards/Xilinx/vpk120_revb/es/1.0/board.xml as part xcvp1202-vsva2785-2mp-e-s-es1 specified in board_part file is either invalid or not available
WARNING: [Board 49-26] cannot add Board Part xilinx.com:vpk180_es:part0:1.0 available at /tools/Xilinx/Vivado/2022.2/data/xhub/boards/XilinxBoardStore/boards/Xilinx/vpk180/es/1.0/board.xml as part xcvp1802-lsvc4072-2mp-e-s-es1 specified in board_part file is either invalid or not available
WARNING: [Board 49-26] cannot add Board Part xilinx.com:zcu111:part0:1.2 available at /tools/Xilinx/Vivado/2022.2/data/xhub/boards/XilinxBoardStore/boards/Xilinx/zcu111/1.2/board.xml as part xczu28dr-ffvg1517-2-e specified in board_part file is either invalid or not available
WARNING: [Board 49-26] cannot add Board Part xilinx.com:zcu111:part0:1.3 available at /tools/Xilinx/Vivado/2022.2/data/xhub/boards/XilinxBoardStore/boards/Xilinx/zcu111/1.3/board.xml as part xczu28dr-ffvg1517-2-e specified in board_part file is either invalid or not available
WARNING: [Board 49-26] cannot add Board Part xilinx.com:zcu111:part0:1.4 available at /tools/Xilinx/Vivado/2022.2/data/xhub/boards/XilinxBoardStore/boards/Xilinx/zcu111/1.4/board.xml as part xczu28dr-ffvg1517-2-e specified in board_part file is either invalid or not available
WARNING: [Board 49-26] cannot add Board Part xilinx.com:zcu1275:part0:1.0 available at /tools/Xilinx/Vivado/2022.2/data/xhub/boards/XilinxBoardStore/boards/Xilinx/zcu1275/1.0/board.xml as part xczu29dr-ffvf1760-2-e specified in board_part file is either invalid or not available
WARNING: [Board 49-26] cannot add Board Part xilinx.com:zcu1285:part0:1.0 available at /tools/Xilinx/Vivado/2022.2/data/xhub/boards/XilinxBoardStore/boards/Xilinx/zcu1285/1.0/board.xml as part xczu39dr-ffvf1760-2-i specified in board_part file is either invalid or not available
WARNING: [Board 49-26] cannot add Board Part xilinx.com:zcu208:part0:2.0 available at /tools/Xilinx/Vivado/2022.2/data/xhub/boards/XilinxBoardStore/boards/Xilinx/zcu208/production/2.0/board.xml as part xczu48dr-fsvg1517-2-e specified in board_part file is either invalid or not available
WARNING: [Board 49-26] cannot add Board Part xilinx.com:zcu208ld:part0:2.0 available at /tools/Xilinx/Vivado/2022.2/data/xhub/boards/XilinxBoardStore/boards/Xilinx/zcu208ld/production/2.0/board.xml as part xczu58dr-fsvg1517-2-i specified in board_part file is either invalid or not available
WARNING: [Board 49-26] cannot add Board Part xilinx.com:zcu216:part0:2.0 available at /tools/Xilinx/Vivado/2022.2/data/xhub/boards/XilinxBoardStore/boards/Xilinx/zcu216/production/2.0/board.xml as part xczu49dr-ffvf1760-2-e specified in board_part file is either invalid or not available
WARNING: [Board 49-26] cannot add Board Part xilinx.com:zcu216ld:part0:2.0 available at /tools/Xilinx/Vivado/2022.2/data/xhub/boards/XilinxBoardStore/boards/Xilinx/zcu216ld/production/2.0/board.xml as part xczu59dr-ffvf1760-2-i specified in board_part file is either invalid or not available
WARNING: [Board 49-26] cannot add Board Part xilinx.com:zcu670:part0:2.0 available at /tools/Xilinx/Vivado/2022.2/data/xhub/boards/XilinxBoardStore/boards/Xilinx/zcu670/2.0/board.xml as part xczu67dr-fsve1156-2-i specified in board_part file is either invalid or not available
WARNING: [Board 49-26] cannot add Board Part xilinx.com:zcu670ld:part0:1.0 available at /tools/Xilinx/Vivado/2022.2/data/xhub/boards/XilinxBoardStore/boards/Xilinx/zcu670ld/1.0/board.xml as part xczu57dr-fsve1156-2-i specified in board_part file is either invalid or not available
Scanning sources...
Finished scanning sources
INFO: [IP_Flow 19-234] Refreshing IP repositories
INFO: [IP_Flow 19-1700] Loaded user IP repository '/home/raincorn/pluto/plutosdr-fw/hdl/library'.
INFO: [IP_Flow 19-2313] Loaded Vivado IP repository '/tools/Xilinx/Vivado/2022.2/data/ip'.
WARNING: [IP_Flow 19-3664] IP 'system_axi_ad9361_0' generated file not found '/home/raincorn/pluto/plutosdr-fw/hdl/projects/tjd/tjd.gen/sources_1/bd/system/ip/xilinx/common/up_xfer_cntrl_constr.xdc'. Please regenerate to continue.
WARNING: [IP_Flow 19-3664] IP 'system_axi_ad9361_0' generated file not found '/home/raincorn/pluto/plutosdr-fw/hdl/projects/tjd/tjd.gen/sources_1/bd/system/ip/xilinx/common/ad_rst_constr.xdc'. Please regenerate to continue.
WARNING: [IP_Flow 19-3664] IP 'system_axi_ad9361_0' generated file not found '/home/raincorn/pluto/plutosdr-fw/hdl/projects/tjd/tjd.gen/sources_1/bd/system/ip/xilinx/common/up_xfer_status_constr.xdc'. Please regenerate to continue.
WARNING: [IP_Flow 19-3664] IP 'system_axi_ad9361_0' generated file not found '/home/raincorn/pluto/plutosdr-fw/hdl/projects/tjd/tjd.gen/sources_1/bd/system/ip/xilinx/common/up_clock_mon_constr.xdc'. Please regenerate to continue.
WARNING: [IP_Flow 19-3664] IP 'system_cpack_0' generated file not found '/home/raincorn/pluto/plutosdr-fw/hdl/projects/tjd/tjd.gen/sources_1/bd/system/common/ad_perfect_shuffle.v'. Please regenerate to continue.
WARNING: [IP_Flow 19-3664] IP 'system_cpack_0' generated file not found '/home/raincorn/pluto/plutosdr-fw/hdl/projects/tjd/tjd.gen/sources_1/bd/system/common/ad_perfect_shuffle.v'. Please regenerate to continue.
WARNING: [IP_Flow 19-3664] IP 'system_tx_upack_0' generated file not found '/home/raincorn/pluto/plutosdr-fw/hdl/projects/tjd/tjd.gen/sources_1/bd/system/common/ad_perfect_shuffle.v'. Please regenerate to continue.
WARNING: [IP_Flow 19-3664] IP 'system_tx_upack_0' generated file not found '/home/raincorn/pluto/plutosdr-fw/hdl/projects/tjd/tjd.gen/sources_1/bd/system/common/ad_perfect_shuffle.v'. Please regenerate to continue.
open_project: Time (s): cpu = 00:00:16 ; elapsed = 00:00:08 . Memory (MB): peak = 6590.152 ; gain = 314.793 ; free physical = 1948 ; free virtual = 8368
update_compile_order -fileset sources_1
reset_run impl_1 -prev_step 
launch_runs impl_1 -to_step write_bitstream -jobs 16
INFO: [IP_Flow 19-6930] IPCACHE: runCacheChecks() number of threads = 8
INFO: [IP_Flow 19-6921] IPCACHE: Adding cache check func to thread queue for IP system_axi_ad9361_0
INFO: [IP_Flow 19-6921] IPCACHE: Adding cache check func to thread queue for IP system_cpack_0
INFO: [IP_Flow 19-6921] IPCACHE: Adding cache check func to thread queue for IP system_tx_upack_0
INFO: [IP_Flow 19-8020] IPCACHE: runCacheChecks() calling threadPool finishWork()
INFO: [IP_Flow 19-6924] IPCACHE: Running cache check for IP inst: system_axi_ad9361_0
INFO: [IP_Flow 19-6924] IPCACHE: Running cache check for IP inst: system_cpack_0
INFO: [IP_Flow 19-6924] IPCACHE: Running cache check for IP inst: system_tx_upack_0
[Wed Feb  7 18:17:34 2024] Launched system_tx_upack_0_synth_1, system_axi_ad9361_0_synth_1, system_cpack_0_synth_1...
Run output will be captured here:
system_tx_upack_0_synth_1: /home/raincorn/pluto/plutosdr-fw/hdl/projects/tjd/tjd.runs/system_tx_upack_0_synth_1/runme.log
system_axi_ad9361_0_synth_1: /home/raincorn/pluto/plutosdr-fw/hdl/projects/tjd/tjd.runs/system_axi_ad9361_0_synth_1/runme.log
system_cpack_0_synth_1: /home/raincorn/pluto/plutosdr-fw/hdl/projects/tjd/tjd.runs/system_cpack_0_synth_1/runme.log
[Wed Feb  7 18:17:34 2024] Launched impl_1...
Run output will be captured here: /home/raincorn/pluto/plutosdr-fw/hdl/projects/tjd/tjd.runs/impl_1/runme.log
launch_runs: Time (s): cpu = 00:00:23 ; elapsed = 00:00:11 . Memory (MB): peak = 7026.492 ; gain = 22.113 ; free physical = 1952 ; free virtual = 8349
reset_project
launch_runs impl_1 -to_step write_bitstream -jobs 16
INFO: [BD 41-1662] The design 'system.bd' is already validated. Therefore parameter propagation will not be re-run.
WARNING: [BD 41-1271] The connection to the pin: /axi_ad9361_adc_dma/fifo_wr_sync has been overridden by the user. This pin will not be connected as a part of the interface connection: cpack_packed_fifo_wr 
Verilog Output written to : /home/raincorn/pluto/plutosdr-fw/hdl/projects/tjd/tjd.gen/sources_1/bd/system/synth/system.v
Verilog Output written to : /home/raincorn/pluto/plutosdr-fw/hdl/projects/tjd/tjd.gen/sources_1/bd/system/sim/system.v
Verilog Output written to : /home/raincorn/pluto/plutosdr-fw/hdl/projects/tjd/tjd.gen/sources_1/bd/system/hdl/system_wrapper.v
INFO: [BD 41-1029] Generation completed for the IP Integrator block tx_fir_interpolator/cdc_sync_active .
INFO: [BD 41-1029] Generation completed for the IP Integrator block tx_fir_interpolator/fir_interpolation_0 .
INFO: [BD 41-1029] Generation completed for the IP Integrator block tx_fir_interpolator/fir_interpolation_1 .
INFO: [BD 41-1029] Generation completed for the IP Integrator block tx_fir_interpolator/logic_and_0 .
INFO: [BD 41-1029] Generation completed for the IP Integrator block tx_fir_interpolator/logic_and_1 .
INFO: [BD 41-1029] Generation completed for the IP Integrator block tx_fir_interpolator/out_mux_0 .
INFO: [BD 41-1029] Generation completed for the IP Integrator block tx_fir_interpolator/out_mux_1 .
INFO: [BD 41-1029] Generation completed for the IP Integrator block tx_fir_interpolator/rate_gen .
INFO: [BD 41-1029] Generation completed for the IP Integrator block rx_fir_decimator/cdc_sync_active .
INFO: [BD 41-1029] Generation completed for the IP Integrator block rx_fir_decimator/fir_decimation_0 .
INFO: [BD 41-1029] Generation completed for the IP Integrator block rx_fir_decimator/fir_decimation_1 .
INFO: [BD 41-1029] Generation completed for the IP Integrator block rx_fir_decimator/out_mux_0 .
INFO: [BD 41-1029] Generation completed for the IP Integrator block rx_fir_decimator/out_mux_1 .
INFO: [BD 41-1029] Generation completed for the IP Integrator block axi_tdd_0/tdd_ch_slice_0 .
INFO: [BD 41-1029] Generation completed for the IP Integrator block axi_tdd_0/tdd_ch_slice_1 .
INFO: [BD 41-1029] Generation completed for the IP Integrator block axi_tdd_0/tdd_ch_slice_2 .
INFO: [BD 41-1029] Generation completed for the IP Integrator block axi_tdd_0/tdd_core .
INFO: [BD 41-1029] Generation completed for the IP Integrator block GND_1 .
INFO: [BD 41-1029] Generation completed for the IP Integrator block GND_32 .
INFO: [BD 41-1029] Generation completed for the IP Integrator block VCC_1 .
INFO: [BD 41-1029] Generation completed for the IP Integrator block axi_ad9361 .
INFO: [BD 41-1029] Generation completed for the IP Integrator block axi_ad9361_adc_dma .
INFO: [BD 41-1029] Generation completed for the IP Integrator block axi_ad9361_dac_dma .
INFO: [BD 41-1029] Generation completed for the IP Integrator block axi_cpu_interconnect/xbar .
WARNING: [IP_Flow 19-4994] Overwriting existing constraint file '/home/raincorn/pluto/plutosdr-fw/hdl/projects/tjd/tjd.gen/sources_1/bd/system/ip/system_auto_pc_0/system_auto_pc_0_ooc.xdc'
INFO: [BD 41-1029] Generation completed for the IP Integrator block axi_cpu_interconnect/s00_couplers/auto_pc .
INFO: [BD 41-1029] Generation completed for the IP Integrator block axi_iic_main .
INFO: [BD 41-1029] Generation completed for the IP Integrator block axi_spi .
INFO: [BD 41-1029] Generation completed for the IP Integrator block cpack .
INFO: [BD 41-1029] Generation completed for the IP Integrator block decim_slice .
INFO: [BD 41-1029] Generation completed for the IP Integrator block interp_slice .
INFO: [BD 41-1029] Generation completed for the IP Integrator block logic_inv .
INFO: [BD 41-1029] Generation completed for the IP Integrator block logic_or .
INFO: [BD 41-1029] Generation completed for the IP Integrator block logic_or_1 .
INFO: [BD 41-1029] Generation completed for the IP Integrator block sys_concat_intc .
INFO: [IP_Flow 19-5611] Unable to find an associated reset port for the interface 'M_AXI_GP0'. A default connection has been created.
INFO: [IP_Flow 19-5611] Unable to find an associated reset port for the interface 'S_AXI_HP1'. A default connection has been created.
INFO: [IP_Flow 19-5611] Unable to find an associated reset port for the interface 'S_AXI_HP2'. A default connection has been created.
INFO: [BD 41-1029] Generation completed for the IP Integrator block sys_ps7 .
INFO: [BD 41-1029] Generation completed for the IP Integrator block sys_rstgen .
INFO: [BD 41-1029] Generation completed for the IP Integrator block tx_upack .
Exporting to file /home/raincorn/pluto/plutosdr-fw/hdl/projects/tjd/tjd.gen/sources_1/bd/system/hw_handoff/system.hwh
Generated Hardware Definition File /home/raincorn/pluto/plutosdr-fw/hdl/projects/tjd/tjd.gen/sources_1/bd/system/synth/system.hwdef
INFO: [IP_Flow 19-6930] IPCACHE: runCacheChecks() number of threads = 8
INFO: [IP_Flow 19-6921] IPCACHE: Adding cache check func to thread queue for IP system_auto_pc_0
INFO: [IP_Flow 19-6921] IPCACHE: Adding cache check func to thread queue for IP system_axi_ad9361_0
INFO: [IP_Flow 19-6921] IPCACHE: Adding cache check func to thread queue for IP system_axi_ad9361_adc_dma_0
INFO: [IP_Flow 19-6921] IPCACHE: Adding cache check func to thread queue for IP system_axi_ad9361_dac_dma_0
INFO: [IP_Flow 19-6921] IPCACHE: Adding cache check func to thread queue for IP system_axi_iic_main_0
INFO: [IP_Flow 19-6921] IPCACHE: Adding cache check func to thread queue for IP system_axi_spi_0
INFO: [IP_Flow 19-6921] IPCACHE: Adding cache check func to thread queue for IP system_cdc_sync_active_0
INFO: [IP_Flow 19-6921] IPCACHE: Adding cache check func to thread queue for IP system_cdc_sync_active_1
INFO: [IP_Flow 19-6921] IPCACHE: Adding cache check func to thread queue for IP system_cpack_0
INFO: [IP_Flow 19-6921] IPCACHE: Adding cache check func to thread queue for IP system_fir_decimation_0_0
INFO: [IP_Flow 19-6921] IPCACHE: Adding cache check func to thread queue for IP system_fir_decimation_1_0
INFO: [IP_Flow 19-6921] IPCACHE: Adding cache check func to thread queue for IP system_fir_interpolation_0_0
INFO: [IP_Flow 19-6921] IPCACHE: Adding cache check func to thread queue for IP system_fir_interpolation_1_0
INFO: [IP_Flow 19-6921] IPCACHE: Adding cache check func to thread queue for IP system_logic_and_0_0
INFO: [IP_Flow 19-6921] IPCACHE: Adding cache check func to thread queue for IP system_logic_and_1_0
INFO: [IP_Flow 19-6921] IPCACHE: Adding cache check func to thread queue for IP system_logic_inv_0
INFO: [IP_Flow 19-6921] IPCACHE: Adding cache check func to thread queue for IP system_logic_or_0
INFO: [IP_Flow 19-6921] IPCACHE: Adding cache check func to thread queue for IP system_logic_or_1_0
INFO: [IP_Flow 19-6921] IPCACHE: Adding cache check func to thread queue for IP system_out_mux_0_0
INFO: [IP_Flow 19-6921] IPCACHE: Adding cache check func to thread queue for IP system_out_mux_0_1
INFO: [IP_Flow 19-6921] IPCACHE: Adding cache check func to thread queue for IP system_out_mux_1_0
INFO: [IP_Flow 19-6921] IPCACHE: Adding cache check func to thread queue for IP system_out_mux_1_1
INFO: [IP_Flow 19-6921] IPCACHE: Adding cache check func to thread queue for IP system_rate_gen_0
INFO: [IP_Flow 19-6921] IPCACHE: Adding cache check func to thread queue for IP system_sys_rstgen_0
INFO: [IP_Flow 19-6921] IPCACHE: Adding cache check func to thread queue for IP system_tdd_core_0
INFO: [IP_Flow 19-6921] IPCACHE: Adding cache check func to thread queue for IP system_tx_upack_0
INFO: [IP_Flow 19-6921] IPCACHE: Adding cache check func to thread queue for IP system_xbar_0
INFO: [IP_Flow 19-8020] IPCACHE: runCacheChecks() calling threadPool finishWork()
INFO: [IP_Flow 19-6924] IPCACHE: Running cache check for IP inst: system_auto_pc_0
INFO: [IP_Flow 19-6924] IPCACHE: Running cache check for IP inst: system_axi_spi_0
INFO: [IP_Flow 19-6924] IPCACHE: Running cache check for IP inst: system_axi_ad9361_0
INFO: [IP_Flow 19-6924] IPCACHE: Running cache check for IP inst: system_fir_decimation_1_0
INFO: [IP_Flow 19-6924] IPCACHE: Running cache check for IP inst: system_logic_and_0_0
INFO: [IP_Flow 19-6924] IPCACHE: Running cache check for IP inst: system_logic_and_1_0
INFO: [IP_Flow 19-6924] IPCACHE: Running cache check for IP inst: system_logic_inv_0
INFO: [IP_Flow 19-6924] IPCACHE: Running cache check for IP inst: system_logic_or_0
INFO: [IP_Flow 19-6924] IPCACHE: Running cache check for IP inst: system_logic_or_1_0
INFO: [IP_Flow 19-6924] IPCACHE: Running cache check for IP inst: system_out_mux_0_0
INFO: [IP_Flow 19-6924] IPCACHE: Running cache check for IP inst: system_out_mux_0_1
INFO: [IP_Flow 19-6924] IPCACHE: Running cache check for IP inst: system_out_mux_1_0
INFO: [IP_Flow 19-6924] IPCACHE: Running cache check for IP inst: system_out_mux_1_1
INFO: [IP_Flow 19-6924] IPCACHE: Running cache check for IP inst: system_rate_gen_0
INFO: [IP_Flow 19-6924] IPCACHE: Running cache check for IP inst: system_sys_rstgen_0
INFO: [IP_Flow 19-6924] IPCACHE: Running cache check for IP inst: system_tdd_core_0
INFO: [IP_Flow 19-6924] IPCACHE: Running cache check for IP inst: system_xbar_0
INFO: [IP_Flow 19-6924] IPCACHE: Running cache check for IP inst: system_axi_ad9361_adc_dma_0
INFO: [IP_Flow 19-6924] IPCACHE: Running cache check for IP inst: system_axi_ad9361_dac_dma_0
INFO: [IP_Flow 19-6924] IPCACHE: Running cache check for IP inst: system_axi_iic_main_0
INFO: [IP_Flow 19-6924] IPCACHE: Running cache check for IP inst: system_cdc_sync_active_1
INFO: [IP_Flow 19-6924] IPCACHE: Running cache check for IP inst: system_cdc_sync_active_0
INFO: [IP_Flow 19-6924] IPCACHE: Running cache check for IP inst: system_fir_decimation_0_0
INFO: [IP_Flow 19-6924] IPCACHE: Running cache check for IP inst: system_fir_interpolation_0_0
INFO: [IP_Flow 19-6924] IPCACHE: Running cache check for IP inst: system_cpack_0
INFO: [IP_Flow 19-6924] IPCACHE: Running cache check for IP inst: system_fir_interpolation_1_0
INFO: [IP_Flow 19-6924] IPCACHE: Running cache check for IP inst: system_tx_upack_0
[Wed Feb  7 18:19:51 2024] Launched system_sys_ps7_0_synth_1, system_tx_upack_0_synth_1, system_axi_ad9361_0_synth_1, system_cpack_0_synth_1, system_logic_inv_0_synth_1, system_logic_or_0_synth_1, system_logic_or_1_0_synth_1, system_sys_rstgen_0_synth_1, system_axi_ad9361_adc_dma_0_synth_1, system_auto_pc_0_synth_1, system_xbar_0_synth_1, system_axi_ad9361_dac_dma_0_synth_1, system_axi_spi_0_synth_1, system_axi_iic_main_0_synth_1, system_fir_interpolation_0_0_synth_1, system_fir_interpolation_1_0_synth_1, system_cdc_sync_active_0_synth_1, system_logic_and_0_0_synth_1, system_logic_and_1_0_synth_1, system_out_mux_0_0_synth_1, system_out_mux_1_0_synth_1, system_rate_gen_0_synth_1, system_cdc_sync_active_1_synth_1, system_fir_decimation_0_0_synth_1, system_fir_decimation_1_0_synth_1, system_out_mux_0_1_synth_1, system_out_mux_1_1_synth_1, system_tdd_core_0_synth_1, synth_1...
Run output will be captured here:
system_sys_ps7_0_synth_1: /home/raincorn/pluto/plutosdr-fw/hdl/projects/tjd/tjd.runs/system_sys_ps7_0_synth_1/runme.log
system_tx_upack_0_synth_1: /home/raincorn/pluto/plutosdr-fw/hdl/projects/tjd/tjd.runs/system_tx_upack_0_synth_1/runme.log
system_axi_ad9361_0_synth_1: /home/raincorn/pluto/plutosdr-fw/hdl/projects/tjd/tjd.runs/system_axi_ad9361_0_synth_1/runme.log
system_cpack_0_synth_1: /home/raincorn/pluto/plutosdr-fw/hdl/projects/tjd/tjd.runs/system_cpack_0_synth_1/runme.log
system_logic_inv_0_synth_1: /home/raincorn/pluto/plutosdr-fw/hdl/projects/tjd/tjd.runs/system_logic_inv_0_synth_1/runme.log
system_logic_or_0_synth_1: /home/raincorn/pluto/plutosdr-fw/hdl/projects/tjd/tjd.runs/system_logic_or_0_synth_1/runme.log
system_logic_or_1_0_synth_1: /home/raincorn/pluto/plutosdr-fw/hdl/projects/tjd/tjd.runs/system_logic_or_1_0_synth_1/runme.log
system_sys_rstgen_0_synth_1: /home/raincorn/pluto/plutosdr-fw/hdl/projects/tjd/tjd.runs/system_sys_rstgen_0_synth_1/runme.log
system_axi_ad9361_adc_dma_0_synth_1: /home/raincorn/pluto/plutosdr-fw/hdl/projects/tjd/tjd.runs/system_axi_ad9361_adc_dma_0_synth_1/runme.log
system_auto_pc_0_synth_1: /home/raincorn/pluto/plutosdr-fw/hdl/projects/tjd/tjd.runs/system_auto_pc_0_synth_1/runme.log
system_xbar_0_synth_1: /home/raincorn/pluto/plutosdr-fw/hdl/projects/tjd/tjd.runs/system_xbar_0_synth_1/runme.log
system_axi_ad9361_dac_dma_0_synth_1: /home/raincorn/pluto/plutosdr-fw/hdl/projects/tjd/tjd.runs/system_axi_ad9361_dac_dma_0_synth_1/runme.log
system_axi_spi_0_synth_1: /home/raincorn/pluto/plutosdr-fw/hdl/projects/tjd/tjd.runs/system_axi_spi_0_synth_1/runme.log
system_axi_iic_main_0_synth_1: /home/raincorn/pluto/plutosdr-fw/hdl/projects/tjd/tjd.runs/system_axi_iic_main_0_synth_1/runme.log
system_fir_interpolation_0_0_synth_1: /home/raincorn/pluto/plutosdr-fw/hdl/projects/tjd/tjd.runs/system_fir_interpolation_0_0_synth_1/runme.log
system_fir_interpolation_1_0_synth_1: /home/raincorn/pluto/plutosdr-fw/hdl/projects/tjd/tjd.runs/system_fir_interpolation_1_0_synth_1/runme.log
system_cdc_sync_active_0_synth_1: /home/raincorn/pluto/plutosdr-fw/hdl/projects/tjd/tjd.runs/system_cdc_sync_active_0_synth_1/runme.log
system_logic_and_0_0_synth_1: /home/raincorn/pluto/plutosdr-fw/hdl/projects/tjd/tjd.runs/system_logic_and_0_0_synth_1/runme.log
system_logic_and_1_0_synth_1: /home/raincorn/pluto/plutosdr-fw/hdl/projects/tjd/tjd.runs/system_logic_and_1_0_synth_1/runme.log
system_out_mux_0_0_synth_1: /home/raincorn/pluto/plutosdr-fw/hdl/projects/tjd/tjd.runs/system_out_mux_0_0_synth_1/runme.log
system_out_mux_1_0_synth_1: /home/raincorn/pluto/plutosdr-fw/hdl/projects/tjd/tjd.runs/system_out_mux_1_0_synth_1/runme.log
system_rate_gen_0_synth_1: /home/raincorn/pluto/plutosdr-fw/hdl/projects/tjd/tjd.runs/system_rate_gen_0_synth_1/runme.log
system_cdc_sync_active_1_synth_1: /home/raincorn/pluto/plutosdr-fw/hdl/projects/tjd/tjd.runs/system_cdc_sync_active_1_synth_1/runme.log
system_fir_decimation_0_0_synth_1: /home/raincorn/pluto/plutosdr-fw/hdl/projects/tjd/tjd.runs/system_fir_decimation_0_0_synth_1/runme.log
system_fir_decimation_1_0_synth_1: /home/raincorn/pluto/plutosdr-fw/hdl/projects/tjd/tjd.runs/system_fir_decimation_1_0_synth_1/runme.log
system_out_mux_0_1_synth_1: /home/raincorn/pluto/plutosdr-fw/hdl/projects/tjd/tjd.runs/system_out_mux_0_1_synth_1/runme.log
system_out_mux_1_1_synth_1: /home/raincorn/pluto/plutosdr-fw/hdl/projects/tjd/tjd.runs/system_out_mux_1_1_synth_1/runme.log
system_tdd_core_0_synth_1: /home/raincorn/pluto/plutosdr-fw/hdl/projects/tjd/tjd.runs/system_tdd_core_0_synth_1/runme.log
synth_1: /home/raincorn/pluto/plutosdr-fw/hdl/projects/tjd/tjd.runs/synth_1/runme.log
[Wed Feb  7 18:19:56 2024] Launched impl_1...
Run output will be captured here: /home/raincorn/pluto/plutosdr-fw/hdl/projects/tjd/tjd.runs/impl_1/runme.log
launch_runs: Time (s): cpu = 00:01:09 ; elapsed = 00:00:53 . Memory (MB): peak = 7563.062 ; gain = 386.699 ; free physical = 1805 ; free virtual = 6824
