
*** Running vivado
    with args -log system_axi_ad9361_dac_dma_0.vds -m64 -product Vivado -mode batch -messageDb vivado.pb -notrace -source system_axi_ad9361_dac_dma_0.tcl


****** Vivado v2022.2 (64-bit)
  **** SW Build 3671981 on Fri Oct 14 04:59:54 MDT 2022
  **** IP Build 3669848 on Fri Oct 14 08:30:02 MDT 2022
    ** Copyright 1986-2022 Xilinx, Inc. All Rights Reserved.

source system_axi_ad9361_dac_dma_0.tcl -notrace
create_project: Time (s): cpu = 00:00:06 ; elapsed = 00:00:07 . Memory (MB): peak = 1315.426 ; gain = 0.023 ; free physical = 126 ; free virtual = 2936
INFO: [IP_Flow 19-234] Refreshing IP repositories
INFO: [IP_Flow 19-1700] Loaded user IP repository '/home/raincorn/pluto/plutosdr-fw/hdl/library'.
INFO: [IP_Flow 19-2313] Loaded Vivado IP repository '/tools/Xilinx/Vivado/2022.2/data/ip'.
INFO: [IP_Flow 19-6924] IPCACHE: Running cache check for IP inst: system_axi_ad9361_dac_dma_0
Command: synth_design -top system_axi_ad9361_dac_dma_0 -part xc7z010clg400-1 -incremental_mode off -mode out_of_context
Starting synth_design
Attempting to get a license for feature 'Synthesis' and/or device 'xc7z010'
INFO: [Common 17-349] Got license for feature 'Synthesis' and/or device 'xc7z010'
INFO: [Device 21-403] Loading part xc7z010clg400-1

*** Running vivado
    with args -log system_axi_ad9361_dac_dma_0.vds -m64 -product Vivado -mode batch -messageDb vivado.pb -notrace -source system_axi_ad9361_dac_dma_0.tcl


****** Vivado v2022.2 (64-bit)
  **** SW Build 3671981 on Fri Oct 14 04:59:54 MDT 2022
  **** IP Build 3669848 on Fri Oct 14 08:30:02 MDT 2022
    ** Copyright 1986-2022 Xilinx, Inc. All Rights Reserved.

source system_axi_ad9361_dac_dma_0.tcl -notrace
create_project: Time (s): cpu = 00:00:06 ; elapsed = 00:00:07 . Memory (MB): peak = 1326.785 ; gain = 0.023 ; free physical = 140 ; free virtual = 4246
INFO: [IP_Flow 19-234] Refreshing IP repositories
INFO: [IP_Flow 19-1700] Loaded user IP repository '/home/raincorn/pluto/plutosdr-fw/hdl/library'.
INFO: [IP_Flow 19-2313] Loaded Vivado IP repository '/tools/Xilinx/Vivado/2022.2/data/ip'.
INFO: [IP_Flow 19-6924] IPCACHE: Running cache check for IP inst: system_axi_ad9361_dac_dma_0
Command: synth_design -top system_axi_ad9361_dac_dma_0 -part xc7z010clg400-1 -incremental_mode off -mode out_of_context
Starting synth_design
Attempting to get a license for feature 'Synthesis' and/or device 'xc7z010'
INFO: [Common 17-349] Got license for feature 'Synthesis' and/or device 'xc7z010'
INFO: [Device 21-403] Loading part xc7z010clg400-1

*** Running vivado
    with args -log system_axi_ad9361_dac_dma_0.vds -m64 -product Vivado -mode batch -messageDb vivado.pb -notrace -source system_axi_ad9361_dac_dma_0.tcl


****** Vivado v2022.2 (64-bit)
  **** SW Build 3671981 on Fri Oct 14 04:59:54 MDT 2022
  **** IP Build 3669848 on Fri Oct 14 08:30:02 MDT 2022
    ** Copyright 1986-2022 Xilinx, Inc. All Rights Reserved.

source system_axi_ad9361_dac_dma_0.tcl -notrace
create_project: Time (s): cpu = 00:00:06 ; elapsed = 00:00:07 . Memory (MB): peak = 1326.270 ; gain = 0.023 ; free physical = 125 ; free virtual = 4282
INFO: [IP_Flow 19-234] Refreshing IP repositories
INFO: [IP_Flow 19-1700] Loaded user IP repository '/home/raincorn/pluto/plutosdr-fw/hdl/library'.
INFO: [IP_Flow 19-2313] Loaded Vivado IP repository '/tools/Xilinx/Vivado/2022.2/data/ip'.
INFO: [IP_Flow 19-6924] IPCACHE: Running cache check for IP inst: system_axi_ad9361_dac_dma_0
Command: synth_design -top system_axi_ad9361_dac_dma_0 -part xc7z010clg400-1 -incremental_mode off -mode out_of_context
Starting synth_design
Attempting to get a license for feature 'Synthesis' and/or device 'xc7z010'
INFO: [Common 17-349] Got license for feature 'Synthesis' and/or device 'xc7z010'
INFO: [Device 21-403] Loading part xc7z010clg400-1
INFO: [Synth 8-7079] Multithreading enabled for synth_design using a maximum of 4 processes.
INFO: [Synth 8-7078] Launching helper process for spawning children vivado processes
INFO: [Synth 8-7075] Helper process launched with PID 11723

*** Running vivado
    with args -log system_axi_ad9361_dac_dma_0.vds -m64 -product Vivado -mode batch -messageDb vivado.pb -notrace -source system_axi_ad9361_dac_dma_0.tcl


****** Vivado v2022.2 (64-bit)
  **** SW Build 3671981 on Fri Oct 14 04:59:54 MDT 2022
  **** IP Build 3669848 on Fri Oct 14 08:30:02 MDT 2022
    ** Copyright 1986-2022 Xilinx, Inc. All Rights Reserved.

source system_axi_ad9361_dac_dma_0.tcl -notrace
create_project: Time (s): cpu = 00:00:06 ; elapsed = 00:00:06 . Memory (MB): peak = 1323.301 ; gain = 0.023 ; free physical = 116 ; free virtual = 4047
INFO: [IP_Flow 19-234] Refreshing IP repositories
INFO: [IP_Flow 19-1700] Loaded user IP repository '/home/raincorn/pluto/plutosdr-fw/hdl/library'.
INFO: [IP_Flow 19-2313] Loaded Vivado IP repository '/tools/Xilinx/Vivado/2022.2/data/ip'.
INFO: [IP_Flow 19-6924] IPCACHE: Running cache check for IP inst: system_axi_ad9361_dac_dma_0
Command: synth_design -top system_axi_ad9361_dac_dma_0 -part xc7z010clg400-1 -incremental_mode off -mode out_of_context
Starting synth_design
Attempting to get a license for feature 'Synthesis' and/or device 'xc7z010'
INFO: [Common 17-349] Got license for feature 'Synthesis' and/or device 'xc7z010'
INFO: [Device 21-403] Loading part xc7z010clg400-1

*** Running vivado
    with args -log system_axi_ad9361_dac_dma_0.vds -m64 -product Vivado -mode batch -messageDb vivado.pb -notrace -source system_axi_ad9361_dac_dma_0.tcl


****** Vivado v2022.2 (64-bit)
  **** SW Build 3671981 on Fri Oct 14 04:59:54 MDT 2022
  **** IP Build 3669848 on Fri Oct 14 08:30:02 MDT 2022
    ** Copyright 1986-2022 Xilinx, Inc. All Rights Reserved.

source system_axi_ad9361_dac_dma_0.tcl -notrace
create_project: Time (s): cpu = 00:00:04 ; elapsed = 00:00:09 . Memory (MB): peak = 1332.023 ; gain = 0.023 ; free physical = 6482 ; free virtual = 12212
INFO: [IP_Flow 19-234] Refreshing IP repositories
INFO: [IP_Flow 19-1700] Loaded user IP repository '/home/raincorn/pluto/plutosdr-fw/hdl/library'.
INFO: [IP_Flow 19-2313] Loaded Vivado IP repository '/tools/Xilinx/Vivado/2022.2/data/ip'.
INFO: [IP_Flow 19-6924] IPCACHE: Running cache check for IP inst: system_axi_ad9361_dac_dma_0
Command: synth_design -top system_axi_ad9361_dac_dma_0 -part xc7z010clg400-1 -incremental_mode off -mode out_of_context
Starting synth_design
Attempting to get a license for feature 'Synthesis' and/or device 'xc7z010'
INFO: [Common 17-349] Got license for feature 'Synthesis' and/or device 'xc7z010'
INFO: [Device 21-403] Loading part xc7z010clg400-1
INFO: [Synth 8-7079] Multithreading enabled for synth_design using a maximum of 4 processes.
INFO: [Synth 8-7078] Launching helper process for spawning children vivado processes
INFO: [Synth 8-7075] Helper process launched with PID 4693

*** Running vivado
    with args -log system_axi_ad9361_dac_dma_0.vds -m64 -product Vivado -mode batch -messageDb vivado.pb -notrace -source system_axi_ad9361_dac_dma_0.tcl


****** Vivado v2022.2 (64-bit)
  **** SW Build 3671981 on Fri Oct 14 04:59:54 MDT 2022
  **** IP Build 3669848 on Fri Oct 14 08:30:02 MDT 2022
    ** Copyright 1986-2022 Xilinx, Inc. All Rights Reserved.

source system_axi_ad9361_dac_dma_0.tcl -notrace
INFO: [IP_Flow 19-234] Refreshing IP repositories
INFO: [IP_Flow 19-1700] Loaded user IP repository '/home/raincorn/pluto/plutosdr-fw/hdl/library'.
INFO: [IP_Flow 19-2313] Loaded Vivado IP repository '/tools/Xilinx/Vivado/2022.2/data/ip'.
INFO: [IP_Flow 19-6924] IPCACHE: Running cache check for IP inst: system_axi_ad9361_dac_dma_0
Command: synth_design -top system_axi_ad9361_dac_dma_0 -part xc7z010clg400-1 -incremental_mode off -mode out_of_context
Starting synth_design
Attempting to get a license for feature 'Synthesis' and/or device 'xc7z010'
INFO: [Common 17-349] Got license for feature 'Synthesis' and/or device 'xc7z010'
INFO: [Device 21-403] Loading part xc7z010clg400-1
INFO: [Synth 8-7079] Multithreading enabled for synth_design using a maximum of 4 processes.
INFO: [Synth 8-7078] Launching helper process for spawning children vivado processes
INFO: [Synth 8-7075] Helper process launched with PID 5433
INFO: [Synth 8-11241] undeclared symbol 'REGCCE', assumed default net type 'wire' [/tools/Xilinx/Vivado/2022.2/data/verilog/src/unimacro/BRAM_SINGLE_MACRO.v:2170]
INFO: [Synth 8-11241] undeclared symbol 'response_dest_partial', assumed default net type 'wire' [/home/raincorn/pluto/plutosdr-fw/hdl/projects/tjd/tjd.gen/sources_1/bd/system/ipshared/a40c/axi_dmac_response_manager.v:135]
INFO: [Synth 8-11241] undeclared symbol 'src_req_spltr_valid', assumed default net type 'wire' [/home/raincorn/pluto/plutosdr-fw/hdl/projects/tjd/tjd.gen/sources_1/bd/system/ipshared/a40c/request_arb.v:1054]
INFO: [Synth 8-11241] undeclared symbol 'src_req_spltr_ready', assumed default net type 'wire' [/home/raincorn/pluto/plutosdr-fw/hdl/projects/tjd/tjd.gen/sources_1/bd/system/ipshared/a40c/request_arb.v:1055]
---------------------------------------------------------------------------------
Starting RTL Elaboration : Time (s): cpu = 00:00:05 ; elapsed = 00:00:05 . Memory (MB): peak = 1950.262 ; gain = 371.770 ; free physical = 4507 ; free virtual = 10340
Synthesis current peak Physical Memory [PSS] (MB): peak = 1170.451; parent = 1038.639; children = 131.812
Synthesis current peak Virtual Memory [VSS] (MB): peak = 2956.805; parent = 1957.203; children = 999.602
---------------------------------------------------------------------------------
INFO: [Synth 8-6157] synthesizing module 'system_axi_ad9361_dac_dma_0' [/home/raincorn/pluto/plutosdr-fw/hdl/projects/tjd/tjd.gen/sources_1/bd/system/ip/system_axi_ad9361_dac_dma_0/synth/system_axi_ad9361_dac_dma_0.v:53]
INFO: [Synth 8-6157] synthesizing module 'axi_dmac' [/home/raincorn/pluto/plutosdr-fw/hdl/projects/tjd/tjd.gen/sources_1/bd/system/ipshared/a40c/axi_dmac.v:38]
INFO: [Synth 8-6157] synthesizing module 'axi_dmac_regmap' [/home/raincorn/pluto/plutosdr-fw/hdl/projects/tjd/tjd.gen/sources_1/bd/system/ipshared/a40c/axi_dmac_regmap.v:38]
INFO: [Synth 8-155] case statement is not full and has no default [/home/raincorn/pluto/plutosdr-fw/hdl/projects/tjd/tjd.gen/sources_1/bd/system/ipshared/a40c/axi_dmac_regmap.v:184]
INFO: [Synth 8-6157] synthesizing module 'axi_dmac_regmap_request' [/home/raincorn/pluto/plutosdr-fw/hdl/projects/tjd/tjd.gen/sources_1/bd/system/ipshared/a40c/axi_dmac_regmap_request.v:38]
INFO: [Synth 8-155] case statement is not full and has no default [/home/raincorn/pluto/plutosdr-fw/hdl/projects/tjd/tjd.gen/sources_1/bd/system/ipshared/a40c/axi_dmac_regmap_request.v:150]
INFO: [Synth 8-6157] synthesizing module 'util_axis_fifo' [/home/raincorn/pluto/plutosdr-fw/hdl/projects/tjd/tjd.gen/sources_1/bd/system/ipshared/8e37/util_axis_fifo.v:37]
INFO: [Synth 8-6157] synthesizing module 'util_axis_fifo_address_generator' [/home/raincorn/pluto/plutosdr-fw/hdl/projects/tjd/tjd.gen/sources_1/bd/system/ipshared/8e37/util_axis_fifo_address_generator.v:38]
INFO: [Synth 8-6155] done synthesizing module 'util_axis_fifo_address_generator' (0#1) [/home/raincorn/pluto/plutosdr-fw/hdl/projects/tjd/tjd.gen/sources_1/bd/system/ipshared/8e37/util_axis_fifo_address_generator.v:38]
INFO: [Synth 8-6155] done synthesizing module 'util_axis_fifo' (0#1) [/home/raincorn/pluto/plutosdr-fw/hdl/projects/tjd/tjd.gen/sources_1/bd/system/ipshared/8e37/util_axis_fifo.v:37]
WARNING: [Synth 8-7071] port 'm_axis_tkeep' of module 'util_axis_fifo' is unconnected for instance 'i_transfer_lenghts_fifo' [/home/raincorn/pluto/plutosdr-fw/hdl/projects/tjd/tjd.gen/sources_1/bd/system/ipshared/a40c/axi_dmac_regmap_request.v:308]
WARNING: [Synth 8-7071] port 'm_axis_tlast' of module 'util_axis_fifo' is unconnected for instance 'i_transfer_lenghts_fifo' [/home/raincorn/pluto/plutosdr-fw/hdl/projects/tjd/tjd.gen/sources_1/bd/system/ipshared/a40c/axi_dmac_regmap_request.v:308]
WARNING: [Synth 8-7071] port 'm_axis_almost_empty' of module 'util_axis_fifo' is unconnected for instance 'i_transfer_lenghts_fifo' [/home/raincorn/pluto/plutosdr-fw/hdl/projects/tjd/tjd.gen/sources_1/bd/system/ipshared/a40c/axi_dmac_regmap_request.v:308]
WARNING: [Synth 8-7071] port 's_axis_tkeep' of module 'util_axis_fifo' is unconnected for instance 'i_transfer_lenghts_fifo' [/home/raincorn/pluto/plutosdr-fw/hdl/projects/tjd/tjd.gen/sources_1/bd/system/ipshared/a40c/axi_dmac_regmap_request.v:308]
WARNING: [Synth 8-7071] port 's_axis_tlast' of module 'util_axis_fifo' is unconnected for instance 'i_transfer_lenghts_fifo' [/home/raincorn/pluto/plutosdr-fw/hdl/projects/tjd/tjd.gen/sources_1/bd/system/ipshared/a40c/axi_dmac_regmap_request.v:308]
WARNING: [Synth 8-7071] port 's_axis_almost_full' of module 'util_axis_fifo' is unconnected for instance 'i_transfer_lenghts_fifo' [/home/raincorn/pluto/plutosdr-fw/hdl/projects/tjd/tjd.gen/sources_1/bd/system/ipshared/a40c/axi_dmac_regmap_request.v:308]
WARNING: [Synth 8-7023] instance 'i_transfer_lenghts_fifo' of module 'util_axis_fifo' has 20 connections declared, but only 14 given [/home/raincorn/pluto/plutosdr-fw/hdl/projects/tjd/tjd.gen/sources_1/bd/system/ipshared/a40c/axi_dmac_regmap_request.v:308]
INFO: [Synth 8-6155] done synthesizing module 'axi_dmac_regmap_request' (0#1) [/home/raincorn/pluto/plutosdr-fw/hdl/projects/tjd/tjd.gen/sources_1/bd/system/ipshared/a40c/axi_dmac_regmap_request.v:38]
INFO: [Synth 8-6157] synthesizing module 'up_axi' [/home/raincorn/pluto/plutosdr-fw/hdl/projects/tjd/tjd.gen/sources_1/bd/system/ipshared/common/up_axi.v:38]
INFO: [Synth 8-6155] done synthesizing module 'up_axi' (0#1) [/home/raincorn/pluto/plutosdr-fw/hdl/projects/tjd/tjd.gen/sources_1/bd/system/ipshared/common/up_axi.v:38]
INFO: [Synth 8-6155] done synthesizing module 'axi_dmac_regmap' (0#1) [/home/raincorn/pluto/plutosdr-fw/hdl/projects/tjd/tjd.gen/sources_1/bd/system/ipshared/a40c/axi_dmac_regmap.v:38]
INFO: [Synth 8-6157] synthesizing module 'axi_dmac_transfer' [/home/raincorn/pluto/plutosdr-fw/hdl/projects/tjd/tjd.gen/sources_1/bd/system/ipshared/a40c/axi_dmac_transfer.v:38]
INFO: [Synth 8-6157] synthesizing module 'axi_dmac_reset_manager' [/home/raincorn/pluto/plutosdr-fw/hdl/projects/tjd/tjd.gen/sources_1/bd/system/ipshared/a40c/axi_dmac_reset_manager.v:38]
INFO: [Synth 8-155] case statement is not full and has no default [/home/raincorn/pluto/plutosdr-fw/hdl/projects/tjd/tjd.gen/sources_1/bd/system/ipshared/a40c/axi_dmac_reset_manager.v:156]
INFO: [Synth 8-6157] synthesizing module 'sync_bits' [/home/raincorn/pluto/plutosdr-fw/hdl/projects/tjd/tjd.gen/sources_1/bd/system/ipshared/5013/sync_bits.v:46]
INFO: [Synth 8-6155] done synthesizing module 'sync_bits' (0#1) [/home/raincorn/pluto/plutosdr-fw/hdl/projects/tjd/tjd.gen/sources_1/bd/system/ipshared/5013/sync_bits.v:46]
INFO: [Synth 8-6157] synthesizing module 'sync_bits__parameterized0' [/home/raincorn/pluto/plutosdr-fw/hdl/projects/tjd/tjd.gen/sources_1/bd/system/ipshared/5013/sync_bits.v:46]
INFO: [Synth 8-6155] done synthesizing module 'sync_bits__parameterized0' (0#1) [/home/raincorn/pluto/plutosdr-fw/hdl/projects/tjd/tjd.gen/sources_1/bd/system/ipshared/5013/sync_bits.v:46]
INFO: [Synth 8-6155] done synthesizing module 'axi_dmac_reset_manager' (0#1) [/home/raincorn/pluto/plutosdr-fw/hdl/projects/tjd/tjd.gen/sources_1/bd/system/ipshared/a40c/axi_dmac_reset_manager.v:38]
INFO: [Synth 8-6157] synthesizing module 'request_arb' [/home/raincorn/pluto/plutosdr-fw/hdl/projects/tjd/tjd.gen/sources_1/bd/system/ipshared/a40c/request_arb.v:38]
INFO: [Synth 8-6157] synthesizing module 'dest_axi_stream' [/home/raincorn/pluto/plutosdr-fw/hdl/projects/tjd/tjd.gen/sources_1/bd/system/ipshared/a40c/dest_axi_stream.v:38]
INFO: [Synth 8-6157] synthesizing module 'response_generator' [/home/raincorn/pluto/plutosdr-fw/hdl/projects/tjd/tjd.gen/sources_1/bd/system/ipshared/a40c/response_generator.v:38]
INFO: [Synth 8-6155] done synthesizing module 'response_generator' (0#1) [/home/raincorn/pluto/plutosdr-fw/hdl/projects/tjd/tjd.gen/sources_1/bd/system/ipshared/a40c/response_generator.v:38]
INFO: [Synth 8-6155] done synthesizing module 'dest_axi_stream' (0#1) [/home/raincorn/pluto/plutosdr-fw/hdl/projects/tjd/tjd.gen/sources_1/bd/system/ipshared/a40c/dest_axi_stream.v:38]
INFO: [Synth 8-6157] synthesizing module 'src_axi_mm' [/home/raincorn/pluto/plutosdr-fw/hdl/projects/tjd/tjd.gen/sources_1/bd/system/ipshared/a40c/src_axi_mm.v:38]
INFO: [Synth 8-6157] synthesizing module 'splitter' [/home/raincorn/pluto/plutosdr-fw/hdl/projects/tjd/tjd.gen/sources_1/bd/system/ipshared/a40c/splitter.v:38]
INFO: [Synth 8-6155] done synthesizing module 'splitter' (0#1) [/home/raincorn/pluto/plutosdr-fw/hdl/projects/tjd/tjd.gen/sources_1/bd/system/ipshared/a40c/splitter.v:38]
INFO: [Synth 8-6157] synthesizing module 'address_generator' [/home/raincorn/pluto/plutosdr-fw/hdl/projects/tjd/tjd.gen/sources_1/bd/system/ipshared/a40c/address_generator.v:38]
INFO: [Synth 8-6155] done synthesizing module 'address_generator' (0#1) [/home/raincorn/pluto/plutosdr-fw/hdl/projects/tjd/tjd.gen/sources_1/bd/system/ipshared/a40c/address_generator.v:38]
INFO: [Synth 8-6155] done synthesizing module 'src_axi_mm' (0#1) [/home/raincorn/pluto/plutosdr-fw/hdl/projects/tjd/tjd.gen/sources_1/bd/system/ipshared/a40c/src_axi_mm.v:38]
INFO: [Synth 8-6157] synthesizing module 'sync_bits__parameterized1' [/home/raincorn/pluto/plutosdr-fw/hdl/projects/tjd/tjd.gen/sources_1/bd/system/ipshared/5013/sync_bits.v:46]
INFO: [Synth 8-6155] done synthesizing module 'sync_bits__parameterized1' (0#1) [/home/raincorn/pluto/plutosdr-fw/hdl/projects/tjd/tjd.gen/sources_1/bd/system/ipshared/5013/sync_bits.v:46]
INFO: [Synth 8-6157] synthesizing module 'sync_bits__parameterized2' [/home/raincorn/pluto/plutosdr-fw/hdl/projects/tjd/tjd.gen/sources_1/bd/system/ipshared/5013/sync_bits.v:46]
INFO: [Synth 8-6155] done synthesizing module 'sync_bits__parameterized2' (0#1) [/home/raincorn/pluto/plutosdr-fw/hdl/projects/tjd/tjd.gen/sources_1/bd/system/ipshared/5013/sync_bits.v:46]
INFO: [Synth 8-6157] synthesizing module 'axi_register_slice' [/home/raincorn/pluto/plutosdr-fw/hdl/projects/tjd/tjd.gen/sources_1/bd/system/ipshared/a40c/axi_register_slice.v:38]
INFO: [Synth 8-6155] done synthesizing module 'axi_register_slice' (0#1) [/home/raincorn/pluto/plutosdr-fw/hdl/projects/tjd/tjd.gen/sources_1/bd/system/ipshared/a40c/axi_register_slice.v:38]
INFO: [Synth 8-6157] synthesizing module 'axi_dmac_burst_memory' [/home/raincorn/pluto/plutosdr-fw/hdl/projects/tjd/tjd.gen/sources_1/bd/system/ipshared/a40c/axi_dmac_burst_memory.v:38]
INFO: [Synth 8-6157] synthesizing module 'axi_dmac_resize_src' [/home/raincorn/pluto/plutosdr-fw/hdl/projects/tjd/tjd.gen/sources_1/bd/system/ipshared/a40c/axi_dmac_resize_src.v:43]
INFO: [Synth 8-6155] done synthesizing module 'axi_dmac_resize_src' (0#1) [/home/raincorn/pluto/plutosdr-fw/hdl/projects/tjd/tjd.gen/sources_1/bd/system/ipshared/a40c/axi_dmac_resize_src.v:43]
INFO: [Synth 8-6157] synthesizing module 'ad_mem_asym' [/home/raincorn/pluto/plutosdr-fw/hdl/projects/tjd/tjd.gen/sources_1/bd/system/ipshared/common/ad_mem_asym.v:41]
INFO: [Synth 8-6155] done synthesizing module 'ad_mem_asym' (0#1) [/home/raincorn/pluto/plutosdr-fw/hdl/projects/tjd/tjd.gen/sources_1/bd/system/ipshared/common/ad_mem_asym.v:41]
INFO: [Synth 8-6157] synthesizing module 'axi_dmac_resize_dest' [/home/raincorn/pluto/plutosdr-fw/hdl/projects/tjd/tjd.gen/sources_1/bd/system/ipshared/a40c/axi_dmac_resize_dest.v:38]
INFO: [Synth 8-6155] done synthesizing module 'axi_dmac_resize_dest' (0#1) [/home/raincorn/pluto/plutosdr-fw/hdl/projects/tjd/tjd.gen/sources_1/bd/system/ipshared/a40c/axi_dmac_resize_dest.v:38]
INFO: [Synth 8-6155] done synthesizing module 'axi_dmac_burst_memory' (0#1) [/home/raincorn/pluto/plutosdr-fw/hdl/projects/tjd/tjd.gen/sources_1/bd/system/ipshared/a40c/axi_dmac_burst_memory.v:38]
INFO: [Synth 8-6157] synthesizing module 'axi_register_slice__parameterized0' [/home/raincorn/pluto/plutosdr-fw/hdl/projects/tjd/tjd.gen/sources_1/bd/system/ipshared/a40c/axi_register_slice.v:38]
INFO: [Synth 8-6155] done synthesizing module 'axi_register_slice__parameterized0' (0#1) [/home/raincorn/pluto/plutosdr-fw/hdl/projects/tjd/tjd.gen/sources_1/bd/system/ipshared/a40c/axi_register_slice.v:38]
INFO: [Synth 8-6157] synthesizing module 'util_axis_fifo__parameterized0' [/home/raincorn/pluto/plutosdr-fw/hdl/projects/tjd/tjd.gen/sources_1/bd/system/ipshared/8e37/util_axis_fifo.v:37]
INFO: [Synth 8-6155] done synthesizing module 'util_axis_fifo__parameterized0' (0#1) [/home/raincorn/pluto/plutosdr-fw/hdl/projects/tjd/tjd.gen/sources_1/bd/system/ipshared/8e37/util_axis_fifo.v:37]
WARNING: [Synth 8-7071] port 'm_axis_tkeep' of module 'util_axis_fifo' is unconnected for instance 'i_dest_req_fifo' [/home/raincorn/pluto/plutosdr-fw/hdl/projects/tjd/tjd.gen/sources_1/bd/system/ipshared/a40c/request_arb.v:1013]
WARNING: [Synth 8-7071] port 'm_axis_tlast' of module 'util_axis_fifo' is unconnected for instance 'i_dest_req_fifo' [/home/raincorn/pluto/plutosdr-fw/hdl/projects/tjd/tjd.gen/sources_1/bd/system/ipshared/a40c/request_arb.v:1013]
WARNING: [Synth 8-7071] port 'm_axis_almost_empty' of module 'util_axis_fifo' is unconnected for instance 'i_dest_req_fifo' [/home/raincorn/pluto/plutosdr-fw/hdl/projects/tjd/tjd.gen/sources_1/bd/system/ipshared/a40c/request_arb.v:1013]
WARNING: [Synth 8-7071] port 's_axis_tkeep' of module 'util_axis_fifo' is unconnected for instance 'i_dest_req_fifo' [/home/raincorn/pluto/plutosdr-fw/hdl/projects/tjd/tjd.gen/sources_1/bd/system/ipshared/a40c/request_arb.v:1013]
WARNING: [Synth 8-7071] port 's_axis_tlast' of module 'util_axis_fifo' is unconnected for instance 'i_dest_req_fifo' [/home/raincorn/pluto/plutosdr-fw/hdl/projects/tjd/tjd.gen/sources_1/bd/system/ipshared/a40c/request_arb.v:1013]
WARNING: [Synth 8-7071] port 's_axis_almost_full' of module 'util_axis_fifo' is unconnected for instance 'i_dest_req_fifo' [/home/raincorn/pluto/plutosdr-fw/hdl/projects/tjd/tjd.gen/sources_1/bd/system/ipshared/a40c/request_arb.v:1013]
WARNING: [Synth 8-7023] instance 'i_dest_req_fifo' of module 'util_axis_fifo' has 20 connections declared, but only 14 given [/home/raincorn/pluto/plutosdr-fw/hdl/projects/tjd/tjd.gen/sources_1/bd/system/ipshared/a40c/request_arb.v:1013]
INFO: [Synth 8-6157] synthesizing module 'util_axis_fifo__parameterized1' [/home/raincorn/pluto/plutosdr-fw/hdl/projects/tjd/tjd.gen/sources_1/bd/system/ipshared/8e37/util_axis_fifo.v:37]
INFO: [Synth 8-6155] done synthesizing module 'util_axis_fifo__parameterized1' (0#1) [/home/raincorn/pluto/plutosdr-fw/hdl/projects/tjd/tjd.gen/sources_1/bd/system/ipshared/8e37/util_axis_fifo.v:37]
WARNING: [Synth 8-7071] port 'm_axis_tkeep' of module 'util_axis_fifo' is unconnected for instance 'i_src_req_fifo' [/home/raincorn/pluto/plutosdr-fw/hdl/projects/tjd/tjd.gen/sources_1/bd/system/ipshared/a40c/request_arb.v:1038]
WARNING: [Synth 8-7071] port 'm_axis_tlast' of module 'util_axis_fifo' is unconnected for instance 'i_src_req_fifo' [/home/raincorn/pluto/plutosdr-fw/hdl/projects/tjd/tjd.gen/sources_1/bd/system/ipshared/a40c/request_arb.v:1038]
WARNING: [Synth 8-7071] port 'm_axis_almost_empty' of module 'util_axis_fifo' is unconnected for instance 'i_src_req_fifo' [/home/raincorn/pluto/plutosdr-fw/hdl/projects/tjd/tjd.gen/sources_1/bd/system/ipshared/a40c/request_arb.v:1038]
WARNING: [Synth 8-7071] port 's_axis_tkeep' of module 'util_axis_fifo' is unconnected for instance 'i_src_req_fifo' [/home/raincorn/pluto/plutosdr-fw/hdl/projects/tjd/tjd.gen/sources_1/bd/system/ipshared/a40c/request_arb.v:1038]
WARNING: [Synth 8-7071] port 's_axis_tlast' of module 'util_axis_fifo' is unconnected for instance 'i_src_req_fifo' [/home/raincorn/pluto/plutosdr-fw/hdl/projects/tjd/tjd.gen/sources_1/bd/system/ipshared/a40c/request_arb.v:1038]
WARNING: [Synth 8-7071] port 's_axis_almost_full' of module 'util_axis_fifo' is unconnected for instance 'i_src_req_fifo' [/home/raincorn/pluto/plutosdr-fw/hdl/projects/tjd/tjd.gen/sources_1/bd/system/ipshared/a40c/request_arb.v:1038]
WARNING: [Synth 8-7023] instance 'i_src_req_fifo' of module 'util_axis_fifo' has 20 connections declared, but only 14 given [/home/raincorn/pluto/plutosdr-fw/hdl/projects/tjd/tjd.gen/sources_1/bd/system/ipshared/a40c/request_arb.v:1038]
INFO: [Synth 8-6157] synthesizing module 'request_generator' [/home/raincorn/pluto/plutosdr-fw/hdl/projects/tjd/tjd.gen/sources_1/bd/system/ipshared/a40c/request_generator.v:38]
INFO: [Synth 8-6155] done synthesizing module 'request_generator' (0#1) [/home/raincorn/pluto/plutosdr-fw/hdl/projects/tjd/tjd.gen/sources_1/bd/system/ipshared/a40c/request_generator.v:38]
INFO: [Synth 8-6157] synthesizing module 'axi_dmac_response_manager' [/home/raincorn/pluto/plutosdr-fw/hdl/projects/tjd/tjd.gen/sources_1/bd/system/ipshared/a40c/axi_dmac_response_manager.v:38]
INFO: [Synth 8-6157] synthesizing module 'util_axis_fifo__parameterized2' [/home/raincorn/pluto/plutosdr-fw/hdl/projects/tjd/tjd.gen/sources_1/bd/system/ipshared/8e37/util_axis_fifo.v:37]
INFO: [Synth 8-6155] done synthesizing module 'util_axis_fifo__parameterized2' (0#1) [/home/raincorn/pluto/plutosdr-fw/hdl/projects/tjd/tjd.gen/sources_1/bd/system/ipshared/8e37/util_axis_fifo.v:37]
WARNING: [Synth 8-7071] port 'm_axis_tkeep' of module 'util_axis_fifo' is unconnected for instance 'i_dest_response_fifo' [/home/raincorn/pluto/plutosdr-fw/hdl/projects/tjd/tjd.gen/sources_1/bd/system/ipshared/a40c/axi_dmac_response_manager.v:119]
WARNING: [Synth 8-7071] port 'm_axis_tlast' of module 'util_axis_fifo' is unconnected for instance 'i_dest_response_fifo' [/home/raincorn/pluto/plutosdr-fw/hdl/projects/tjd/tjd.gen/sources_1/bd/system/ipshared/a40c/axi_dmac_response_manager.v:119]
WARNING: [Synth 8-7071] port 'm_axis_almost_empty' of module 'util_axis_fifo' is unconnected for instance 'i_dest_response_fifo' [/home/raincorn/pluto/plutosdr-fw/hdl/projects/tjd/tjd.gen/sources_1/bd/system/ipshared/a40c/axi_dmac_response_manager.v:119]
WARNING: [Synth 8-7071] port 's_axis_tkeep' of module 'util_axis_fifo' is unconnected for instance 'i_dest_response_fifo' [/home/raincorn/pluto/plutosdr-fw/hdl/projects/tjd/tjd.gen/sources_1/bd/system/ipshared/a40c/axi_dmac_response_manager.v:119]
WARNING: [Synth 8-7071] port 's_axis_tlast' of module 'util_axis_fifo' is unconnected for instance 'i_dest_response_fifo' [/home/raincorn/pluto/plutosdr-fw/hdl/projects/tjd/tjd.gen/sources_1/bd/system/ipshared/a40c/axi_dmac_response_manager.v:119]
WARNING: [Synth 8-7071] port 's_axis_almost_full' of module 'util_axis_fifo' is unconnected for instance 'i_dest_response_fifo' [/home/raincorn/pluto/plutosdr-fw/hdl/projects/tjd/tjd.gen/sources_1/bd/system/ipshared/a40c/axi_dmac_response_manager.v:119]
WARNING: [Synth 8-7023] instance 'i_dest_response_fifo' of module 'util_axis_fifo' has 20 connections declared, but only 14 given [/home/raincorn/pluto/plutosdr-fw/hdl/projects/tjd/tjd.gen/sources_1/bd/system/ipshared/a40c/axi_dmac_response_manager.v:119]
INFO: [Synth 8-6155] done synthesizing module 'axi_dmac_response_manager' (0#1) [/home/raincorn/pluto/plutosdr-fw/hdl/projects/tjd/tjd.gen/sources_1/bd/system/ipshared/a40c/axi_dmac_response_manager.v:38]
INFO: [Synth 8-6155] done synthesizing module 'request_arb' (0#1) [/home/raincorn/pluto/plutosdr-fw/hdl/projects/tjd/tjd.gen/sources_1/bd/system/ipshared/a40c/request_arb.v:38]
INFO: [Synth 8-6155] done synthesizing module 'axi_dmac_transfer' (0#1) [/home/raincorn/pluto/plutosdr-fw/hdl/projects/tjd/tjd.gen/sources_1/bd/system/ipshared/a40c/axi_dmac_transfer.v:38]
INFO: [Synth 8-6155] done synthesizing module 'axi_dmac' (0#1) [/home/raincorn/pluto/plutosdr-fw/hdl/projects/tjd/tjd.gen/sources_1/bd/system/ipshared/a40c/axi_dmac.v:38]
INFO: [Synth 8-6155] done synthesizing module 'system_axi_ad9361_dac_dma_0' (0#1) [/home/raincorn/pluto/plutosdr-fw/hdl/projects/tjd/tjd.gen/sources_1/bd/system/ip/system_axi_ad9361_dac_dma_0/synth/system_axi_ad9361_dac_dma_0.v:53]
WARNING: [Synth 8-3848] Net m_axis_tkeep in module/entity util_axis_fifo does not have driver. [/home/raincorn/pluto/plutosdr-fw/hdl/projects/tjd/tjd.gen/sources_1/bd/system/ipshared/8e37/util_axis_fifo.v:53]
WARNING: [Synth 8-3848] Net m_axis_tlast in module/entity util_axis_fifo does not have driver. [/home/raincorn/pluto/plutosdr-fw/hdl/projects/tjd/tjd.gen/sources_1/bd/system/ipshared/8e37/util_axis_fifo.v:54]
WARNING: [Synth 8-3848] Net m_axis_tkeep in module/entity util_axis_fifo__parameterized0 does not have driver. [/home/raincorn/pluto/plutosdr-fw/hdl/projects/tjd/tjd.gen/sources_1/bd/system/ipshared/8e37/util_axis_fifo.v:53]
WARNING: [Synth 8-3848] Net m_axis_tlast in module/entity util_axis_fifo__parameterized0 does not have driver. [/home/raincorn/pluto/plutosdr-fw/hdl/projects/tjd/tjd.gen/sources_1/bd/system/ipshared/8e37/util_axis_fifo.v:54]
WARNING: [Synth 8-3848] Net m_axis_tkeep in module/entity util_axis_fifo__parameterized1 does not have driver. [/home/raincorn/pluto/plutosdr-fw/hdl/projects/tjd/tjd.gen/sources_1/bd/system/ipshared/8e37/util_axis_fifo.v:53]
WARNING: [Synth 8-3848] Net m_axis_tlast in module/entity util_axis_fifo__parameterized1 does not have driver. [/home/raincorn/pluto/plutosdr-fw/hdl/projects/tjd/tjd.gen/sources_1/bd/system/ipshared/8e37/util_axis_fifo.v:54]
WARNING: [Synth 8-3848] Net m_axis_tkeep in module/entity util_axis_fifo__parameterized2 does not have driver. [/home/raincorn/pluto/plutosdr-fw/hdl/projects/tjd/tjd.gen/sources_1/bd/system/ipshared/8e37/util_axis_fifo.v:53]
WARNING: [Synth 8-3848] Net m_axis_tlast in module/entity util_axis_fifo__parameterized2 does not have driver. [/home/raincorn/pluto/plutosdr-fw/hdl/projects/tjd/tjd.gen/sources_1/bd/system/ipshared/8e37/util_axis_fifo.v:54]
WARNING: [Synth 8-7129] Port m_axis_tkeep[0] in module util_axis_fifo__parameterized2 is either unconnected or has no load
WARNING: [Synth 8-7129] Port m_axis_tlast in module util_axis_fifo__parameterized2 is either unconnected or has no load
WARNING: [Synth 8-7129] Port s_axis_tkeep[0] in module util_axis_fifo__parameterized2 is either unconnected or has no load
WARNING: [Synth 8-7129] Port s_axis_tlast in module util_axis_fifo__parameterized2 is either unconnected or has no load
WARNING: [Synth 8-7129] Port dest_response_resp[1] in module axi_dmac_response_manager is either unconnected or has no load
WARNING: [Synth 8-7129] Port dest_response_resp[0] in module axi_dmac_response_manager is either unconnected or has no load
WARNING: [Synth 8-7129] Port m_axis_tkeep[6] in module util_axis_fifo__parameterized1 is either unconnected or has no load
WARNING: [Synth 8-7129] Port m_axis_tkeep[5] in module util_axis_fifo__parameterized1 is either unconnected or has no load
WARNING: [Synth 8-7129] Port m_axis_tkeep[4] in module util_axis_fifo__parameterized1 is either unconnected or has no load
WARNING: [Synth 8-7129] Port m_axis_tkeep[3] in module util_axis_fifo__parameterized1 is either unconnected or has no load
WARNING: [Synth 8-7129] Port m_axis_tkeep[2] in module util_axis_fifo__parameterized1 is either unconnected or has no load
WARNING: [Synth 8-7129] Port m_axis_tkeep[1] in module util_axis_fifo__parameterized1 is either unconnected or has no load
WARNING: [Synth 8-7129] Port m_axis_tkeep[0] in module util_axis_fifo__parameterized1 is either unconnected or has no load
WARNING: [Synth 8-7129] Port m_axis_tlast in module util_axis_fifo__parameterized1 is either unconnected or has no load
WARNING: [Synth 8-7129] Port m_axis_aclk in module util_axis_fifo__parameterized1 is either unconnected or has no load
WARNING: [Synth 8-7129] Port m_axis_aresetn in module util_axis_fifo__parameterized1 is either unconnected or has no load
WARNING: [Synth 8-7129] Port s_axis_tkeep[6] in module util_axis_fifo__parameterized1 is either unconnected or has no load
WARNING: [Synth 8-7129] Port s_axis_tkeep[5] in module util_axis_fifo__parameterized1 is either unconnected or has no load
WARNING: [Synth 8-7129] Port s_axis_tkeep[4] in module util_axis_fifo__parameterized1 is either unconnected or has no load
WARNING: [Synth 8-7129] Port s_axis_tkeep[3] in module util_axis_fifo__parameterized1 is either unconnected or has no load
WARNING: [Synth 8-7129] Port s_axis_tkeep[2] in module util_axis_fifo__parameterized1 is either unconnected or has no load
WARNING: [Synth 8-7129] Port s_axis_tkeep[1] in module util_axis_fifo__parameterized1 is either unconnected or has no load
WARNING: [Synth 8-7129] Port s_axis_tkeep[0] in module util_axis_fifo__parameterized1 is either unconnected or has no load
WARNING: [Synth 8-7129] Port s_axis_tlast in module util_axis_fifo__parameterized1 is either unconnected or has no load
WARNING: [Synth 8-7129] Port m_axis_tkeep[2] in module util_axis_fifo__parameterized0 is either unconnected or has no load
WARNING: [Synth 8-7129] Port m_axis_tkeep[1] in module util_axis_fifo__parameterized0 is either unconnected or has no load
WARNING: [Synth 8-7129] Port m_axis_tkeep[0] in module util_axis_fifo__parameterized0 is either unconnected or has no load
WARNING: [Synth 8-7129] Port m_axis_tlast in module util_axis_fifo__parameterized0 is either unconnected or has no load
WARNING: [Synth 8-7129] Port s_axis_tkeep[2] in module util_axis_fifo__parameterized0 is either unconnected or has no load
WARNING: [Synth 8-7129] Port s_axis_tkeep[1] in module util_axis_fifo__parameterized0 is either unconnected or has no load
WARNING: [Synth 8-7129] Port s_axis_tkeep[0] in module util_axis_fifo__parameterized0 is either unconnected or has no load
WARNING: [Synth 8-7129] Port s_axis_tlast in module util_axis_fifo__parameterized0 is either unconnected or has no load
WARNING: [Synth 8-7129] Port clk in module axi_register_slice__parameterized0 is either unconnected or has no load
WARNING: [Synth 8-7129] Port resetn in module axi_register_slice__parameterized0 is either unconnected or has no load
WARNING: [Synth 8-7129] Port clk in module axi_dmac_resize_dest is either unconnected or has no load
WARNING: [Synth 8-7129] Port reset in module axi_dmac_resize_dest is either unconnected or has no load
WARNING: [Synth 8-7129] Port clk in module axi_dmac_resize_src is either unconnected or has no load
WARNING: [Synth 8-7129] Port reset in module axi_dmac_resize_src is either unconnected or has no load
WARNING: [Synth 8-7129] Port clk in module axi_register_slice is either unconnected or has no load
WARNING: [Synth 8-7129] Port resetn in module axi_register_slice is either unconnected or has no load
WARNING: [Synth 8-7129] Port out_resetn in module sync_bits__parameterized1 is either unconnected or has no load
WARNING: [Synth 8-7129] Port out_clk in module sync_bits__parameterized1 is either unconnected or has no load
WARNING: [Synth 8-7129] Port m_axi_rresp[1] in module src_axi_mm is either unconnected or has no load
WARNING: [Synth 8-7129] Port m_axi_rresp[0] in module src_axi_mm is either unconnected or has no load
WARNING: [Synth 8-7129] Port m_dest_axi_aclk in module request_arb is either unconnected or has no load
WARNING: [Synth 8-7129] Port m_dest_axi_aresetn in module request_arb is either unconnected or has no load
WARNING: [Synth 8-7129] Port m_axi_awready in module request_arb is either unconnected or has no load
WARNING: [Synth 8-7129] Port m_axi_wready in module request_arb is either unconnected or has no load
WARNING: [Synth 8-7129] Port m_axi_bvalid in module request_arb is either unconnected or has no load
WARNING: [Synth 8-7129] Port m_axi_bresp[1] in module request_arb is either unconnected or has no load
WARNING: [Synth 8-7129] Port m_axi_bresp[0] in module request_arb is either unconnected or has no load
WARNING: [Synth 8-7129] Port s_axis_aclk in module request_arb is either unconnected or has no load
WARNING: [Synth 8-7129] Port s_axis_valid in module request_arb is either unconnected or has no load
WARNING: [Synth 8-7129] Port s_axis_data[63] in module request_arb is either unconnected or has no load
WARNING: [Synth 8-7129] Port s_axis_data[62] in module request_arb is either unconnected or has no load
WARNING: [Synth 8-7129] Port s_axis_data[61] in module request_arb is either unconnected or has no load
WARNING: [Synth 8-7129] Port s_axis_data[60] in module request_arb is either unconnected or has no load
WARNING: [Synth 8-7129] Port s_axis_data[59] in module request_arb is either unconnected or has no load
WARNING: [Synth 8-7129] Port s_axis_data[58] in module request_arb is either unconnected or has no load
WARNING: [Synth 8-7129] Port s_axis_data[57] in module request_arb is either unconnected or has no load
WARNING: [Synth 8-7129] Port s_axis_data[56] in module request_arb is either unconnected or has no load
WARNING: [Synth 8-7129] Port s_axis_data[55] in module request_arb is either unconnected or has no load
WARNING: [Synth 8-7129] Port s_axis_data[54] in module request_arb is either unconnected or has no load
WARNING: [Synth 8-7129] Port s_axis_data[53] in module request_arb is either unconnected or has no load
WARNING: [Synth 8-7129] Port s_axis_data[52] in module request_arb is either unconnected or has no load
WARNING: [Synth 8-7129] Port s_axis_data[51] in module request_arb is either unconnected or has no load
WARNING: [Synth 8-7129] Port s_axis_data[50] in module request_arb is either unconnected or has no load
WARNING: [Synth 8-7129] Port s_axis_data[49] in module request_arb is either unconnected or has no load
WARNING: [Synth 8-7129] Port s_axis_data[48] in module request_arb is either unconnected or has no load
WARNING: [Synth 8-7129] Port s_axis_data[47] in module request_arb is either unconnected or has no load
WARNING: [Synth 8-7129] Port s_axis_data[46] in module request_arb is either unconnected or has no load
WARNING: [Synth 8-7129] Port s_axis_data[45] in module request_arb is either unconnected or has no load
WARNING: [Synth 8-7129] Port s_axis_data[44] in module request_arb is either unconnected or has no load
WARNING: [Synth 8-7129] Port s_axis_data[43] in module request_arb is either unconnected or has no load
WARNING: [Synth 8-7129] Port s_axis_data[42] in module request_arb is either unconnected or has no load
WARNING: [Synth 8-7129] Port s_axis_data[41] in module request_arb is either unconnected or has no load
WARNING: [Synth 8-7129] Port s_axis_data[40] in module request_arb is either unconnected or has no load
WARNING: [Synth 8-7129] Port s_axis_data[39] in module request_arb is either unconnected or has no load
WARNING: [Synth 8-7129] Port s_axis_data[38] in module request_arb is either unconnected or has no load
WARNING: [Synth 8-7129] Port s_axis_data[37] in module request_arb is either unconnected or has no load
WARNING: [Synth 8-7129] Port s_axis_data[36] in module request_arb is either unconnected or has no load
WARNING: [Synth 8-7129] Port s_axis_data[35] in module request_arb is either unconnected or has no load
WARNING: [Synth 8-7129] Port s_axis_data[34] in module request_arb is either unconnected or has no load
WARNING: [Synth 8-7129] Port s_axis_data[33] in module request_arb is either unconnected or has no load
WARNING: [Synth 8-7129] Port s_axis_data[32] in module request_arb is either unconnected or has no load
WARNING: [Synth 8-7129] Port s_axis_data[31] in module request_arb is either unconnected or has no load
WARNING: [Synth 8-7129] Port s_axis_data[30] in module request_arb is either unconnected or has no load
WARNING: [Synth 8-7129] Port s_axis_data[29] in module request_arb is either unconnected or has no load
WARNING: [Synth 8-7129] Port s_axis_data[28] in module request_arb is either unconnected or has no load
WARNING: [Synth 8-7129] Port s_axis_data[27] in module request_arb is either unconnected or has no load
WARNING: [Synth 8-7129] Port s_axis_data[26] in module request_arb is either unconnected or has no load
WARNING: [Synth 8-7129] Port s_axis_data[25] in module request_arb is either unconnected or has no load
WARNING: [Synth 8-7129] Port s_axis_data[24] in module request_arb is either unconnected or has no load
WARNING: [Synth 8-7129] Port s_axis_data[23] in module request_arb is either unconnected or has no load
WARNING: [Synth 8-7129] Port s_axis_data[22] in module request_arb is either unconnected or has no load
WARNING: [Synth 8-7129] Port s_axis_data[21] in module request_arb is either unconnected or has no load
WARNING: [Synth 8-7129] Port s_axis_data[20] in module request_arb is either unconnected or has no load
WARNING: [Synth 8-7129] Port s_axis_data[19] in module request_arb is either unconnected or has no load
WARNING: [Synth 8-7129] Port s_axis_data[18] in module request_arb is either unconnected or has no load
WARNING: [Synth 8-7129] Port s_axis_data[17] in module request_arb is either unconnected or has no load
INFO: [Common 17-14] Message 'Synth 8-7129' appears 100 times and further instances of the messages will be disabled. Use the Tcl command set_msg_config to change the current settings.
---------------------------------------------------------------------------------
Finished RTL Elaboration : Time (s): cpu = 00:00:06 ; elapsed = 00:00:07 . Memory (MB): peak = 2034.168 ; gain = 455.676 ; free physical = 4286 ; free virtual = 10122
Synthesis current peak Physical Memory [PSS] (MB): peak = 1170.451; parent = 1038.639; children = 131.812
Synthesis current peak Virtual Memory [VSS] (MB): peak = 3033.773; parent = 2034.172; children = 999.602
---------------------------------------------------------------------------------
---------------------------------------------------------------------------------
Start Handling Custom Attributes
---------------------------------------------------------------------------------
---------------------------------------------------------------------------------
Finished Handling Custom Attributes : Time (s): cpu = 00:00:06 ; elapsed = 00:00:07 . Memory (MB): peak = 2051.980 ; gain = 473.488 ; free physical = 4412 ; free virtual = 10251
Synthesis current peak Physical Memory [PSS] (MB): peak = 1170.451; parent = 1038.639; children = 131.812
Synthesis current peak Virtual Memory [VSS] (MB): peak = 3051.586; parent = 2051.984; children = 999.602
---------------------------------------------------------------------------------
---------------------------------------------------------------------------------
Finished RTL Optimization Phase 1 : Time (s): cpu = 00:00:06 ; elapsed = 00:00:08 . Memory (MB): peak = 2051.980 ; gain = 473.488 ; free physical = 4403 ; free virtual = 10244
Synthesis current peak Physical Memory [PSS] (MB): peak = 1170.451; parent = 1038.639; children = 131.812
Synthesis current peak Virtual Memory [VSS] (MB): peak = 3051.586; parent = 2051.984; children = 999.602
---------------------------------------------------------------------------------
Netlist sorting complete. Time (s): cpu = 00:00:00.03 ; elapsed = 00:00:00.03 . Memory (MB): peak = 2051.980 ; gain = 0.000 ; free physical = 4315 ; free virtual = 10153
INFO: [Project 1-570] Preparing netlist for logic optimization

Processing XDC Constraints
Initializing timing engine
Parsing XDC File [/home/raincorn/pluto/plutosdr-fw/hdl/projects/tjd/tjd.runs/system_axi_ad9361_dac_dma_0_synth_1/dont_touch.xdc]
Finished Parsing XDC File [/home/raincorn/pluto/plutosdr-fw/hdl/projects/tjd/tjd.runs/system_axi_ad9361_dac_dma_0_synth_1/dont_touch.xdc]
Parsing XDC File [/home/raincorn/pluto/plutosdr-fw/hdl/projects/tjd/tjd.gen/sources_1/bd/system/ip/system_axi_ad9361_dac_dma_0/system_axi_ad9361_dac_dma_0_constr.xdc] for cell 'inst'
WARNING: [Vivado 12-1008] No clocks found for command 'get_clocks -of_objects [get_ports [list m_src_axi_aclk s_axi_aclk]]'. [/home/raincorn/pluto/plutosdr-fw/hdl/projects/tjd/tjd.gen/sources_1/bd/system/ip/system_axi_ad9361_dac_dma_0/system_axi_ad9361_dac_dma_0_constr.xdc:10]
Resolution: Verify the create_clock command was called to create the clock object before it is referenced.
INFO: [Vivado 12-626] No clocks found. Please use 'create_clock' or 'create_generated_clock' command to create clocks. [/home/raincorn/pluto/plutosdr-fw/hdl/projects/tjd/tjd.gen/sources_1/bd/system/ip/system_axi_ad9361_dac_dma_0/system_axi_ad9361_dac_dma_0_constr.xdc:10]
WARNING: [Vivado 12-1008] No clocks found for command 'get_clocks -of_objects [get_ports [list m_src_axi_aclk s_axi_aclk]]'. [/home/raincorn/pluto/plutosdr-fw/hdl/projects/tjd/tjd.gen/sources_1/bd/system/ip/system_axi_ad9361_dac_dma_0/system_axi_ad9361_dac_dma_0_constr.xdc:11]
Resolution: Verify the create_clock command was called to create the clock object before it is referenced.
INFO: [Vivado 12-626] No clocks found. Please use 'create_clock' or 'create_generated_clock' command to create clocks. [/home/raincorn/pluto/plutosdr-fw/hdl/projects/tjd/tjd.gen/sources_1/bd/system/ip/system_axi_ad9361_dac_dma_0/system_axi_ad9361_dac_dma_0_constr.xdc:11]
WARNING: [Vivado 12-1008] No clocks found for command 'get_clocks -of_objects [get_ports m_axis_aclk]'. [/home/raincorn/pluto/plutosdr-fw/hdl/projects/tjd/tjd.gen/sources_1/bd/system/ip/system_axi_ad9361_dac_dma_0/system_axi_ad9361_dac_dma_0_constr.xdc:12]
Resolution: Verify the create_clock command was called to create the clock object before it is referenced.
INFO: [Vivado 12-626] No clocks found. Please use 'create_clock' or 'create_generated_clock' command to create clocks. [/home/raincorn/pluto/plutosdr-fw/hdl/projects/tjd/tjd.gen/sources_1/bd/system/ip/system_axi_ad9361_dac_dma_0/system_axi_ad9361_dac_dma_0_constr.xdc:12]
Finished Parsing XDC File [/home/raincorn/pluto/plutosdr-fw/hdl/projects/tjd/tjd.gen/sources_1/bd/system/ip/system_axi_ad9361_dac_dma_0/system_axi_ad9361_dac_dma_0_constr.xdc] for cell 'inst'
INFO: [Project 1-236] Implementation specific constraints were found while reading constraint file [/home/raincorn/pluto/plutosdr-fw/hdl/projects/tjd/tjd.gen/sources_1/bd/system/ip/system_axi_ad9361_dac_dma_0/system_axi_ad9361_dac_dma_0_constr.xdc]. These constraints will be ignored for synthesis but will be used in implementation. Impacted constraints are listed in the file [.Xil/system_axi_ad9361_dac_dma_0_propImpl.xdc].
Resolution: To avoid this warning, move constraints listed in [.Xil/system_axi_ad9361_dac_dma_0_propImpl.xdc] to another XDC file and exclude this new file from synthesis with the used_in_synthesis property (File Properties dialog in GUI) and re-run elaboration/synthesis.
Completed Processing XDC Constraints

Netlist sorting complete. Time (s): cpu = 00:00:00 ; elapsed = 00:00:00 . Memory (MB): peak = 2206.730 ; gain = 0.000 ; free physical = 3778 ; free virtual = 9616
INFO: [Project 1-111] Unisim Transformation Summary:
No Unisim elements were transformed.

Constraint Validation Runtime : Time (s): cpu = 00:00:00.02 ; elapsed = 00:00:00.02 . Memory (MB): peak = 2206.730 ; gain = 0.000 ; free physical = 3774 ; free virtual = 9612
INFO: [Designutils 20-5008] Incremental synthesis strategy off
INFO: [Synth 8-11241] undeclared symbol 'REGCCE', assumed default net type 'wire' [/tools/Xilinx/Vivado/2022.2/data/verilog/src/unimacro/BRAM_SINGLE_MACRO.v:2170]
---------------------------------------------------------------------------------
Finished Constraint Validation : Time (s): cpu = 00:00:13 ; elapsed = 00:00:15 . Memory (MB): peak = 2206.730 ; gain = 628.238 ; free physical = 3234 ; free virtual = 9080
Synthesis current peak Physical Memory [PSS] (MB): peak = 1170.451; parent = 1038.639; children = 131.812
Synthesis current peak Virtual Memory [VSS] (MB): peak = 3174.320; parent = 2174.719; children = 999.602
---------------------------------------------------------------------------------
---------------------------------------------------------------------------------
Start Loading Part and Timing Information
---------------------------------------------------------------------------------
Loading part: xc7z010clg400-1
---------------------------------------------------------------------------------
Finished Loading Part and Timing Information : Time (s): cpu = 00:00:13 ; elapsed = 00:00:15 . Memory (MB): peak = 2206.730 ; gain = 628.238 ; free physical = 3215 ; free virtual = 9060
Synthesis current peak Physical Memory [PSS] (MB): peak = 1170.451; parent = 1038.639; children = 131.812
Synthesis current peak Virtual Memory [VSS] (MB): peak = 3174.320; parent = 2174.719; children = 999.602
---------------------------------------------------------------------------------
---------------------------------------------------------------------------------
Start Applying 'set_property' XDC Constraints
---------------------------------------------------------------------------------
Applied set_property KEEP_HIERARCHY = SOFT for inst. (constraint file  /home/raincorn/pluto/plutosdr-fw/hdl/projects/tjd/tjd.runs/system_axi_ad9361_dac_dma_0_synth_1/dont_touch.xdc, line 9).
Applied set_property ASYNC_REG = true for inst/i_transfer/i_request_arb/i_dest_req_fifo/\zerodeep.i_raddr_sync /\cdc_sync_stage1_reg[0] . (constraint file  /home/raincorn/pluto/plutosdr-fw/hdl/projects/tjd/tjd.gen/sources_1/bd/system/ip/system_axi_ad9361_dac_dma_0/system_axi_ad9361_dac_dma_0_constr.xdc, line 14).
Applied set_property ASYNC_REG = true for inst/i_transfer/i_request_arb/i_dest_req_fifo/\zerodeep.i_waddr_sync /\cdc_sync_stage1_reg[0] . (constraint file  /home/raincorn/pluto/plutosdr-fw/hdl/projects/tjd/tjd.gen/sources_1/bd/system/ip/system_axi_ad9361_dac_dma_0/system_axi_ad9361_dac_dma_0_constr.xdc, line 14).
Applied set_property ASYNC_REG = true for inst/i_transfer/i_request_arb/i_response_manager/i_dest_response_fifo/\zerodeep.i_raddr_sync /\cdc_sync_stage1_reg[0] . (constraint file  /home/raincorn/pluto/plutosdr-fw/hdl/projects/tjd/tjd.gen/sources_1/bd/system/ip/system_axi_ad9361_dac_dma_0/system_axi_ad9361_dac_dma_0_constr.xdc, line 14).
Applied set_property ASYNC_REG = true for inst/i_transfer/i_request_arb/i_response_manager/i_dest_response_fifo/\zerodeep.i_waddr_sync /\cdc_sync_stage1_reg[0] . (constraint file  /home/raincorn/pluto/plutosdr-fw/hdl/projects/tjd/tjd.gen/sources_1/bd/system/ip/system_axi_ad9361_dac_dma_0/system_axi_ad9361_dac_dma_0_constr.xdc, line 14).
Applied set_property ASYNC_REG = true for inst/i_transfer/i_request_arb/i_store_and_forward/i_dest_sync_id/cdc_sync_stage1_reg. (constraint file  /home/raincorn/pluto/plutosdr-fw/hdl/projects/tjd/tjd.gen/sources_1/bd/system/ip/system_axi_ad9361_dac_dma_0/system_axi_ad9361_dac_dma_0_constr.xdc, line 14).
Applied set_property ASYNC_REG = true for inst/i_transfer/i_request_arb/i_store_and_forward/i_dest_sync_id/cdc_sync_stage1_reg. (constraint file  /home/raincorn/pluto/plutosdr-fw/hdl/projects/tjd/tjd.gen/sources_1/bd/system/ip/system_axi_ad9361_dac_dma_0/system_axi_ad9361_dac_dma_0_constr.xdc, line 14).
Applied set_property ASYNC_REG = true for inst/i_transfer/i_request_arb/i_store_and_forward/i_dest_sync_id/cdc_sync_stage1_reg. (constraint file  /home/raincorn/pluto/plutosdr-fw/hdl/projects/tjd/tjd.gen/sources_1/bd/system/ip/system_axi_ad9361_dac_dma_0/system_axi_ad9361_dac_dma_0_constr.xdc, line 14).
Applied set_property ASYNC_REG = true for inst/i_transfer/i_request_arb/i_store_and_forward/i_dest_sync_id/cdc_sync_stage1_reg. (constraint file  /home/raincorn/pluto/plutosdr-fw/hdl/projects/tjd/tjd.gen/sources_1/bd/system/ip/system_axi_ad9361_dac_dma_0/system_axi_ad9361_dac_dma_0_constr.xdc, line 14).
Applied set_property ASYNC_REG = true for inst/i_transfer/i_request_arb/i_store_and_forward/i_src_sync_id/cdc_sync_stage1_reg. (constraint file  /home/raincorn/pluto/plutosdr-fw/hdl/projects/tjd/tjd.gen/sources_1/bd/system/ip/system_axi_ad9361_dac_dma_0/system_axi_ad9361_dac_dma_0_constr.xdc, line 14).
Applied set_property ASYNC_REG = true for inst/i_transfer/i_request_arb/i_store_and_forward/i_src_sync_id/cdc_sync_stage1_reg. (constraint file  /home/raincorn/pluto/plutosdr-fw/hdl/projects/tjd/tjd.gen/sources_1/bd/system/ip/system_axi_ad9361_dac_dma_0/system_axi_ad9361_dac_dma_0_constr.xdc, line 14).
Applied set_property ASYNC_REG = true for inst/i_transfer/i_request_arb/i_store_and_forward/i_src_sync_id/cdc_sync_stage1_reg. (constraint file  /home/raincorn/pluto/plutosdr-fw/hdl/projects/tjd/tjd.gen/sources_1/bd/system/ip/system_axi_ad9361_dac_dma_0/system_axi_ad9361_dac_dma_0_constr.xdc, line 14).
Applied set_property ASYNC_REG = true for inst/i_transfer/i_request_arb/i_store_and_forward/i_src_sync_id/cdc_sync_stage1_reg. (constraint file  /home/raincorn/pluto/plutosdr-fw/hdl/projects/tjd/tjd.gen/sources_1/bd/system/ip/system_axi_ad9361_dac_dma_0/system_axi_ad9361_dac_dma_0_constr.xdc, line 14).
Applied set_property ASYNC_REG = true for inst/i_transfer/i_request_arb/i_sync_req_response_id/cdc_sync_stage1_reg. (constraint file  /home/raincorn/pluto/plutosdr-fw/hdl/projects/tjd/tjd.gen/sources_1/bd/system/ip/system_axi_ad9361_dac_dma_0/system_axi_ad9361_dac_dma_0_constr.xdc, line 14).
Applied set_property ASYNC_REG = true for inst/i_transfer/i_request_arb/i_sync_req_response_id/cdc_sync_stage1_reg. (constraint file  /home/raincorn/pluto/plutosdr-fw/hdl/projects/tjd/tjd.gen/sources_1/bd/system/ip/system_axi_ad9361_dac_dma_0/system_axi_ad9361_dac_dma_0_constr.xdc, line 14).
Applied set_property ASYNC_REG = true for inst/i_transfer/i_request_arb/i_sync_req_response_id/cdc_sync_stage1_reg. (constraint file  /home/raincorn/pluto/plutosdr-fw/hdl/projects/tjd/tjd.gen/sources_1/bd/system/ip/system_axi_ad9361_dac_dma_0/system_axi_ad9361_dac_dma_0_constr.xdc, line 14).
Applied set_property ASYNC_REG = true for inst/i_transfer/i_request_arb/i_sync_req_response_id/cdc_sync_stage1_reg. (constraint file  /home/raincorn/pluto/plutosdr-fw/hdl/projects/tjd/tjd.gen/sources_1/bd/system/ip/system_axi_ad9361_dac_dma_0/system_axi_ad9361_dac_dma_0_constr.xdc, line 14).
Applied set_property ASYNC_REG = true for inst/i_transfer/i_reset_manager/i_sync_control_dest/\cdc_sync_stage1_reg[0] . (constraint file  /home/raincorn/pluto/plutosdr-fw/hdl/projects/tjd/tjd.gen/sources_1/bd/system/ip/system_axi_ad9361_dac_dma_0/system_axi_ad9361_dac_dma_0_constr.xdc, line 14).
Applied set_property ASYNC_REG = true for inst/i_transfer/i_reset_manager/i_sync_status_dest/\cdc_sync_stage1_reg[0] . (constraint file  /home/raincorn/pluto/plutosdr-fw/hdl/projects/tjd/tjd.gen/sources_1/bd/system/ip/system_axi_ad9361_dac_dma_0/system_axi_ad9361_dac_dma_0_constr.xdc, line 14).
Applied set_property ASYNC_REG = true for inst/i_transfer/i_request_arb/i_dest_req_fifo/\zerodeep.i_raddr_sync /\cdc_sync_stage2_reg[0] . (constraint file  /home/raincorn/pluto/plutosdr-fw/hdl/projects/tjd/tjd.gen/sources_1/bd/system/ip/system_axi_ad9361_dac_dma_0/system_axi_ad9361_dac_dma_0_constr.xdc, line 14).
Applied set_property ASYNC_REG = true for inst/i_transfer/i_request_arb/i_dest_req_fifo/\zerodeep.i_waddr_sync /\cdc_sync_stage2_reg[0] . (constraint file  /home/raincorn/pluto/plutosdr-fw/hdl/projects/tjd/tjd.gen/sources_1/bd/system/ip/system_axi_ad9361_dac_dma_0/system_axi_ad9361_dac_dma_0_constr.xdc, line 14).
Applied set_property ASYNC_REG = true for inst/i_transfer/i_request_arb/i_response_manager/i_dest_response_fifo/\zerodeep.i_raddr_sync /\cdc_sync_stage2_reg[0] . (constraint file  /home/raincorn/pluto/plutosdr-fw/hdl/projects/tjd/tjd.gen/sources_1/bd/system/ip/system_axi_ad9361_dac_dma_0/system_axi_ad9361_dac_dma_0_constr.xdc, line 14).
Applied set_property ASYNC_REG = true for inst/i_transfer/i_request_arb/i_response_manager/i_dest_response_fifo/\zerodeep.i_waddr_sync /\cdc_sync_stage2_reg[0] . (constraint file  /home/raincorn/pluto/plutosdr-fw/hdl/projects/tjd/tjd.gen/sources_1/bd/system/ip/system_axi_ad9361_dac_dma_0/system_axi_ad9361_dac_dma_0_constr.xdc, line 14).
Applied set_property ASYNC_REG = true for inst/i_transfer/i_request_arb/i_store_and_forward/i_dest_sync_id/cdc_sync_stage2_reg. (constraint file  /home/raincorn/pluto/plutosdr-fw/hdl/projects/tjd/tjd.gen/sources_1/bd/system/ip/system_axi_ad9361_dac_dma_0/system_axi_ad9361_dac_dma_0_constr.xdc, line 14).
Applied set_property ASYNC_REG = true for inst/i_transfer/i_request_arb/i_store_and_forward/i_dest_sync_id/cdc_sync_stage2_reg. (constraint file  /home/raincorn/pluto/plutosdr-fw/hdl/projects/tjd/tjd.gen/sources_1/bd/system/ip/system_axi_ad9361_dac_dma_0/system_axi_ad9361_dac_dma_0_constr.xdc, line 14).
Applied set_property ASYNC_REG = true for inst/i_transfer/i_request_arb/i_store_and_forward/i_dest_sync_id/cdc_sync_stage2_reg. (constraint file  /home/raincorn/pluto/plutosdr-fw/hdl/projects/tjd/tjd.gen/sources_1/bd/system/ip/system_axi_ad9361_dac_dma_0/system_axi_ad9361_dac_dma_0_constr.xdc, line 14).
Applied set_property ASYNC_REG = true for inst/i_transfer/i_request_arb/i_store_and_forward/i_dest_sync_id/cdc_sync_stage2_reg. (constraint file  /home/raincorn/pluto/plutosdr-fw/hdl/projects/tjd/tjd.gen/sources_1/bd/system/ip/system_axi_ad9361_dac_dma_0/system_axi_ad9361_dac_dma_0_constr.xdc, line 14).
Applied set_property ASYNC_REG = true for inst/i_transfer/i_request_arb/i_store_and_forward/i_src_sync_id/cdc_sync_stage2_reg. (constraint file  /home/raincorn/pluto/plutosdr-fw/hdl/projects/tjd/tjd.gen/sources_1/bd/system/ip/system_axi_ad9361_dac_dma_0/system_axi_ad9361_dac_dma_0_constr.xdc, line 14).
Applied set_property ASYNC_REG = true for inst/i_transfer/i_request_arb/i_store_and_forward/i_src_sync_id/cdc_sync_stage2_reg. (constraint file  /home/raincorn/pluto/plutosdr-fw/hdl/projects/tjd/tjd.gen/sources_1/bd/system/ip/system_axi_ad9361_dac_dma_0/system_axi_ad9361_dac_dma_0_constr.xdc, line 14).
Applied set_property ASYNC_REG = true for inst/i_transfer/i_request_arb/i_store_and_forward/i_src_sync_id/cdc_sync_stage2_reg. (constraint file  /home/raincorn/pluto/plutosdr-fw/hdl/projects/tjd/tjd.gen/sources_1/bd/system/ip/system_axi_ad9361_dac_dma_0/system_axi_ad9361_dac_dma_0_constr.xdc, line 14).
Applied set_property ASYNC_REG = true for inst/i_transfer/i_request_arb/i_store_and_forward/i_src_sync_id/cdc_sync_stage2_reg. (constraint file  /home/raincorn/pluto/plutosdr-fw/hdl/projects/tjd/tjd.gen/sources_1/bd/system/ip/system_axi_ad9361_dac_dma_0/system_axi_ad9361_dac_dma_0_constr.xdc, line 14).
Applied set_property ASYNC_REG = true for inst/i_transfer/i_request_arb/i_sync_req_response_id/cdc_sync_stage2_reg. (constraint file  /home/raincorn/pluto/plutosdr-fw/hdl/projects/tjd/tjd.gen/sources_1/bd/system/ip/system_axi_ad9361_dac_dma_0/system_axi_ad9361_dac_dma_0_constr.xdc, line 14).
Applied set_property ASYNC_REG = true for inst/i_transfer/i_request_arb/i_sync_req_response_id/cdc_sync_stage2_reg. (constraint file  /home/raincorn/pluto/plutosdr-fw/hdl/projects/tjd/tjd.gen/sources_1/bd/system/ip/system_axi_ad9361_dac_dma_0/system_axi_ad9361_dac_dma_0_constr.xdc, line 14).
Applied set_property ASYNC_REG = true for inst/i_transfer/i_request_arb/i_sync_req_response_id/cdc_sync_stage2_reg. (constraint file  /home/raincorn/pluto/plutosdr-fw/hdl/projects/tjd/tjd.gen/sources_1/bd/system/ip/system_axi_ad9361_dac_dma_0/system_axi_ad9361_dac_dma_0_constr.xdc, line 14).
Applied set_property ASYNC_REG = true for inst/i_transfer/i_request_arb/i_sync_req_response_id/cdc_sync_stage2_reg. (constraint file  /home/raincorn/pluto/plutosdr-fw/hdl/projects/tjd/tjd.gen/sources_1/bd/system/ip/system_axi_ad9361_dac_dma_0/system_axi_ad9361_dac_dma_0_constr.xdc, line 14).
Applied set_property ASYNC_REG = true for inst/i_transfer/i_reset_manager/i_sync_control_dest/\cdc_sync_stage2_reg[0] . (constraint file  /home/raincorn/pluto/plutosdr-fw/hdl/projects/tjd/tjd.gen/sources_1/bd/system/ip/system_axi_ad9361_dac_dma_0/system_axi_ad9361_dac_dma_0_constr.xdc, line 14).
Applied set_property ASYNC_REG = true for inst/i_transfer/i_reset_manager/i_sync_status_dest/\cdc_sync_stage2_reg[0] . (constraint file  /home/raincorn/pluto/plutosdr-fw/hdl/projects/tjd/tjd.gen/sources_1/bd/system/ip/system_axi_ad9361_dac_dma_0/system_axi_ad9361_dac_dma_0_constr.xdc, line 14).
Applied set_property SHREG_EXTRACT = NO for inst/i_transfer/i_reset_manager/\reset_gen[0].reset_async_reg . (constraint file  /home/raincorn/pluto/plutosdr-fw/hdl/projects/tjd/tjd.gen/sources_1/bd/system/ip/system_axi_ad9361_dac_dma_0/system_axi_ad9361_dac_dma_0_constr.xdc, line 143).
Applied set_property SHREG_EXTRACT = NO for inst/i_transfer/i_reset_manager/\reset_gen[0].reset_async_reg . (constraint file  /home/raincorn/pluto/plutosdr-fw/hdl/projects/tjd/tjd.gen/sources_1/bd/system/ip/system_axi_ad9361_dac_dma_0/system_axi_ad9361_dac_dma_0_constr.xdc, line 143).
Applied set_property SHREG_EXTRACT = NO for inst/i_transfer/i_reset_manager/\reset_gen[0].reset_async_reg . (constraint file  /home/raincorn/pluto/plutosdr-fw/hdl/projects/tjd/tjd.gen/sources_1/bd/system/ip/system_axi_ad9361_dac_dma_0/system_axi_ad9361_dac_dma_0_constr.xdc, line 143).
Applied set_property SHREG_EXTRACT = NO for inst/i_transfer/i_reset_manager/\reset_gen[0].reset_async_reg . (constraint file  /home/raincorn/pluto/plutosdr-fw/hdl/projects/tjd/tjd.gen/sources_1/bd/system/ip/system_axi_ad9361_dac_dma_0/system_axi_ad9361_dac_dma_0_constr.xdc, line 143).
Applied set_property SHREG_EXTRACT = NO for inst/i_transfer/i_reset_manager/\reset_gen[1].reset_async_reg . (constraint file  /home/raincorn/pluto/plutosdr-fw/hdl/projects/tjd/tjd.gen/sources_1/bd/system/ip/system_axi_ad9361_dac_dma_0/system_axi_ad9361_dac_dma_0_constr.xdc, line 143).
Applied set_property SHREG_EXTRACT = NO for inst/i_transfer/i_reset_manager/\reset_gen[1].reset_async_reg . (constraint file  /home/raincorn/pluto/plutosdr-fw/hdl/projects/tjd/tjd.gen/sources_1/bd/system/ip/system_axi_ad9361_dac_dma_0/system_axi_ad9361_dac_dma_0_constr.xdc, line 143).
Applied set_property SHREG_EXTRACT = NO for inst/i_transfer/i_reset_manager/\reset_gen[1].reset_async_reg . (constraint file  /home/raincorn/pluto/plutosdr-fw/hdl/projects/tjd/tjd.gen/sources_1/bd/system/ip/system_axi_ad9361_dac_dma_0/system_axi_ad9361_dac_dma_0_constr.xdc, line 143).
Applied set_property SHREG_EXTRACT = NO for inst/i_transfer/i_reset_manager/\reset_gen[1].reset_async_reg . (constraint file  /home/raincorn/pluto/plutosdr-fw/hdl/projects/tjd/tjd.gen/sources_1/bd/system/ip/system_axi_ad9361_dac_dma_0/system_axi_ad9361_dac_dma_0_constr.xdc, line 143).
Applied set_property ASYNC_REG = true for inst/i_transfer/i_reset_manager/\reset_gen[0].reset_async_reg . (constraint file  /home/raincorn/pluto/plutosdr-fw/hdl/projects/tjd/tjd.gen/sources_1/bd/system/ip/system_axi_ad9361_dac_dma_0/system_axi_ad9361_dac_dma_0_constr.xdc, line 143).
Applied set_property ASYNC_REG = true for inst/i_transfer/i_reset_manager/\reset_gen[0].reset_async_reg . (constraint file  /home/raincorn/pluto/plutosdr-fw/hdl/projects/tjd/tjd.gen/sources_1/bd/system/ip/system_axi_ad9361_dac_dma_0/system_axi_ad9361_dac_dma_0_constr.xdc, line 143).
Applied set_property ASYNC_REG = true for inst/i_transfer/i_reset_manager/\reset_gen[0].reset_async_reg . (constraint file  /home/raincorn/pluto/plutosdr-fw/hdl/projects/tjd/tjd.gen/sources_1/bd/system/ip/system_axi_ad9361_dac_dma_0/system_axi_ad9361_dac_dma_0_constr.xdc, line 143).
Applied set_property ASYNC_REG = true for inst/i_transfer/i_reset_manager/\reset_gen[0].reset_async_reg . (constraint file  /home/raincorn/pluto/plutosdr-fw/hdl/projects/tjd/tjd.gen/sources_1/bd/system/ip/system_axi_ad9361_dac_dma_0/system_axi_ad9361_dac_dma_0_constr.xdc, line 143).
Applied set_property ASYNC_REG = true for inst/i_transfer/i_reset_manager/\reset_gen[1].reset_async_reg . (constraint file  /home/raincorn/pluto/plutosdr-fw/hdl/projects/tjd/tjd.gen/sources_1/bd/system/ip/system_axi_ad9361_dac_dma_0/system_axi_ad9361_dac_dma_0_constr.xdc, line 143).
Applied set_property ASYNC_REG = true for inst/i_transfer/i_reset_manager/\reset_gen[1].reset_async_reg . (constraint file  /home/raincorn/pluto/plutosdr-fw/hdl/projects/tjd/tjd.gen/sources_1/bd/system/ip/system_axi_ad9361_dac_dma_0/system_axi_ad9361_dac_dma_0_constr.xdc, line 143).
Applied set_property ASYNC_REG = true for inst/i_transfer/i_reset_manager/\reset_gen[1].reset_async_reg . (constraint file  /home/raincorn/pluto/plutosdr-fw/hdl/projects/tjd/tjd.gen/sources_1/bd/system/ip/system_axi_ad9361_dac_dma_0/system_axi_ad9361_dac_dma_0_constr.xdc, line 143).
Applied set_property ASYNC_REG = true for inst/i_transfer/i_reset_manager/\reset_gen[1].reset_async_reg . (constraint file  /home/raincorn/pluto/plutosdr-fw/hdl/projects/tjd/tjd.gen/sources_1/bd/system/ip/system_axi_ad9361_dac_dma_0/system_axi_ad9361_dac_dma_0_constr.xdc, line 143).
Applied set_property SHREG_EXTRACT = NO for inst/i_transfer/i_reset_manager/\reset_gen[0].reset_sync_reg . (constraint file  /home/raincorn/pluto/plutosdr-fw/hdl/projects/tjd/tjd.gen/sources_1/bd/system/ip/system_axi_ad9361_dac_dma_0/system_axi_ad9361_dac_dma_0_constr.xdc, line 148).
Applied set_property SHREG_EXTRACT = NO for inst/i_transfer/i_reset_manager/\reset_gen[0].reset_sync_reg . (constraint file  /home/raincorn/pluto/plutosdr-fw/hdl/projects/tjd/tjd.gen/sources_1/bd/system/ip/system_axi_ad9361_dac_dma_0/system_axi_ad9361_dac_dma_0_constr.xdc, line 148).
Applied set_property SHREG_EXTRACT = NO for inst/i_transfer/i_reset_manager/\reset_gen[1].reset_sync_reg . (constraint file  /home/raincorn/pluto/plutosdr-fw/hdl/projects/tjd/tjd.gen/sources_1/bd/system/ip/system_axi_ad9361_dac_dma_0/system_axi_ad9361_dac_dma_0_constr.xdc, line 148).
Applied set_property SHREG_EXTRACT = NO for inst/i_transfer/i_reset_manager/\reset_gen[1].reset_sync_reg . (constraint file  /home/raincorn/pluto/plutosdr-fw/hdl/projects/tjd/tjd.gen/sources_1/bd/system/ip/system_axi_ad9361_dac_dma_0/system_axi_ad9361_dac_dma_0_constr.xdc, line 148).
Applied set_property ASYNC_REG = true for inst/i_transfer/i_reset_manager/\reset_gen[0].reset_sync_reg . (constraint file  /home/raincorn/pluto/plutosdr-fw/hdl/projects/tjd/tjd.gen/sources_1/bd/system/ip/system_axi_ad9361_dac_dma_0/system_axi_ad9361_dac_dma_0_constr.xdc, line 148).
Applied set_property ASYNC_REG = true for inst/i_transfer/i_reset_manager/\reset_gen[0].reset_sync_reg . (constraint file  /home/raincorn/pluto/plutosdr-fw/hdl/projects/tjd/tjd.gen/sources_1/bd/system/ip/system_axi_ad9361_dac_dma_0/system_axi_ad9361_dac_dma_0_constr.xdc, line 148).
Applied set_property ASYNC_REG = true for inst/i_transfer/i_reset_manager/\reset_gen[1].reset_sync_reg . (constraint file  /home/raincorn/pluto/plutosdr-fw/hdl/projects/tjd/tjd.gen/sources_1/bd/system/ip/system_axi_ad9361_dac_dma_0/system_axi_ad9361_dac_dma_0_constr.xdc, line 148).
Applied set_property ASYNC_REG = true for inst/i_transfer/i_reset_manager/\reset_gen[1].reset_sync_reg . (constraint file  /home/raincorn/pluto/plutosdr-fw/hdl/projects/tjd/tjd.gen/sources_1/bd/system/ip/system_axi_ad9361_dac_dma_0/system_axi_ad9361_dac_dma_0_constr.xdc, line 148).
---------------------------------------------------------------------------------
Finished applying 'set_property' XDC Constraints : Time (s): cpu = 00:00:13 ; elapsed = 00:00:15 . Memory (MB): peak = 2206.730 ; gain = 628.238 ; free physical = 3180 ; free virtual = 9025
Synthesis current peak Physical Memory [PSS] (MB): peak = 1170.451; parent = 1038.639; children = 131.812
Synthesis current peak Virtual Memory [VSS] (MB): peak = 3174.320; parent = 2174.719; children = 999.602
---------------------------------------------------------------------------------
INFO: [Synth 8-802] inferred FSM for state register 'state_reg' in module 'axi_dmac_reset_manager'
INFO: [Synth 8-802] inferred FSM for state register 'state_reg' in module 'request_generator'
INFO: [Synth 8-802] inferred FSM for state register 'state_reg' in module 'axi_dmac_response_manager'
---------------------------------------------------------------------------------------------------
                   State |                     New Encoding |                Previous Encoding 
---------------------------------------------------------------------------------------------------
          STATE_DO_RESET |                           000001 |                              000
             STATE_RESET |                           000010 |                              001
          STATE_DISABLED |                           000100 |                              010
           STATE_STARTUP |                           001000 |                              011
           STATE_ENABLED |                           010000 |                              100
          STATE_SHUTDOWN |                           100000 |                              101
---------------------------------------------------------------------------------------------------
INFO: [Synth 8-3354] encoded FSM with state register 'state_reg' using encoding 'one-hot' in module 'axi_dmac_reset_manager'
---------------------------------------------------------------------------------------------------
                   State |                     New Encoding |                Previous Encoding 
---------------------------------------------------------------------------------------------------
              STATE_IDLE |                              000 |                              000
            STATE_GEN_ID |                              001 |                              001
         STATE_REWIND_ID |                              010 |                              010
           STATE_CONSUME |                              011 |                              011
         STATE_WAIT_LAST |                              100 |                              100
---------------------------------------------------------------------------------------------------
INFO: [Synth 8-3354] encoded FSM with state register 'state_reg' using encoding 'sequential' in module 'request_generator'
---------------------------------------------------------------------------------------------------
                   State |                     New Encoding |                Previous Encoding 
---------------------------------------------------------------------------------------------------
              STATE_IDLE |                              000 |                              000
               STATE_ACC |                              001 |                              001
       STATE_WRITE_RESPR |                              010 |                              010
        STATE_ZERO_COMPL |                              011 |                              011
      STATE_WRITE_ZRCMPL |                              100 |                              100
---------------------------------------------------------------------------------------------------
INFO: [Synth 8-3354] encoded FSM with state register 'state_reg' using encoding 'sequential' in module 'axi_dmac_response_manager'
---------------------------------------------------------------------------------
Finished RTL Optimization Phase 2 : Time (s): cpu = 00:00:14 ; elapsed = 00:00:17 . Memory (MB): peak = 2206.730 ; gain = 628.238 ; free physical = 2704 ; free virtual = 8551
Synthesis current peak Physical Memory [PSS] (MB): peak = 1170.451; parent = 1038.639; children = 131.812
Synthesis current peak Virtual Memory [VSS] (MB): peak = 3174.320; parent = 2174.719; children = 999.602
---------------------------------------------------------------------------------
---------------------------------------------------------------------------------
Start RTL Component Statistics 
---------------------------------------------------------------------------------
Detailed RTL Component Info : 
+---Adders : 
	   3 Input   24 Bit       Adders := 1     
	   2 Input   17 Bit       Adders := 1     
	   2 Input    5 Bit       Adders := 2     
	   2 Input    4 Bit       Adders := 10    
	   2 Input    3 Bit       Adders := 2     
	   3 Input    3 Bit       Adders := 1     
	   2 Input    2 Bit       Adders := 4     
	   2 Input    1 Bit       Adders := 4     
+---XORs : 
	   2 Input      1 Bit         XORs := 48    
+---XORs : 
	                2 Bit    Wide XORs := 2     
+---Registers : 
	               64 Bit    Registers := 1     
	               61 Bit    Registers := 1     
	               32 Bit    Registers := 5     
	               27 Bit    Registers := 1     
	               26 Bit    Registers := 4     
	               24 Bit    Registers := 2     
	               17 Bit    Registers := 2     
	                9 Bit    Registers := 3     
	                8 Bit    Registers := 2     
	                7 Bit    Registers := 2     
	                5 Bit    Registers := 2     
	                4 Bit    Registers := 23    
	                3 Bit    Registers := 5     
	                2 Bit    Registers := 10    
	                1 Bit    Registers := 78    
+---RAMs : 
	               8K Bit	(128 X 64 bit)          RAMs := 1     
	              104 Bit	(4 X 26 bit)          RAMs := 1     
	               40 Bit	(8 X 5 bit)          RAMs := 1     
+---Muxes : 
	  11 Input   32 Bit        Muxes := 1     
	   2 Input   32 Bit        Muxes := 3     
	  15 Input   32 Bit        Muxes := 1     
	   8 Input   21 Bit        Muxes := 1     
	   3 Input   17 Bit        Muxes := 1     
	   6 Input    6 Bit        Muxes := 1     
	   2 Input    6 Bit        Muxes := 1     
	   2 Input    5 Bit        Muxes := 4     
	   2 Input    4 Bit        Muxes := 5     
	  18 Input    4 Bit        Muxes := 2     
	   7 Input    3 Bit        Muxes := 1     
	   2 Input    3 Bit        Muxes := 50    
	   5 Input    3 Bit        Muxes := 9     
	   2 Input    2 Bit        Muxes := 5     
	   3 Input    2 Bit        Muxes := 2     
	   2 Input    1 Bit        Muxes := 67    
	   7 Input    1 Bit        Muxes := 3     
	   4 Input    1 Bit        Muxes := 3     
	   6 Input    1 Bit        Muxes := 1     
	   5 Input    1 Bit        Muxes := 1     
	   3 Input    1 Bit        Muxes := 1     
---------------------------------------------------------------------------------
Finished RTL Component Statistics 
---------------------------------------------------------------------------------
---------------------------------------------------------------------------------
Start Part Resource Summary
---------------------------------------------------------------------------------
Part Resources:
DSPs: 80 (col length:40)
BRAMs: 120 (col length: RAMB18 40 RAMB36 20)
---------------------------------------------------------------------------------
Finished Part Resource Summary
---------------------------------------------------------------------------------
---------------------------------------------------------------------------------
Start Cross Boundary and Area Optimization
---------------------------------------------------------------------------------
WARNING: [Synth 8-7080] Parallel synthesis criteria is not met
WARNING: [Synth 8-6014] Unused sequential element i_transfer/i_request_arb/i_src_dma_mm/last_beat_bytes_mem_reg was removed. 
---------------------------------------------------------------------------------
Finished Cross Boundary and Area Optimization : Time (s): cpu = 00:00:18 ; elapsed = 00:00:21 . Memory (MB): peak = 2206.730 ; gain = 628.238 ; free physical = 2750 ; free virtual = 8612
Synthesis current peak Physical Memory [PSS] (MB): peak = 1170.451; parent = 1038.639; children = 131.812
Synthesis current peak Virtual Memory [VSS] (MB): peak = 3174.320; parent = 2174.719; children = 999.602
---------------------------------------------------------------------------------
---------------------------------------------------------------------------------
Start ROM, RAM, DSP, Shift Register and Retiming Reporting
---------------------------------------------------------------------------------

Block RAM: Preliminary Mapping Report (see note below)
+------------+--------------------------------------------------------------+------------------------+---+---+------------------------+---+---+------------------+--------+--------+
|Module Name | RTL Object                                                   | PORT A (Depth x Width) | W | R | PORT B (Depth x Width) | W | R | Ports driving FF | RAMB18 | RAMB36 | 
+------------+--------------------------------------------------------------+------------------------+---+---+------------------------+---+---+------------------+--------+--------+
|inst        | i_transfer/i_request_arb/i_store_and_forward/i_mem/m_ram_reg | 128 x 64(NO_CHANGE)    | W |   | 128 x 64(WRITE_FIRST)  |   | R | Port A and B     | 0      | 1      | 
+------------+--------------------------------------------------------------+------------------------+---+---+------------------------+---+---+------------------+--------+--------+

Note: The table above is a preliminary report that shows the Block RAMs at the current stage of the synthesis flow. Some Block RAMs may be reimplemented as non Block RAM primitives later in the synthesis flow. Multiple instantiated Block RAMs are reported only once. 

Distributed RAM: Preliminary Mapping Report (see note below)
+------------+----------------------------------------------------------------------------+-----------+----------------------+---------------+
|Module Name | RTL Object                                                                 | Inference | Size (Depth x Width) | Primitives    | 
+------------+----------------------------------------------------------------------------+-----------+----------------------+---------------+
|inst        | i_regmap/i_regmap_request/i_transfer_lenghts_fifo/fifo.sync_clocks.ram_reg | Implied   | 4 x 26               | RAM32M x 5    | 
|inst        | i_transfer/i_request_arb/eot_mem_src_reg                                   | Implied   | 16 x 1               | RAM16X1D x 1  | 
|inst        | i_transfer/i_request_arb/i_store_and_forward/burst_len_mem_reg             | Implied   | 8 x 4                | RAM32M x 1    | 
|inst        | i_transfer/i_request_arb/eot_mem_dest_reg                                  | Implied   | 16 x 1               | RAM16X1D x 2  | 
+------------+----------------------------------------------------------------------------+-----------+----------------------+---------------+

Note: The table above is a preliminary report that shows the Distributed RAMs at the current stage of the synthesis flow. Some Distributed RAMs may be reimplemented as non Distributed RAM primitives later in the synthesis flow. Multiple instantiated RAMs are reported only once.
---------------------------------------------------------------------------------
Finished ROM, RAM, DSP, Shift Register and Retiming Reporting
---------------------------------------------------------------------------------
---------------------------------------------------------------------------------
Start Applying XDC Timing Constraints
---------------------------------------------------------------------------------
---------------------------------------------------------------------------------
Finished Applying XDC Timing Constraints : Time (s): cpu = 00:00:23 ; elapsed = 00:00:25 . Memory (MB): peak = 2206.730 ; gain = 628.238 ; free physical = 2430 ; free virtual = 8306
Synthesis current peak Physical Memory [PSS] (MB): peak = 1259.347; parent = 1129.738; children = 131.812
Synthesis current peak Virtual Memory [VSS] (MB): peak = 3174.320; parent = 2174.719; children = 999.602
---------------------------------------------------------------------------------
---------------------------------------------------------------------------------
Start Timing Optimization
---------------------------------------------------------------------------------
---------------------------------------------------------------------------------
Finished Timing Optimization : Time (s): cpu = 00:00:23 ; elapsed = 00:00:26 . Memory (MB): peak = 2206.730 ; gain = 628.238 ; free physical = 2534 ; free virtual = 8411
Synthesis current peak Physical Memory [PSS] (MB): peak = 1259.537; parent = 1129.929; children = 131.812
Synthesis current peak Virtual Memory [VSS] (MB): peak = 3174.320; parent = 2174.719; children = 999.602
---------------------------------------------------------------------------------
---------------------------------------------------------------------------------
Start ROM, RAM, DSP, Shift Register and Retiming Reporting
---------------------------------------------------------------------------------

Block RAM: Final Mapping Report
+------------+--------------------------------------------------------------+------------------------+---+---+------------------------+---+---+------------------+--------+--------+
|Module Name | RTL Object                                                   | PORT A (Depth x Width) | W | R | PORT B (Depth x Width) | W | R | Ports driving FF | RAMB18 | RAMB36 | 
+------------+--------------------------------------------------------------+------------------------+---+---+------------------------+---+---+------------------+--------+--------+
|inst        | i_transfer/i_request_arb/i_store_and_forward/i_mem/m_ram_reg | 128 x 64(NO_CHANGE)    | W |   | 128 x 64(WRITE_FIRST)  |   | R | Port A and B     | 0      | 1      | 
+------------+--------------------------------------------------------------+------------------------+---+---+------------------------+---+---+------------------+--------+--------+


Distributed RAM: Final Mapping Report
+------------+----------------------------------------------------------------------------+-----------+----------------------+---------------+
|Module Name | RTL Object                                                                 | Inference | Size (Depth x Width) | Primitives    | 
+------------+----------------------------------------------------------------------------+-----------+----------------------+---------------+
|inst        | i_regmap/i_regmap_request/i_transfer_lenghts_fifo/fifo.sync_clocks.ram_reg | Implied   | 4 x 26               | RAM32M x 5    | 
|inst        | i_transfer/i_request_arb/eot_mem_src_reg                                   | Implied   | 16 x 1               | RAM16X1D x 1  | 
|inst        | i_transfer/i_request_arb/i_store_and_forward/burst_len_mem_reg             | Implied   | 8 x 4                | RAM32M x 1    | 
|inst        | i_transfer/i_request_arb/eot_mem_dest_reg                                  | Implied   | 16 x 1               | RAM16X1D x 2  | 
+------------+----------------------------------------------------------------------------+-----------+----------------------+---------------+

---------------------------------------------------------------------------------
Finished ROM, RAM, DSP, Shift Register and Retiming Reporting
---------------------------------------------------------------------------------
---------------------------------------------------------------------------------
Start Technology Mapping
---------------------------------------------------------------------------------
WARNING: [Synth 8-3332] Sequential element (i_transfer/i_request_arb/i_req_gen/FSM_sequential_state_reg[2]) is unused and will be removed from module axi_dmac.
WARNING: [Synth 8-3332] Sequential element (i_transfer/i_request_arb/i_req_gen/FSM_sequential_state_reg[1]) is unused and will be removed from module axi_dmac.
INFO: [Synth 8-7052] The timing for the instance inst/i_transfer/i_request_arb/i_store_and_forward/i_mem/m_ram_reg (implemented as a Block RAM) might be sub-optimal as no optional output register could be merged into the ram block. Providing additional output register may help in improving timing.
---------------------------------------------------------------------------------
Finished Technology Mapping : Time (s): cpu = 00:00:23 ; elapsed = 00:00:26 . Memory (MB): peak = 2206.730 ; gain = 628.238 ; free physical = 2556 ; free virtual = 8433
Synthesis current peak Physical Memory [PSS] (MB): peak = 1261.921; parent = 1132.312; children = 131.812
Synthesis current peak Virtual Memory [VSS] (MB): peak = 3174.320; parent = 2174.719; children = 999.602
---------------------------------------------------------------------------------
---------------------------------------------------------------------------------
Start IO Insertion
---------------------------------------------------------------------------------
---------------------------------------------------------------------------------
Start Flattening Before IO Insertion
---------------------------------------------------------------------------------
---------------------------------------------------------------------------------
Finished Flattening Before IO Insertion
---------------------------------------------------------------------------------
---------------------------------------------------------------------------------
Start Final Netlist Cleanup
---------------------------------------------------------------------------------
---------------------------------------------------------------------------------
Finished Final Netlist Cleanup
---------------------------------------------------------------------------------
---------------------------------------------------------------------------------
Finished IO Insertion : Time (s): cpu = 00:00:27 ; elapsed = 00:00:30 . Memory (MB): peak = 2206.730 ; gain = 628.238 ; free physical = 2274 ; free virtual = 8156
Synthesis current peak Physical Memory [PSS] (MB): peak = 1261.921; parent = 1132.312; children = 131.812
Synthesis current peak Virtual Memory [VSS] (MB): peak = 3174.320; parent = 2174.719; children = 999.602
---------------------------------------------------------------------------------
---------------------------------------------------------------------------------
Start Renaming Generated Instances
---------------------------------------------------------------------------------
---------------------------------------------------------------------------------
Finished Renaming Generated Instances : Time (s): cpu = 00:00:27 ; elapsed = 00:00:30 . Memory (MB): peak = 2206.730 ; gain = 628.238 ; free physical = 2265 ; free virtual = 8147
Synthesis current peak Physical Memory [PSS] (MB): peak = 1261.921; parent = 1132.312; children = 131.812
Synthesis current peak Virtual Memory [VSS] (MB): peak = 3174.320; parent = 2174.719; children = 999.602
---------------------------------------------------------------------------------
---------------------------------------------------------------------------------
Start Rebuilding User Hierarchy
---------------------------------------------------------------------------------
---------------------------------------------------------------------------------
Finished Rebuilding User Hierarchy : Time (s): cpu = 00:00:27 ; elapsed = 00:00:30 . Memory (MB): peak = 2206.730 ; gain = 628.238 ; free physical = 2258 ; free virtual = 8140
Synthesis current peak Physical Memory [PSS] (MB): peak = 1261.921; parent = 1132.312; children = 131.812
Synthesis current peak Virtual Memory [VSS] (MB): peak = 3174.320; parent = 2174.719; children = 999.602
---------------------------------------------------------------------------------
---------------------------------------------------------------------------------
Start Renaming Generated Ports
---------------------------------------------------------------------------------
---------------------------------------------------------------------------------
Finished Renaming Generated Ports : Time (s): cpu = 00:00:27 ; elapsed = 00:00:30 . Memory (MB): peak = 2206.730 ; gain = 628.238 ; free physical = 2244 ; free virtual = 8126
Synthesis current peak Physical Memory [PSS] (MB): peak = 1261.921; parent = 1132.312; children = 131.812
Synthesis current peak Virtual Memory [VSS] (MB): peak = 3174.320; parent = 2174.719; children = 999.602
---------------------------------------------------------------------------------
---------------------------------------------------------------------------------
Start Handling Custom Attributes
---------------------------------------------------------------------------------
---------------------------------------------------------------------------------
Finished Handling Custom Attributes : Time (s): cpu = 00:00:27 ; elapsed = 00:00:30 . Memory (MB): peak = 2206.730 ; gain = 628.238 ; free physical = 2247 ; free virtual = 8129
Synthesis current peak Physical Memory [PSS] (MB): peak = 1261.921; parent = 1132.312; children = 131.812
Synthesis current peak Virtual Memory [VSS] (MB): peak = 3174.320; parent = 2174.719; children = 999.602
---------------------------------------------------------------------------------
---------------------------------------------------------------------------------
Start Renaming Generated Nets
---------------------------------------------------------------------------------
---------------------------------------------------------------------------------
Finished Renaming Generated Nets : Time (s): cpu = 00:00:27 ; elapsed = 00:00:30 . Memory (MB): peak = 2206.730 ; gain = 628.238 ; free physical = 2256 ; free virtual = 8138
Synthesis current peak Physical Memory [PSS] (MB): peak = 1261.921; parent = 1132.312; children = 131.812
Synthesis current peak Virtual Memory [VSS] (MB): peak = 3174.320; parent = 2174.719; children = 999.602
---------------------------------------------------------------------------------
---------------------------------------------------------------------------------
Start Writing Synthesis Report
---------------------------------------------------------------------------------

Report BlackBoxes: 
+-+--------------+----------+
| |BlackBox name |Instances |
+-+--------------+----------+
+-+--------------+----------+

Report Cell Usage: 
+------+---------+------+
|      |Cell     |Count |
+------+---------+------+
|1     |CARRY4   |    16|
|2     |LUT1     |    31|
|3     |LUT2     |    74|
|4     |LUT3     |   104|
|5     |LUT4     |   101|
|6     |LUT5     |    66|
|7     |LUT6     |   142|
|8     |RAM16X1D |     3|
|9     |RAM32M   |     5|
|10    |RAM32X1D |     2|
|11    |RAMB36E1 |     1|
|12    |FDPE     |    10|
|13    |FDRE     |   627|
|14    |FDSE     |    44|
+------+---------+------+
---------------------------------------------------------------------------------
Finished Writing Synthesis Report : Time (s): cpu = 00:00:27 ; elapsed = 00:00:30 . Memory (MB): peak = 2206.730 ; gain = 628.238 ; free physical = 2238 ; free virtual = 8120
Synthesis current peak Physical Memory [PSS] (MB): peak = 1261.921; parent = 1132.312; children = 131.812
Synthesis current peak Virtual Memory [VSS] (MB): peak = 3174.320; parent = 2174.719; children = 999.602
---------------------------------------------------------------------------------
Synthesis finished with 0 errors, 0 critical warnings and 271 warnings.
Synthesis Optimization Runtime : Time (s): cpu = 00:00:25 ; elapsed = 00:00:29 . Memory (MB): peak = 2206.730 ; gain = 473.488 ; free physical = 2267 ; free virtual = 8149
Synthesis Optimization Complete : Time (s): cpu = 00:00:27 ; elapsed = 00:00:31 . Memory (MB): peak = 2206.730 ; gain = 628.238 ; free physical = 2255 ; free virtual = 8137
INFO: [Project 1-571] Translating synthesized netlist
Netlist sorting complete. Time (s): cpu = 00:00:00.02 ; elapsed = 00:00:00.02 . Memory (MB): peak = 2206.730 ; gain = 0.000 ; free physical = 2351 ; free virtual = 8233
INFO: [Netlist 29-17] Analyzing 27 Unisim elements for replacement
INFO: [Netlist 29-28] Unisim Transformation completed in 0 CPU seconds
INFO: [Project 1-570] Preparing netlist for logic optimization
INFO: [Opt 31-138] Pushed 0 inverter(s) to 0 load pin(s).
Netlist sorting complete. Time (s): cpu = 00:00:00 ; elapsed = 00:00:00 . Memory (MB): peak = 2206.730 ; gain = 0.000 ; free physical = 2261 ; free virtual = 8143
INFO: [Project 1-111] Unisim Transformation Summary:
  A total of 10 instances were transformed.
  RAM16X1D => RAM32X1D (RAMD32(x2)): 3 instances
  RAM32M => RAM32M (RAMD32(x6), RAMS32(x2)): 5 instances
  RAM32X1D => RAM32X1D (RAMD32(x2)): 2 instances

Synth Design complete, checksum: ea71c230
INFO: [Common 17-83] Releasing license: Synthesis
99 Infos, 143 Warnings, 0 Critical Warnings and 0 Errors encountered.
synth_design completed successfully
synth_design: Time (s): cpu = 00:00:34 ; elapsed = 00:00:36 . Memory (MB): peak = 2206.730 ; gain = 881.426 ; free physical = 2490 ; free virtual = 8372
INFO: [Common 17-1381] The checkpoint '/home/raincorn/pluto/plutosdr-fw/hdl/projects/tjd/tjd.runs/system_axi_ad9361_dac_dma_0_synth_1/system_axi_ad9361_dac_dma_0.dcp' has been generated.
INFO: [Coretcl 2-1648] Added synthesis output to IP cache for IP system_axi_ad9361_dac_dma_0, cache-ID = 062149e72528d031
INFO: [Coretcl 2-1174] Renamed 30 cell refs.
INFO: [Common 17-1381] The checkpoint '/home/raincorn/pluto/plutosdr-fw/hdl/projects/tjd/tjd.runs/system_axi_ad9361_dac_dma_0_synth_1/system_axi_ad9361_dac_dma_0.dcp' has been generated.
INFO: [runtcl-4] Executing : report_utilization -file system_axi_ad9361_dac_dma_0_utilization_synth.rpt -pb system_axi_ad9361_dac_dma_0_utilization_synth.pb
INFO: [Common 17-206] Exiting Vivado at Wed Feb  7 20:10:08 2024...
